{"total": {"lines":{"total":2173,"covered":337,"skipped":0,"pct":15.5},"statements":{"total":2192,"covered":338,"skipped":0,"pct":15.41},"functions":{"total":278,"covered":39,"skipped":0,"pct":14.02},"branches":{"total":1024,"covered":106,"skipped":0,"pct":10.35},"branchesTrue":{"total":0,"covered":0,"skipped":0,"pct":100}}
,"/Users/edsaga/stylesnprofiles/server/db.js": {"lines":{"total":31,"covered":28,"skipped":0,"pct":90.32},"functions":{"total":3,"covered":3,"skipped":0,"pct":100},"statements":{"total":32,"covered":29,"skipped":0,"pct":90.62},"branches":{"total":14,"covered":8,"skipped":0,"pct":57.14}}
,"/Users/edsaga/stylesnprofiles/server/server-legacy.js": {"lines":{"total":38,"covered":0,"skipped":0,"pct":0},"functions":{"total":7,"covered":0,"skipped":0,"pct":0},"statements":{"total":38,"covered":0,"skipped":0,"pct":0},"branches":{"total":8,"covered":0,"skipped":0,"pct":0}}
,"/Users/edsaga/stylesnprofiles/server/server.js": {"lines":{"total":45,"covered":0,"skipped":0,"pct":0},"functions":{"total":7,"covered":0,"skipped":0,"pct":0},"statements":{"total":45,"covered":0,"skipped":0,"pct":0},"branches":{"total":8,"covered":0,"skipped":0,"pct":0}}
,"/Users/edsaga/stylesnprofiles/server/test-api-spec.js": {"lines":{"total":129,"covered":0,"skipped":0,"pct":0},"functions":{"total":15,"covered":0,"skipped":0,"pct":0},"statements":{"total":130,"covered":0,"skipped":0,"pct":0},"branches":{"total":40,"covered":0,"skipped":0,"pct":0}}
,"/Users/edsaga/stylesnprofiles/server/test-fixed-server.js": {"lines":{"total":51,"covered":0,"skipped":0,"pct":0},"functions":{"total":4,"covered":0,"skipped":0,"pct":0},"statements":{"total":51,"covered":0,"skipped":0,"pct":0},"branches":{"total":16,"covered":0,"skipped":0,"pct":0}}
,"/Users/edsaga/stylesnprofiles/server/test-real-api.js": {"lines":{"total":92,"covered":0,"skipped":0,"pct":0},"functions":{"total":6,"covered":0,"skipped":0,"pct":0},"statements":{"total":93,"covered":0,"skipped":0,"pct":0},"branches":{"total":34,"covered":0,"skipped":0,"pct":0}}
,"/Users/edsaga/stylesnprofiles/server/test-server.js": {"lines":{"total":48,"covered":0,"skipped":0,"pct":0},"functions":{"total":8,"covered":0,"skipped":0,"pct":0},"statements":{"total":48,"covered":0,"skipped":0,"pct":0},"branches":{"total":21,"covered":0,"skipped":0,"pct":0}}
,"/Users/edsaga/stylesnprofiles/server/middleware/auth.js": {"lines":{"total":52,"covered":19,"skipped":0,"pct":36.53},"functions":{"total":11,"covered":2,"skipped":0,"pct":18.18},"statements":{"total":52,"covered":19,"skipped":0,"pct":36.53},"branches":{"total":35,"covered":6,"skipped":0,"pct":17.14}}
,"/Users/edsaga/stylesnprofiles/server/middleware/cache-enhanced.js": {"lines":{"total":167,"covered":0,"skipped":0,"pct":0},"functions":{"total":36,"covered":0,"skipped":0,"pct":0},"statements":{"total":168,"covered":0,"skipped":0,"pct":0},"branches":{"total":52,"covered":0,"skipped":0,"pct":0}}
,"/Users/edsaga/stylesnprofiles/server/middleware/cache.js": {"lines":{"total":134,"covered":0,"skipped":0,"pct":0},"functions":{"total":24,"covered":0,"skipped":0,"pct":0},"statements":{"total":134,"covered":0,"skipped":0,"pct":0},"branches":{"total":37,"covered":0,"skipped":0,"pct":0}}
,"/Users/edsaga/stylesnprofiles/server/middleware/errorHandler.js": {"lines":{"total":174,"covered":0,"skipped":0,"pct":0},"functions":{"total":45,"covered":0,"skipped":0,"pct":0},"statements":{"total":180,"covered":0,"skipped":0,"pct":0},"branches":{"total":86,"covered":0,"skipped":0,"pct":0}}
,"/Users/edsaga/stylesnprofiles/server/middleware/validation.js": {"lines":{"total":37,"covered":0,"skipped":0,"pct":0},"functions":{"total":5,"covered":0,"skipped":0,"pct":0},"statements":{"total":37,"covered":0,"skipped":0,"pct":0},"branches":{"total":14,"covered":0,"skipped":0,"pct":0}}
,"/Users/edsaga/stylesnprofiles/server/routes/apiProxy.js": {"lines":{"total":32,"covered":28,"skipped":0,"pct":87.5},"functions":{"total":1,"covered":1,"skipped":0,"pct":100},"statements":{"total":32,"covered":28,"skipped":0,"pct":87.5},"branches":{"total":18,"covered":13,"skipped":0,"pct":72.22}}
,"/Users/edsaga/stylesnprofiles/server/routes/auth.js": {"lines":{"total":78,"covered":25,"skipped":0,"pct":32.05},"functions":{"total":4,"covered":2,"skipped":0,"pct":50},"statements":{"total":78,"covered":25,"skipped":0,"pct":32.05},"branches":{"total":32,"covered":2,"skipped":0,"pct":6.25}}
,"/Users/edsaga/stylesnprofiles/server/routes/collections.js": {"lines":{"total":74,"covered":30,"skipped":0,"pct":40.54},"functions":{"total":8,"covered":3,"skipped":0,"pct":37.5},"statements":{"total":74,"covered":30,"skipped":0,"pct":40.54},"branches":{"total":24,"covered":4,"skipped":0,"pct":16.66}}
,"/Users/edsaga/stylesnprofiles/server/routes/favorites.js": {"lines":{"total":40,"covered":23,"skipped":0,"pct":57.5},"functions":{"total":4,"covered":2,"skipped":0,"pct":50},"statements":{"total":40,"covered":23,"skipped":0,"pct":57.5},"branches":{"total":10,"covered":3,"skipped":0,"pct":30}}
,"/Users/edsaga/stylesnprofiles/server/routes/resourceNavigator.js": {"lines":{"total":38,"covered":32,"skipped":0,"pct":84.21},"functions":{"total":7,"covered":7,"skipped":0,"pct":100},"statements":{"total":38,"covered":32,"skipped":0,"pct":84.21},"branches":{"total":4,"covered":4,"skipped":0,"pct":100}}
,"/Users/edsaga/stylesnprofiles/server/services/authService.js": {"lines":{"total":33,"covered":32,"skipped":0,"pct":96.96},"functions":{"total":4,"covered":4,"skipped":0,"pct":100},"statements":{"total":33,"covered":32,"skipped":0,"pct":96.96},"branches":{"total":8,"covered":6,"skipped":0,"pct":75}}
,"/Users/edsaga/stylesnprofiles/server/services/collectionsService.js": {"lines":{"total":205,"covered":66,"skipped":0,"pct":32.19},"functions":{"total":13,"covered":9,"skipped":0,"pct":69.23},"statements":{"total":205,"covered":66,"skipped":0,"pct":32.19},"branches":{"total":125,"covered":37,"skipped":0,"pct":29.6}}
,"/Users/edsaga/stylesnprofiles/server/services/collectionsServiceOptimized.js": {"lines":{"total":326,"covered":0,"skipped":0,"pct":0},"functions":{"total":31,"covered":0,"skipped":0,"pct":0},"statements":{"total":330,"covered":0,"skipped":0,"pct":0},"branches":{"total":194,"covered":0,"skipped":0,"pct":0}}
,"/Users/edsaga/stylesnprofiles/server/services/favoritesService.js": {"lines":{"total":132,"covered":54,"skipped":0,"pct":40.9},"functions":{"total":9,"covered":6,"skipped":0,"pct":66.66},"statements":{"total":132,"covered":54,"skipped":0,"pct":40.9},"branches":{"total":88,"covered":23,"skipped":0,"pct":26.13}}
,"/Users/edsaga/stylesnprofiles/server/services/favoritesServiceOptimized.js": {"lines":{"total":217,"covered":0,"skipped":0,"pct":0},"functions":{"total":26,"covered":0,"skipped":0,"pct":0},"statements":{"total":222,"covered":0,"skipped":0,"pct":0},"branches":{"total":156,"covered":0,"skipped":0,"pct":0}}
}
