{"total": {"lines":{"total":2256,"covered":316,"skipped":0,"pct":14},"statements":{"total":2274,"covered":317,"skipped":0,"pct":13.94},"functions":{"total":286,"covered":31,"skipped":0,"pct":10.83},"branches":{"total":1059,"covered":112,"skipped":0,"pct":10.57},"branchesTrue":{"total":0,"covered":0,"skipped":0,"pct":100}}
,"/Users/edsaga/stylesnprofiles/server/db.js": {"lines":{"total":46,"covered":13,"skipped":0,"pct":28.26},"functions":{"total":5,"covered":3,"skipped":0,"pct":60},"statements":{"total":47,"covered":14,"skipped":0,"pct":29.78},"branches":{"total":17,"covered":6,"skipped":0,"pct":35.29}}
,"/Users/edsaga/stylesnprofiles/server/server-legacy.js": {"lines":{"total":38,"covered":0,"skipped":0,"pct":0},"functions":{"total":7,"covered":0,"skipped":0,"pct":0},"statements":{"total":38,"covered":0,"skipped":0,"pct":0},"branches":{"total":8,"covered":0,"skipped":0,"pct":0}}
,"/Users/edsaga/stylesnprofiles/server/server.js": {"lines":{"total":50,"covered":0,"skipped":0,"pct":0},"functions":{"total":8,"covered":0,"skipped":0,"pct":0},"statements":{"total":50,"covered":0,"skipped":0,"pct":0},"branches":{"total":10,"covered":0,"skipped":0,"pct":0}}
,"/Users/edsaga/stylesnprofiles/server/test-api-spec.js": {"lines":{"total":130,"covered":0,"skipped":0,"pct":0},"functions":{"total":15,"covered":0,"skipped":0,"pct":0},"statements":{"total":131,"covered":0,"skipped":0,"pct":0},"branches":{"total":40,"covered":0,"skipped":0,"pct":0}}
,"/Users/edsaga/stylesnprofiles/server/test-fixed-server.js": {"lines":{"total":52,"covered":0,"skipped":0,"pct":0},"functions":{"total":4,"covered":0,"skipped":0,"pct":0},"statements":{"total":52,"covered":0,"skipped":0,"pct":0},"branches":{"total":16,"covered":0,"skipped":0,"pct":0}}
,"/Users/edsaga/stylesnprofiles/server/test-real-api.js": {"lines":{"total":92,"covered":0,"skipped":0,"pct":0},"functions":{"total":6,"covered":0,"skipped":0,"pct":0},"statements":{"total":93,"covered":0,"skipped":0,"pct":0},"branches":{"total":34,"covered":0,"skipped":0,"pct":0}}
,"/Users/edsaga/stylesnprofiles/server/test-server.js": {"lines":{"total":48,"covered":0,"skipped":0,"pct":0},"functions":{"total":8,"covered":0,"skipped":0,"pct":0},"statements":{"total":48,"covered":0,"skipped":0,"pct":0},"branches":{"total":21,"covered":0,"skipped":0,"pct":0}}
,"/Users/edsaga/stylesnprofiles/server/middleware/auth.js": {"lines":{"total":52,"covered":11,"skipped":0,"pct":21.15},"functions":{"total":11,"covered":0,"skipped":0,"pct":0},"statements":{"total":52,"covered":11,"skipped":0,"pct":21.15},"branches":{"total":35,"covered":0,"skipped":0,"pct":0}}
,"/Users/edsaga/stylesnprofiles/server/middleware/cache-enhanced.js": {"lines":{"total":167,"covered":0,"skipped":0,"pct":0},"functions":{"total":36,"covered":0,"skipped":0,"pct":0},"statements":{"total":168,"covered":0,"skipped":0,"pct":0},"branches":{"total":52,"covered":0,"skipped":0,"pct":0}}
,"/Users/edsaga/stylesnprofiles/server/middleware/cache.js": {"lines":{"total":133,"covered":0,"skipped":0,"pct":0},"functions":{"total":24,"covered":0,"skipped":0,"pct":0},"statements":{"total":133,"covered":0,"skipped":0,"pct":0},"branches":{"total":37,"covered":0,"skipped":0,"pct":0}}
,"/Users/edsaga/stylesnprofiles/server/middleware/errorHandler.js": {"lines":{"total":174,"covered":0,"skipped":0,"pct":0},"functions":{"total":45,"covered":0,"skipped":0,"pct":0},"statements":{"total":180,"covered":0,"skipped":0,"pct":0},"branches":{"total":86,"covered":0,"skipped":0,"pct":0}}
,"/Users/edsaga/stylesnprofiles/server/middleware/validation.js": {"lines":{"total":37,"covered":0,"skipped":0,"pct":0},"functions":{"total":5,"covered":0,"skipped":0,"pct":0},"statements":{"total":37,"covered":0,"skipped":0,"pct":0},"branches":{"total":14,"covered":0,"skipped":0,"pct":0}}
,"/Users/edsaga/stylesnprofiles/server/routes/apiProxy.js": {"lines":{"total":32,"covered":28,"skipped":0,"pct":87.5},"functions":{"total":1,"covered":1,"skipped":0,"pct":100},"statements":{"total":32,"covered":28,"skipped":0,"pct":87.5},"branches":{"total":18,"covered":13,"skipped":0,"pct":72.22}}
,"/Users/edsaga/stylesnprofiles/server/routes/auth.js": {"lines":{"total":78,"covered":13,"skipped":0,"pct":16.66},"functions":{"total":4,"covered":0,"skipped":0,"pct":0},"statements":{"total":78,"covered":13,"skipped":0,"pct":16.66},"branches":{"total":32,"covered":0,"skipped":0,"pct":0}}
,"/Users/edsaga/stylesnprofiles/server/routes/collections.js": {"lines":{"total":74,"covered":15,"skipped":0,"pct":20.27},"functions":{"total":8,"covered":0,"skipped":0,"pct":0},"statements":{"total":74,"covered":15,"skipped":0,"pct":20.27},"branches":{"total":24,"covered":0,"skipped":0,"pct":0}}
,"/Users/edsaga/stylesnprofiles/server/routes/favorites.js": {"lines":{"total":40,"covered":11,"skipped":0,"pct":27.5},"functions":{"total":4,"covered":0,"skipped":0,"pct":0},"statements":{"total":40,"covered":11,"skipped":0,"pct":27.5},"branches":{"total":10,"covered":0,"skipped":0,"pct":0}}
,"/Users/edsaga/stylesnprofiles/server/routes/resourceNavigator.js": {"lines":{"total":92,"covered":55,"skipped":0,"pct":59.78},"functions":{"total":13,"covered":7,"skipped":0,"pct":53.84},"statements":{"total":92,"covered":55,"skipped":0,"pct":59.78},"branches":{"total":28,"covered":18,"skipped":0,"pct":64.28}}
,"/Users/edsaga/stylesnprofiles/server/services/authService.js": {"lines":{"total":35,"covered":34,"skipped":0,"pct":97.14},"functions":{"total":4,"covered":4,"skipped":0,"pct":100},"statements":{"total":35,"covered":34,"skipped":0,"pct":97.14},"branches":{"total":14,"covered":9,"skipped":0,"pct":64.28}}
,"/Users/edsaga/stylesnprofiles/server/services/collectionsService.js": {"lines":{"total":206,"covered":80,"skipped":0,"pct":38.83},"functions":{"total":13,"covered":10,"skipped":0,"pct":76.92},"statements":{"total":206,"covered":80,"skipped":0,"pct":38.83},"branches":{"total":125,"covered":42,"skipped":0,"pct":33.6}}
,"/Users/edsaga/stylesnprofiles/server/services/collectionsServiceOptimized.js": {"lines":{"total":325,"covered":0,"skipped":0,"pct":0},"functions":{"total":30,"covered":0,"skipped":0,"pct":0},"statements":{"total":328,"covered":0,"skipped":0,"pct":0},"branches":{"total":194,"covered":0,"skipped":0,"pct":0}}
,"/Users/edsaga/stylesnprofiles/server/services/favoritesService.js": {"lines":{"total":138,"covered":56,"skipped":0,"pct":40.57},"functions":{"total":9,"covered":6,"skipped":0,"pct":66.66},"statements":{"total":138,"covered":56,"skipped":0,"pct":40.57},"branches":{"total":88,"covered":24,"skipped":0,"pct":27.27}}
,"/Users/edsaga/stylesnprofiles/server/services/favoritesServiceOptimized.js": {"lines":{"total":217,"covered":0,"skipped":0,"pct":0},"functions":{"total":26,"covered":0,"skipped":0,"pct":0},"statements":{"total":222,"covered":0,"skipped":0,"pct":0},"branches":{"total":156,"covered":0,"skipped":0,"pct":0}}
}
