TN:
SF:db.js
FN:15,(anonymous_0)
FN:20,(anonymous_1)
FN:43,(anonymous_2)
FN:88,(anonymous_3)
FN:98,(anonymous_4)
FNF:5
FNH:3
FNDA:0,(anonymous_0)
FNDA:0,(anonymous_1)
FNDA:3,(anonymous_2)
FNDA:18,(anonymous_3)
FNDA:2,(anonymous_4)
DA:1,8
DA:7,8
DA:15,8
DA:16,0
DA:17,0
DA:20,4
DA:21,0
DA:32,4
DA:33,4
DA:43,4
DA:44,3
DA:45,3
DA:46,0
DA:48,0
DA:49,0
DA:50,0
DA:51,0
DA:52,0
DA:55,0
DA:56,0
DA:57,0
DA:58,0
DA:59,0
DA:62,0
DA:63,0
DA:64,0
DA:65,0
DA:66,0
DA:68,0
DA:70,0
DA:71,0
DA:73,0
DA:75,0
DA:76,0
DA:88,18
DA:98,4
DA:99,2
DA:100,0
DA:101,0
DA:102,0
DA:103,0
DA:104,0
DA:106,0
DA:107,0
DA:109,0
DA:113,4
LF:46
LH:13
BRDA:8,0,0,8
BRDA:8,0,1,0
BRDA:9,1,0,8
BRDA:9,1,1,0
BRDA:10,2,0,8
BRDA:10,2,1,8
BRDA:11,3,0,8
BRDA:11,3,1,0
BRDA:12,4,0,8
BRDA:12,4,1,0
BRDA:21,5,0,0
BRDA:21,5,1,0
BRDA:75,6,0,0
BRDA:75,6,1,0
BRDA:75,7,0,0
BRDA:75,7,1,0
BRDA:75,7,2,0
BRF:17
BRH:6
end_of_record
TN:
SF:server-legacy.js
FN:102,(anonymous_0)
FN:134,(anonymous_1)
FN:139,(anonymous_2)
FN:157,(anonymous_3)
FN:166,(anonymous_4)
FN:177,(anonymous_5)
FN:190,(anonymous_6)
FNF:7
FNH:0
FNDA:0,(anonymous_0)
FNDA:0,(anonymous_1)
FNDA:0,(anonymous_2)
FNDA:0,(anonymous_3)
FNDA:0,(anonymous_4)
FNDA:0,(anonymous_5)
FNDA:0,(anonymous_6)
DA:25,0
DA:26,0
DA:27,0
DA:28,0
DA:29,0
DA:30,0
DA:31,0
DA:32,0
DA:33,0
DA:39,0
DA:45,0
DA:48,0
DA:63,0
DA:73,0
DA:77,0
DA:87,0
DA:94,0
DA:104,0
DA:105,0
DA:106,0
DA:108,0
DA:117,0
DA:135,0
DA:136,0
DA:137,0
DA:139,0
DA:142,0
DA:148,0
DA:150,0
DA:157,0
DA:158,0
DA:166,0
DA:167,0
DA:177,0
DA:178,0
DA:179,0
DA:190,0
DA:191,0
LF:38
LH:0
BRDA:45,0,0,0
BRDA:45,0,1,0
BRDA:80,1,0,0
BRDA:80,1,1,0
BRDA:105,2,0,0
BRDA:105,2,1,0
BRDA:136,3,0,0
BRDA:136,3,1,0
BRF:8
BRH:0
end_of_record
TN:
SF:server.js
FN:107,(anonymous_0)
FN:139,(anonymous_1)
FN:144,(anonymous_2)
FN:160,(anonymous_3)
FN:182,(anonymous_4)
FN:191,(anonymous_5)
FN:202,(anonymous_6)
FN:215,(anonymous_7)
FNF:8
FNH:0
FNDA:0,(anonymous_0)
FNDA:0,(anonymous_1)
FNDA:0,(anonymous_2)
FNDA:0,(anonymous_3)
FNDA:0,(anonymous_4)
FNDA:0,(anonymous_5)
FNDA:0,(anonymous_6)
FNDA:0,(anonymous_7)
DA:25,0
DA:26,0
DA:27,0
DA:28,0
DA:29,0
DA:30,0
DA:31,0
DA:32,0
DA:33,0
DA:34,0
DA:35,0
DA:37,0
DA:43,0
DA:44,0
DA:50,0
DA:53,0
DA:68,0
DA:78,0
DA:82,0
DA:92,0
DA:99,0
DA:109,0
DA:110,0
DA:111,0
DA:113,0
DA:122,0
DA:140,0
DA:141,0
DA:142,0
DA:144,0
DA:147,0
DA:153,0
DA:155,0
DA:157,0
DA:160,0
DA:162,0
DA:163,0
DA:168,0
DA:170,0
DA:174,0
DA:175,0
DA:182,0
DA:183,0
DA:191,0
DA:192,0
DA:202,0
DA:203,0
DA:204,0
DA:215,0
DA:216,0
LF:50
LH:0
BRDA:50,0,0,0
BRDA:50,0,1,0
BRDA:85,1,0,0
BRDA:85,1,1,0
BRDA:110,2,0,0
BRDA:110,2,1,0
BRDA:141,3,0,0
BRDA:141,3,1,0
BRDA:162,4,0,0
BRDA:162,4,1,0
BRF:10
BRH:0
end_of_record
TN:
SF:test-api-spec.js
FN:37,log
FN:44,testApi
FN:56,(anonymous_2)
FN:123,testNasaApiProxy
FN:180,testResourceNavigator
FN:250,testVersion1Api
FN:277,testSystemEndpoints
FN:318,validateOpenApiSpec
FN:355,printSummary
FN:370,(anonymous_9)
FN:371,(anonymous_10)
FN:377,(anonymous_11)
FN:393,runTests
FN:424,(anonymous_13)
FN:432,(anonymous_14)
FNF:15
FNH:0
FNDA:0,log
FNDA:0,testApi
FNDA:0,(anonymous_2)
FNDA:0,testNasaApiProxy
FNDA:0,testResourceNavigator
FNDA:0,testVersion1Api
FNDA:0,testSystemEndpoints
FNDA:0,validateOpenApiSpec
FNDA:0,printSummary
FNDA:0,(anonymous_9)
FNDA:0,(anonymous_10)
FNDA:0,(anonymous_11)
FNDA:0,runTests
FNDA:0,(anonymous_13)
FNDA:0,(anonymous_14)
DA:8,0
DA:9,0
DA:10,0
DA:13,0
DA:14,0
DA:15,0
DA:18,0
DA:26,0
DA:38,0
DA:45,0
DA:47,0
DA:48,0
DA:49,0
DA:50,0
DA:52,0
DA:56,0
DA:59,0
DA:60,0
DA:61,0
DA:64,0
DA:65,0
DA:66,0
DA:68,0
DA:70,0
DA:71,0
DA:72,0
DA:75,0
DA:76,0
DA:77,0
DA:78,0
DA:80,0
DA:83,0
DA:84,0
DA:85,0
DA:88,0
DA:99,0
DA:102,0
DA:103,0
DA:105,0
DA:116,0
DA:124,0
DA:127,0
DA:137,0
DA:147,0
DA:157,0
DA:167,0
DA:181,0
DA:184,0
DA:194,0
DA:204,0
DA:213,0
DA:223,0
DA:227,0
DA:237,0
DA:251,0
DA:254,0
DA:264,0
DA:278,0
DA:281,0
DA:291,0
DA:303,0
DA:304,0
DA:319,0
DA:321,0
DA:322,0
DA:325,0
DA:326,0
DA:327,0
DA:328,0
DA:330,0
DA:331,0
DA:332,0
DA:334,0
DA:335,0
DA:338,0
DA:341,0
DA:342,0
DA:343,0
DA:346,0
DA:347,0
DA:348,0
DA:356,0
DA:357,0
DA:358,0
DA:360,0
DA:361,0
DA:362,0
DA:364,0
DA:365,0
DA:367,0
DA:368,0
DA:369,0
DA:370,0
DA:372,0
DA:376,0
DA:377,0
DA:378,0
DA:379,0
DA:380,0
DA:383,0
DA:384,0
DA:385,0
DA:387,0
DA:394,0
DA:395,0
DA:396,0
DA:399,0
DA:400,0
DA:401,0
DA:403,0
DA:404,0
DA:405,0
DA:406,0
DA:410,0
DA:411,0
DA:412,0
DA:413,0
DA:414,0
DA:417,0
DA:420,0
DA:424,0
DA:425,0
DA:426,0
DA:427,0
DA:431,0
DA:432,0
DA:433,0
DA:434,0
DA:435,0
DA:439,0
LF:130
LH:0
BRDA:37,0,0,0
BRDA:44,1,0,0
BRDA:44,2,0,0
BRDA:44,3,0,0
BRDA:49,4,0,0
BRDA:49,4,1,0
BRDA:59,5,0,0
BRDA:59,5,1,0
BRDA:70,6,0,0
BRDA:70,6,1,0
BRDA:75,7,0,0
BRDA:75,7,1,0
BRDA:308,8,0,0
BRDA:308,8,1,0
BRDA:330,9,0,0
BRDA:330,9,1,0
BRDA:330,10,0,0
BRDA:330,10,1,0
BRDA:330,10,2,0
BRDA:330,10,3,0
BRDA:342,11,0,0
BRDA:342,11,1,0
BRDA:364,12,0,0
BRDA:364,12,1,0
BRDA:365,13,0,0
BRDA:365,13,1,0
BRDA:365,14,0,0
BRDA:365,14,1,0
BRDA:367,15,0,0
BRDA:367,15,1,0
BRDA:372,16,0,0
BRDA:372,16,1,0
BRDA:378,17,0,0
BRDA:378,17,1,0
BRDA:379,18,0,0
BRDA:379,18,1,0
BRDA:420,19,0,0
BRDA:420,19,1,0
BRDA:431,20,0,0
BRDA:431,20,1,0
BRF:40
BRH:0
end_of_record
TN:
SF:test-fixed-server.js
FN:12,(anonymous_0)
FN:43,(anonymous_1)
FN:159,(anonymous_2)
FN:171,(anonymous_3)
FNF:4
FNH:0
FNDA:0,(anonymous_0)
FNDA:0,(anonymous_1)
FNDA:0,(anonymous_2)
FNDA:0,(anonymous_3)
DA:8,0
DA:10,0
DA:12,0
DA:13,0
DA:14,0
DA:23,0
DA:24,0
DA:27,0
DA:29,0
DA:35,0
DA:43,0
DA:44,0
DA:46,0
DA:117,0
DA:118,0
DA:120,0
DA:121,0
DA:123,0
DA:124,0
DA:126,0
DA:127,0
DA:128,0
DA:130,0
DA:131,0
DA:132,0
DA:134,0
DA:137,0
DA:138,0
DA:141,0
DA:144,0
DA:145,0
DA:146,0
DA:147,0
DA:149,0
DA:150,0
DA:151,0
DA:153,0
DA:154,0
DA:159,0
DA:160,0
DA:161,0
DA:162,0
DA:164,0
DA:165,0
DA:166,0
DA:167,0
DA:171,0
DA:172,0
DA:173,0
DA:174,0
DA:177,0
DA:180,0
LF:52
LH:0
BRDA:12,0,0,0
BRDA:12,1,0,0
BRDA:23,2,0,0
BRDA:23,2,1,0
BRDA:37,3,0,0
BRDA:37,3,1,0
BRDA:38,4,0,0
BRDA:38,4,1,0
BRDA:126,5,0,0
BRDA:126,5,1,0
BRDA:131,6,0,0
BRDA:131,6,1,0
BRDA:149,7,0,0
BRDA:149,7,1,0
BRDA:173,8,0,0
BRDA:173,8,1,0
BRF:16
BRH:0
end_of_record
TN:
SF:test-real-api.js
FN:23,testServerHealth
FN:41,testApodApi
FN:53,(anonymous_2)
FN:86,testDateSpecificApod
FN:109,main
FN:158,(anonymous_5)
FNF:6
FNH:0
FNDA:0,testServerHealth
FNDA:0,testApodApi
FNDA:0,(anonymous_2)
FNDA:0,testDateSpecificApod
FNDA:0,main
FNDA:0,(anonymous_5)
DA:11,0
DA:13,0
DA:16,0
DA:24,0
DA:25,0
DA:26,0
DA:28,0
DA:29,0
DA:30,0
DA:31,0
DA:33,0
DA:35,0
DA:36,0
DA:37,0
DA:42,0
DA:43,0
DA:46,0
DA:48,0
DA:49,0
DA:52,0
DA:53,0
DA:55,0
DA:56,0
DA:57,0
DA:58,0
DA:59,0
DA:60,0
DA:61,0
DA:63,0
DA:64,0
DA:67,0
DA:68,0
DA:69,0
DA:71,0
DA:74,0
DA:76,0
DA:77,0
DA:78,0
DA:79,0
DA:81,0
DA:82,0
DA:87,0
DA:88,0
DA:91,0
DA:93,0
DA:94,0
DA:95,0
DA:96,0
DA:97,0
DA:99,0
DA:101,0
DA:103,0
DA:104,0
DA:105,0
DA:110,0
DA:111,0
DA:112,0
DA:113,0
DA:114,0
DA:115,0
DA:117,0
DA:118,0
DA:119,0
DA:120,0
DA:121,0
DA:124,0
DA:125,0
DA:127,0
DA:128,0
DA:129,0
DA:132,0
DA:133,0
DA:134,0
DA:135,0
DA:137,0
DA:138,0
DA:141,0
DA:142,0
DA:143,0
DA:144,0
DA:145,0
DA:146,0
DA:147,0
DA:149,0
DA:150,0
DA:151,0
DA:152,0
DA:157,0
DA:158,0
DA:159,0
DA:160,0
DA:164,0
LF:92
LH:0
BRDA:28,0,0,0
BRDA:28,0,1,0
BRDA:48,1,0,0
BRDA:48,1,1,0
BRDA:48,2,0,0
BRDA:48,2,1,0
BRDA:55,3,0,0
BRDA:55,3,1,0
BRDA:63,4,0,0
BRDA:63,4,1,0
BRDA:77,5,0,0
BRDA:77,5,1,0
BRDA:93,6,0,0
BRDA:93,6,1,0
BRDA:93,7,0,0
BRDA:93,7,1,0
BRDA:118,8,0,0
BRDA:118,8,1,0
BRDA:127,9,0,0
BRDA:127,9,1,0
BRDA:133,10,0,0
BRDA:133,10,1,0
BRDA:134,11,0,0
BRDA:134,11,1,0
BRDA:135,12,0,0
BRDA:135,12,1,0
BRDA:137,13,0,0
BRDA:137,13,1,0
BRDA:142,14,0,0
BRDA:142,14,1,0
BRDA:142,15,0,0
BRDA:142,15,1,0
BRDA:157,16,0,0
BRDA:157,16,1,0
BRF:34
BRH:0
end_of_record
TN:
SF:test-server.js
FN:68,(anonymous_0)
FN:76,(anonymous_1)
FN:110,(anonymous_2)
FN:126,(anonymous_3)
FN:142,(anonymous_4)
FN:153,(anonymous_5)
FN:164,(anonymous_6)
FN:177,(anonymous_7)
FNF:8
FNH:0
FNDA:0,(anonymous_0)
FNDA:0,(anonymous_1)
FNDA:0,(anonymous_2)
FNDA:0,(anonymous_3)
FNDA:0,(anonymous_4)
FNDA:0,(anonymous_5)
FNDA:0,(anonymous_6)
FNDA:0,(anonymous_7)
DA:6,0
DA:7,0
DA:8,0
DA:9,0
DA:10,0
DA:21,0
DA:27,0
DA:33,0
DA:36,0
DA:39,0
DA:40,0
DA:43,0
DA:55,0
DA:63,0
DA:64,0
DA:65,0
DA:68,0
DA:69,0
DA:70,0
DA:71,0
DA:72,0
DA:76,0
DA:77,0
DA:78,0
DA:80,0
DA:96,0
DA:97,0
DA:108,0
DA:111,0
DA:124,0
DA:127,0
DA:136,0
DA:140,0
DA:143,0
DA:153,0
DA:154,0
DA:164,0
DA:165,0
DA:166,0
DA:177,0
DA:178,0
DA:179,0
DA:180,0
DA:181,0
DA:182,0
DA:183,0
DA:184,0
DA:187,0
LF:48
LH:0
BRDA:36,0,0,0
BRDA:36,0,1,0
BRDA:36,0,2,0
BRDA:36,0,3,0
BRDA:36,0,4,0
BRDA:36,0,5,0
BRDA:36,0,6,0
BRDA:36,0,7,0
BRDA:36,0,8,0
BRDA:40,1,0,0
BRDA:40,1,1,0
BRDA:56,2,0,0
BRDA:56,2,1,0
BRDA:87,3,0,0
BRDA:87,3,1,0
BRDA:166,4,0,0
BRDA:166,4,1,0
BRDA:169,5,0,0
BRDA:169,5,1,0
BRDA:170,6,0,0
BRDA:170,6,1,0
BRF:21
BRH:0
end_of_record
TN:
SF:middleware/auth.js
FN:38,(anonymous_0)
FN:52,(anonymous_1)
FN:101,(anonymous_2)
FN:109,(anonymous_3)
FN:136,(anonymous_4)
FN:137,(anonymous_5)
FN:228,(anonymous_6)
FN:292,(anonymous_7)
FN:300,(anonymous_8)
FN:333,(anonymous_9)
FN:341,(anonymous_10)
FNF:11
FNH:0
FNDA:0,(anonymous_0)
FNDA:0,(anonymous_1)
FNDA:0,(anonymous_2)
FNDA:0,(anonymous_3)
FNDA:0,(anonymous_4)
FNDA:0,(anonymous_5)
FNDA:0,(anonymous_6)
FNDA:0,(anonymous_7)
FNDA:0,(anonymous_8)
FNDA:0,(anonymous_9)
FNDA:0,(anonymous_10)
DA:15,1
DA:16,1
DA:38,1
DA:39,0
DA:40,0
DA:42,0
DA:43,0
DA:52,0
DA:53,0
DA:60,0
DA:65,0
DA:66,0
DA:74,0
DA:75,0
DA:101,1
DA:102,0
DA:103,0
DA:105,0
DA:106,0
DA:109,0
DA:110,0
DA:111,0
DA:113,0
DA:136,1
DA:137,0
DA:138,0
DA:139,0
DA:148,0
DA:149,0
DA:158,0
DA:168,1
DA:187,1
DA:228,1
DA:229,0
DA:230,0
DA:237,0
DA:239,0
DA:246,0
DA:252,0
DA:268,1
DA:293,0
DA:294,0
DA:295,0
DA:300,0
DA:307,0
DA:318,1
DA:334,0
DA:335,0
DA:336,0
DA:341,0
DA:348,0
DA:364,1
LF:52
LH:11
BRDA:40,0,0,0
BRDA:40,0,1,0
BRDA:42,1,0,0
BRDA:42,1,1,0
BRDA:53,2,0,0
BRDA:53,2,1,0
BRDA:54,3,0,0
BRDA:54,3,1,0
BRDA:54,3,2,0
BRDA:54,3,3,0
BRDA:65,4,0,0
BRDA:65,4,1,0
BRDA:103,5,0,0
BRDA:103,5,1,0
BRDA:105,6,0,0
BRDA:105,6,1,0
BRDA:110,7,0,0
BRDA:110,7,1,0
BRDA:136,8,0,0
BRDA:138,9,0,0
BRDA:138,9,1,0
BRDA:148,10,0,0
BRDA:148,10,1,0
BRDA:148,11,0,0
BRDA:148,11,1,0
BRDA:229,12,0,0
BRDA:229,12,1,0
BRDA:237,13,0,0
BRDA:237,13,1,0
BRDA:237,13,2,0
BRDA:237,13,3,0
BRDA:294,14,0,0
BRDA:294,14,1,0
BRDA:335,15,0,0
BRDA:335,15,1,0
BRF:35
BRH:0
end_of_record
TN:
SF:middleware/cache-enhanced.js
FN:34,(anonymous_0)
FN:61,(anonymous_1)
FN:66,(anonymous_2)
FN:71,(anonymous_3)
FN:75,(anonymous_4)
FN:85,(anonymous_5)
FN:90,(anonymous_6)
FN:108,(anonymous_7)
FN:167,(anonymous_8)
FN:206,(anonymous_9)
FN:228,(anonymous_10)
FN:250,(anonymous_11)
FN:263,(anonymous_12)
FN:264,(anonymous_13)
FN:270,(anonymous_14)
FN:306,(anonymous_15)
FN:310,(anonymous_16)
FN:312,(anonymous_17)
FN:347,(anonymous_18)
FN:348,(anonymous_19)
FN:351,(anonymous_20)
FN:357,(anonymous_21)
FN:381,(anonymous_22)
FN:388,(anonymous_23)
FN:395,(anonymous_24)
FN:403,(anonymous_25)
FN:407,(anonymous_26)
FN:413,(anonymous_27)
FN:434,(anonymous_28)
FN:447,(anonymous_29)
FN:448,(anonymous_30)
FN:449,(anonymous_31)
FN:478,(anonymous_32)
FN:507,(anonymous_33)
FN:508,(anonymous_34)
FN:523,(anonymous_35)
FNF:36
FNH:0
FNDA:0,(anonymous_0)
FNDA:0,(anonymous_1)
FNDA:0,(anonymous_2)
FNDA:0,(anonymous_3)
FNDA:0,(anonymous_4)
FNDA:0,(anonymous_5)
FNDA:0,(anonymous_6)
FNDA:0,(anonymous_7)
FNDA:0,(anonymous_8)
FNDA:0,(anonymous_9)
FNDA:0,(anonymous_10)
FNDA:0,(anonymous_11)
FNDA:0,(anonymous_12)
FNDA:0,(anonymous_13)
FNDA:0,(anonymous_14)
FNDA:0,(anonymous_15)
FNDA:0,(anonymous_16)
FNDA:0,(anonymous_17)
FNDA:0,(anonymous_18)
FNDA:0,(anonymous_19)
FNDA:0,(anonymous_20)
FNDA:0,(anonymous_21)
FNDA:0,(anonymous_22)
FNDA:0,(anonymous_23)
FNDA:0,(anonymous_24)
FNDA:0,(anonymous_25)
FNDA:0,(anonymous_26)
FNDA:0,(anonymous_27)
FNDA:0,(anonymous_28)
FNDA:0,(anonymous_29)
FNDA:0,(anonymous_30)
FNDA:0,(anonymous_31)
FNDA:0,(anonymous_32)
FNDA:0,(anonymous_33)
FNDA:0,(anonymous_34)
FNDA:0,(anonymous_35)
DA:15,0
DA:16,0
DA:19,0
DA:26,0
DA:27,0
DA:28,0
DA:31,0
DA:35,0
DA:36,0
DA:37,0
DA:39,0
DA:40,0
DA:41,0
DA:61,0
DA:62,0
DA:66,0
DA:67,0
DA:68,0
DA:71,0
DA:72,0
DA:75,0
DA:76,0
DA:81,0
DA:85,0
DA:86,0
DA:87,0
DA:90,0
DA:91,0
DA:108,0
DA:109,0
DA:110,0
DA:111,0
DA:112,0
DA:115,0
DA:116,0
DA:122,0
DA:124,0
DA:125,0
DA:127,0
DA:128,0
DA:131,0
DA:132,0
DA:138,0
DA:139,0
DA:140,0
DA:144,0
DA:145,0
DA:146,0
DA:148,0
DA:167,0
DA:168,0
DA:169,0
DA:170,0
DA:173,0
DA:178,0
DA:179,0
DA:185,0
DA:193,0
DA:194,0
DA:203,0
DA:206,0
DA:207,0
DA:210,0
DA:228,0
DA:229,0
DA:230,0
DA:233,0
DA:234,0
DA:236,0
DA:240,0
DA:250,0
DA:251,0
DA:252,0
DA:253,0
DA:254,0
DA:263,0
DA:264,0
DA:265,0
DA:267,0
DA:269,0
DA:270,0
DA:274,0
DA:275,0
DA:281,0
DA:282,0
DA:285,0
DA:286,0
DA:288,0
DA:290,0
DA:298,0
DA:305,0
DA:306,0
DA:308,0
DA:309,0
DA:310,0
DA:313,0
DA:318,0
DA:319,0
DA:321,0
DA:324,0
DA:327,0
DA:335,0
DA:336,0
DA:337,0
DA:347,0
DA:348,0
DA:349,0
DA:350,0
DA:351,0
DA:355,0
DA:356,0
DA:357,0
DA:361,0
DA:368,0
DA:374,0
DA:381,0
DA:382,0
DA:388,0
DA:389,0
DA:395,0
DA:396,0
DA:403,0
DA:404,0
DA:405,0
DA:406,0
DA:407,0
DA:411,0
DA:412,0
DA:413,0
DA:417,0
DA:424,0
DA:434,0
DA:435,0
DA:436,0
DA:437,0
DA:446,0
DA:447,0
DA:448,0
DA:449,0
DA:452,0
DA:461,0
DA:465,0
DA:478,0
DA:479,0
DA:480,0
DA:481,0
DA:484,0
DA:485,0
DA:487,0
DA:496,0
DA:497,0
DA:498,0
DA:499,0
DA:507,0
DA:508,0
DA:511,0
DA:514,0
DA:523,0
DA:524,0
DA:525,0
DA:526,0
DA:527,0
DA:528,0
DA:531,0
DA:538,0
DA:539,0
DA:541,0
LF:167
LH:0
BRDA:32,0,0,0
BRDA:32,0,1,0
BRDA:35,1,0,0
BRDA:35,1,1,0
BRDA:62,2,0,0
BRDA:62,2,1,0
BRDA:110,3,0,0
BRDA:110,3,1,0
BRDA:119,4,0,0
BRDA:119,4,1,0
BRDA:138,5,0,0
BRDA:138,5,1,0
BRDA:169,6,0,0
BRDA:169,6,1,0
BRDA:178,7,0,0
BRDA:178,7,1,0
BRDA:228,8,0,0
BRDA:229,9,0,0
BRDA:229,9,1,0
BRDA:237,10,0,0
BRDA:237,10,1,0
BRDA:250,11,0,0
BRDA:251,12,0,0
BRDA:251,12,1,0
BRDA:252,13,0,0
BRDA:252,13,1,0
BRDA:263,14,0,0
BRDA:263,15,0,0
BRDA:274,16,0,0
BRDA:274,16,1,0
BRDA:278,17,0,0
BRDA:278,17,1,0
BRDA:301,18,0,0
BRDA:301,18,1,0
BRDA:308,19,0,0
BRDA:308,19,1,0
BRDA:308,20,0,0
BRDA:308,20,1,0
BRDA:308,20,2,0
BRDA:355,21,0,0
BRDA:355,21,1,0
BRDA:381,22,0,0
BRDA:388,23,0,0
BRDA:395,24,0,0
BRDA:411,25,0,0
BRDA:411,25,1,0
BRDA:436,26,0,0
BRDA:436,26,1,0
BRDA:479,27,0,0
BRDA:479,27,1,0
BRDA:525,28,0,0
BRDA:525,28,1,0
BRF:52
BRH:0
end_of_record
TN:
SF:middleware/cache.js
FN:22,(anonymous_0)
FN:52,(anonymous_1)
FN:57,(anonymous_2)
FN:62,(anonymous_3)
FN:66,(anonymous_4)
FN:72,(anonymous_5)
FN:77,(anonymous_6)
FN:95,(anonymous_7)
FN:112,(anonymous_8)
FN:133,(anonymous_9)
FN:159,(anonymous_10)
FN:160,(anonymous_11)
FN:188,(anonymous_12)
FN:192,(anonymous_13)
FN:227,(anonymous_14)
FN:228,(anonymous_15)
FN:258,(anonymous_16)
FN:272,(anonymous_17)
FN:286,(anonymous_18)
FN:302,(anonymous_19)
FN:336,(anonymous_20)
FN:370,(anonymous_21)
FN:403,(anonymous_22)
FN:413,(anonymous_23)
FNF:24
FNH:0
FNDA:0,(anonymous_0)
FNDA:0,(anonymous_1)
FNDA:0,(anonymous_2)
FNDA:0,(anonymous_3)
FNDA:0,(anonymous_4)
FNDA:0,(anonymous_5)
FNDA:0,(anonymous_6)
FNDA:0,(anonymous_7)
FNDA:0,(anonymous_8)
FNDA:0,(anonymous_9)
FNDA:0,(anonymous_10)
FNDA:0,(anonymous_11)
FNDA:0,(anonymous_12)
FNDA:0,(anonymous_13)
FNDA:0,(anonymous_14)
FNDA:0,(anonymous_15)
FNDA:0,(anonymous_16)
FNDA:0,(anonymous_17)
FNDA:0,(anonymous_18)
FNDA:0,(anonymous_19)
FNDA:0,(anonymous_20)
FNDA:0,(anonymous_21)
FNDA:0,(anonymous_22)
FNDA:0,(anonymous_23)
DA:15,0
DA:19,0
DA:23,0
DA:24,0
DA:25,0
DA:27,0
DA:28,0
DA:29,0
DA:39,0
DA:52,0
DA:53,0
DA:57,0
DA:58,0
DA:59,0
DA:62,0
DA:63,0
DA:66,0
DA:67,0
DA:68,0
DA:72,0
DA:73,0
DA:74,0
DA:77,0
DA:78,0
DA:95,0
DA:96,0
DA:97,0
DA:98,0
DA:99,0
DA:100,0
DA:102,0
DA:104,0
DA:105,0
DA:107,0
DA:112,0
DA:113,0
DA:114,0
DA:133,0
DA:134,0
DA:135,0
DA:136,0
DA:137,0
DA:159,0
DA:160,0
DA:162,0
DA:163,0
DA:164,0
DA:165,0
DA:168,0
DA:170,0
DA:172,0
DA:173,0
DA:174,0
DA:175,0
DA:178,0
DA:179,0
DA:181,0
DA:184,0
DA:187,0
DA:188,0
DA:190,0
DA:191,0
DA:192,0
DA:196,0
DA:197,0
DA:199,0
DA:202,0
DA:204,0
DA:206,0
DA:207,0
DA:227,0
DA:228,0
DA:230,0
DA:231,0
DA:232,0
DA:235,0
DA:236,0
DA:237,0
DA:238,0
DA:239,0
DA:242,0
DA:244,0
DA:258,0
DA:259,0
DA:272,0
DA:273,0
DA:286,0
DA:287,0
DA:302,0
DA:304,0
DA:305,0
DA:306,0
DA:309,0
DA:310,0
DA:311,0
DA:312,0
DA:313,0
DA:314,0
DA:317,0
DA:336,0
DA:337,0
DA:338,0
DA:339,0
DA:340,0
DA:342,0
DA:349,0
DA:350,0
DA:370,0
DA:372,0
DA:373,0
DA:374,0
DA:377,0
DA:378,0
DA:381,0
DA:387,0
DA:388,0
DA:389,0
DA:390,0
DA:396,0
DA:398,0
DA:403,0
DA:404,0
DA:405,0
DA:406,0
DA:408,0
DA:410,0
DA:413,0
DA:414,0
DA:415,0
DA:416,0
DA:418,0
DA:420,0
DA:423,0
LF:133
LH:0
BRDA:20,0,0,0
BRDA:20,0,1,0
BRDA:23,1,0,0
BRDA:23,1,1,0
BRDA:53,2,0,0
BRDA:53,2,1,0
BRDA:97,3,0,0
BRDA:97,3,1,0
BRDA:133,4,0,0
BRDA:134,5,0,0
BRDA:134,5,1,0
BRDA:135,6,0,0
BRDA:135,6,1,0
BRDA:159,7,0,0
BRDA:159,8,0,0
BRDA:162,9,0,0
BRDA:162,9,1,0
BRDA:173,10,0,0
BRDA:173,10,1,0
BRDA:190,11,0,0
BRDA:190,11,1,0
BRDA:190,12,0,0
BRDA:190,12,1,0
BRDA:190,12,2,0
BRDA:230,13,0,0
BRDA:230,13,1,0
BRDA:237,14,0,0
BRDA:237,14,1,0
BRDA:258,15,0,0
BRDA:272,16,0,0
BRDA:286,17,0,0
BRDA:304,18,0,0
BRDA:304,18,1,0
BRDA:312,19,0,0
BRDA:312,19,1,0
BRDA:372,20,0,0
BRDA:372,20,1,0
BRF:37
BRH:0
end_of_record
TN:
SF:middleware/errorHandler.js
FN:37,(anonymous_0)
FN:56,(anonymous_1)
FN:70,(anonymous_2)
FN:85,(anonymous_3)
FN:100,(anonymous_4)
FN:113,(anonymous_5)
FN:126,(anonymous_6)
FN:139,(anonymous_7)
FN:165,(anonymous_8)
FN:183,(anonymous_9)
FN:207,(anonymous_10)
FN:219,(anonymous_11)
FN:235,(anonymous_12)
FN:257,(anonymous_13)
FN:262,(anonymous_14)
FN:274,(anonymous_15)
FN:307,(anonymous_16)
FN:316,(anonymous_17)
FN:325,(anonymous_18)
FN:334,(anonymous_19)
FN:355,(anonymous_20)
FN:372,(anonymous_21)
FN:382,(anonymous_22)
FN:407,(anonymous_23)
FN:408,(anonymous_24)
FN:409,(anonymous_25)
FN:415,(anonymous_26)
FN:418,(anonymous_27)
FN:429,(anonymous_28)
FN:437,(anonymous_29)
FN:464,(anonymous_30)
FN:536,(anonymous_31)
FN:537,(anonymous_32)
FN:556,(anonymous_33)
FN:557,(anonymous_34)
FN:605,(anonymous_35)
FN:608,(anonymous_36)
FN:609,(anonymous_37)
FN:632,(anonymous_38)
FN:649,(anonymous_39)
FN:666,(anonymous_40)
FN:678,(anonymous_41)
FN:680,(anonymous_42)
FN:692,(anonymous_43)
FN:704,(anonymous_44)
FNF:45
FNH:0
FNDA:0,(anonymous_0)
FNDA:0,(anonymous_1)
FNDA:0,(anonymous_2)
FNDA:0,(anonymous_3)
FNDA:0,(anonymous_4)
FNDA:0,(anonymous_5)
FNDA:0,(anonymous_6)
FNDA:0,(anonymous_7)
FNDA:0,(anonymous_8)
FNDA:0,(anonymous_9)
FNDA:0,(anonymous_10)
FNDA:0,(anonymous_11)
FNDA:0,(anonymous_12)
FNDA:0,(anonymous_13)
FNDA:0,(anonymous_14)
FNDA:0,(anonymous_15)
FNDA:0,(anonymous_16)
FNDA:0,(anonymous_17)
FNDA:0,(anonymous_18)
FNDA:0,(anonymous_19)
FNDA:0,(anonymous_20)
FNDA:0,(anonymous_21)
FNDA:0,(anonymous_22)
FNDA:0,(anonymous_23)
FNDA:0,(anonymous_24)
FNDA:0,(anonymous_25)
FNDA:0,(anonymous_26)
FNDA:0,(anonymous_27)
FNDA:0,(anonymous_28)
FNDA:0,(anonymous_29)
FNDA:0,(anonymous_30)
FNDA:0,(anonymous_31)
FNDA:0,(anonymous_32)
FNDA:0,(anonymous_33)
FNDA:0,(anonymous_34)
FNDA:0,(anonymous_35)
FNDA:0,(anonymous_36)
FNDA:0,(anonymous_37)
FNDA:0,(anonymous_38)
FNDA:0,(anonymous_39)
FNDA:0,(anonymous_40)
FNDA:0,(anonymous_41)
FNDA:0,(anonymous_42)
FNDA:0,(anonymous_43)
FNDA:0,(anonymous_44)
DA:16,0
DA:17,0
DA:38,0
DA:39,0
DA:40,0
DA:41,0
DA:42,0
DA:44,0
DA:57,0
DA:58,0
DA:71,0
DA:72,0
DA:86,0
DA:87,0
DA:88,0
DA:101,0
DA:102,0
DA:114,0
DA:115,0
DA:127,0
DA:128,0
DA:140,0
DA:141,0
DA:166,0
DA:167,0
DA:168,0
DA:170,0
DA:171,0
DA:172,0
DA:173,0
DA:174,0
DA:184,0
DA:185,0
DA:186,0
DA:192,0
DA:193,0
DA:197,0
DA:198,0
DA:199,0
DA:200,0
DA:202,0
DA:203,0
DA:208,0
DA:209,0
DA:210,0
DA:211,0
DA:212,0
DA:213,0
DA:214,0
DA:220,0
DA:221,0
DA:223,0
DA:224,0
DA:225,0
DA:226,0
DA:227,0
DA:236,0
DA:258,0
DA:259,0
DA:263,0
DA:264,0
DA:275,0
DA:276,0
DA:284,0
DA:285,0
DA:286,0
DA:287,0
DA:288,0
DA:290,0
DA:294,0
DA:295,0
DA:296,0
DA:298,0
DA:308,0
DA:317,0
DA:326,0
DA:335,0
DA:339,0
DA:356,0
DA:357,0
DA:358,0
DA:359,0
DA:362,0
DA:363,0
DA:373,0
DA:383,0
DA:384,0
DA:386,0
DA:387,0
DA:388,0
DA:389,0
DA:390,0
DA:391,0
DA:393,0
DA:394,0
DA:395,0
DA:397,0
DA:403,0
DA:408,0
DA:409,0
DA:412,0
DA:416,0
DA:418,0
DA:419,0
DA:420,0
DA:422,0
DA:426,0
DA:430,0
DA:431,0
DA:432,0
DA:433,0
DA:438,0
DA:439,0
DA:448,0
DA:464,0
DA:465,0
DA:466,0
DA:469,0
DA:482,0
DA:483,0
DA:486,0
DA:487,0
DA:490,0
DA:491,0
DA:494,0
DA:495,0
DA:498,0
DA:499,0
DA:503,0
DA:504,0
DA:505,0
DA:509,0
DA:536,0
DA:537,0
DA:538,0
DA:556,0
DA:557,0
DA:558,0
DA:559,0
DA:561,0
DA:562,0
DA:567,0
DA:575,0
DA:577,0
DA:583,0
DA:605,0
DA:606,0
DA:609,0
DA:632,0
DA:633,0
DA:634,0
DA:635,0
DA:637,0
DA:638,0
DA:641,0
DA:642,0
DA:649,0
DA:666,0
DA:667,0
DA:668,0
DA:670,0
DA:678,0
DA:680,0
DA:681,0
DA:687,0
DA:688,0
DA:692,0
DA:693,0
DA:699,0
DA:700,0
DA:704,0
DA:705,0
DA:714,0
DA:716,0
LF:174
LH:0
BRDA:37,0,0,0
BRDA:37,1,0,0
BRDA:56,2,0,0
BRDA:70,3,0,0
BRDA:85,4,0,0
BRDA:100,5,0,0
BRDA:113,6,0,0
BRDA:126,7,0,0
BRDA:139,8,0,0
BRDA:165,9,0,0
BRDA:166,10,0,0
BRDA:166,10,1,0
BRDA:167,11,0,0
BRDA:167,11,1,0
BRDA:168,12,0,0
BRDA:168,12,1,0
BRDA:184,13,0,0
BRDA:184,13,1,0
BRDA:185,14,0,0
BRDA:185,14,1,0
BRDA:209,15,0,0
BRDA:209,15,1,0
BRDA:211,16,0,0
BRDA:211,16,1,0
BRDA:223,17,0,0
BRDA:223,17,1,0
BRDA:263,18,0,0
BRDA:263,18,1,0
BRDA:274,19,0,0
BRDA:285,20,0,0
BRDA:285,20,1,0
BRDA:287,21,0,0
BRDA:287,21,1,0
BRDA:307,22,0,0
BRDA:316,23,0,0
BRDA:325,24,0,0
BRDA:334,25,0,0
BRDA:362,26,0,0
BRDA:362,26,1,0
BRDA:384,27,0,0
BRDA:384,27,1,0
BRDA:394,28,0,0
BRDA:394,28,1,0
BRDA:416,29,0,0
BRDA:416,29,1,0
BRDA:430,30,0,0
BRDA:430,30,1,0
BRDA:439,31,0,0
BRDA:439,31,1,0
BRDA:477,32,0,0
BRDA:477,32,1,0
BRDA:482,33,0,0
BRDA:482,33,1,0
BRDA:486,34,0,0
BRDA:486,34,1,0
BRDA:490,35,0,0
BRDA:490,35,1,0
BRDA:494,36,0,0
BRDA:494,36,1,0
BRDA:498,37,0,0
BRDA:498,37,1,0
BRDA:503,38,0,0
BRDA:503,38,1,0
BRDA:504,39,0,0
BRDA:504,39,1,0
BRDA:505,40,0,0
BRDA:505,40,1,0
BRDA:505,41,0,0
BRDA:505,41,1,0
BRDA:515,42,0,0
BRDA:515,42,1,0
BRDA:561,43,0,0
BRDA:561,43,1,0
BRDA:561,44,0,0
BRDA:561,44,1,0
BRDA:605,45,0,0
BRDA:605,46,0,0
BRDA:632,47,0,0
BRDA:632,48,0,0
BRDA:637,49,0,0
BRDA:637,49,1,0
BRDA:637,50,0,0
BRDA:637,50,1,0
BRDA:670,51,0,0
BRDA:670,51,1,0
BRDA:670,51,2,0
BRF:86
BRH:0
end_of_record
TN:
SF:middleware/validation.js
FN:37,(anonymous_0)
FN:73,(anonymous_1)
FN:92,(anonymous_2)
FN:100,(anonymous_3)
FN:410,(anonymous_4)
FNF:5
FNH:0
FNDA:0,(anonymous_0)
FNDA:0,(anonymous_1)
FNDA:0,(anonymous_2)
FNDA:0,(anonymous_3)
FNDA:0,(anonymous_4)
DA:16,0
DA:17,0
DA:37,0
DA:38,0
DA:39,0
DA:45,0
DA:46,0
DA:48,0
DA:49,0
DA:50,0
DA:51,0
DA:53,0
DA:55,0
DA:73,0
DA:74,0
DA:75,0
DA:76,0
DA:77,0
DA:92,0
DA:93,0
DA:94,0
DA:95,0
DA:100,0
DA:108,0
DA:121,0
DA:190,0
DA:221,0
DA:260,0
DA:311,0
DA:342,0
DA:352,0
DA:367,0
DA:410,0
DA:412,0
DA:413,0
DA:416,0
DA:419,0
LF:37
LH:0
BRDA:38,0,0,0
BRDA:38,0,1,0
BRDA:45,1,0,0
BRDA:45,1,1,0
BRDA:48,2,0,0
BRDA:48,2,1,0
BRDA:48,3,0,0
BRDA:48,3,1,0
BRDA:94,4,0,0
BRDA:94,4,1,0
BRDA:412,5,0,0
BRDA:412,5,1,0
BRDA:412,6,0,0
BRDA:412,6,1,0
BRF:14
BRH:0
end_of_record
TN:
SF:routes/apiProxy.js
FN:61,(anonymous_0)
FNF:1
FNH:1
FNDA:9,(anonymous_0)
DA:19,2
DA:20,2
DA:21,2
DA:22,2
DA:24,2
DA:25,2
DA:28,2
DA:61,2
DA:62,9
DA:65,9
DA:66,0
DA:70,9
DA:71,9
DA:72,3
DA:73,3
DA:77,9
DA:79,9
DA:80,9
DA:87,5
DA:88,0
DA:91,5
DA:93,4
DA:96,4
DA:97,0
DA:100,4
DA:101,1
DA:102,1
DA:105,1
DA:106,0
DA:109,1
DA:112,3
DA:116,2
LF:32
LH:28
BRDA:65,0,0,0
BRDA:65,0,1,9
BRDA:65,1,0,9
BRDA:65,1,1,9
BRDA:72,2,0,3
BRDA:72,2,1,0
BRDA:72,3,0,3
BRDA:72,3,1,3
BRDA:87,4,0,0
BRDA:87,4,1,5
BRDA:87,5,0,5
BRDA:87,5,1,5
BRDA:96,6,0,0
BRDA:96,6,1,4
BRDA:100,7,0,1
BRDA:100,7,1,3
BRDA:105,8,0,0
BRDA:105,8,1,1
BRF:18
BRH:13
end_of_record
TN:
SF:routes/auth.js
FN:26,(anonymous_0)
FN:50,(anonymous_1)
FN:75,(anonymous_2)
FN:133,(anonymous_3)
FNF:4
FNH:0
FNDA:0,(anonymous_0)
FNDA:0,(anonymous_1)
FNDA:0,(anonymous_2)
FNDA:0,(anonymous_3)
DA:1,1
DA:2,1
DA:3,1
DA:4,1
DA:5,1
DA:8,1
DA:15,1
DA:21,1
DA:26,1
DA:27,0
DA:28,0
DA:29,0
DA:30,0
DA:33,0
DA:34,0
DA:36,0
DA:42,0
DA:43,0
DA:45,0
DA:50,1
DA:51,0
DA:52,0
DA:53,0
DA:54,0
DA:57,0
DA:58,0
DA:60,0
DA:67,0
DA:68,0
DA:70,0
DA:75,1
DA:76,0
DA:77,0
DA:78,0
DA:79,0
DA:82,0
DA:83,0
DA:86,0
DA:88,0
DA:89,0
DA:93,0
DA:94,0
DA:96,0
DA:97,0
DA:102,0
DA:103,0
DA:104,0
DA:108,0
DA:114,0
DA:119,0
DA:122,0
DA:123,0
DA:125,0
DA:126,0
DA:128,0
DA:133,1
DA:134,0
DA:135,0
DA:136,0
DA:138,0
DA:139,0
DA:142,0
DA:143,0
DA:146,0
DA:147,0
DA:149,0
DA:150,0
DA:155,0
DA:156,0
DA:157,0
DA:160,0
DA:165,0
DA:168,0
DA:169,0
DA:171,0
DA:172,0
DA:174,0
DA:178,1
LF:78
LH:13
BRDA:29,0,0,0
BRDA:29,0,1,0
BRDA:42,1,0,0
BRDA:42,1,1,0
BRDA:53,2,0,0
BRDA:53,2,1,0
BRDA:67,3,0,0
BRDA:67,3,1,0
BRDA:78,4,0,0
BRDA:78,4,1,0
BRDA:83,5,0,0
BRDA:83,5,1,0
BRDA:88,6,0,0
BRDA:88,6,1,0
BRDA:103,7,0,0
BRDA:103,7,1,0
BRDA:122,8,0,0
BRDA:122,8,1,0
BRDA:125,9,0,0
BRDA:125,9,1,0
BRDA:136,10,0,0
BRDA:136,10,1,0
BRDA:138,11,0,0
BRDA:138,11,1,0
BRDA:142,12,0,0
BRDA:142,12,1,0
BRDA:156,13,0,0
BRDA:156,13,1,0
BRDA:168,14,0,0
BRDA:168,14,1,0
BRDA:171,15,0,0
BRDA:171,15,1,0
BRF:32
BRH:0
end_of_record
TN:
SF:routes/collections.js
FN:18,(anonymous_0)
FN:28,(anonymous_1)
FN:43,(anonymous_2)
FN:56,(anonymous_3)
FN:74,(anonymous_4)
FN:87,(anonymous_5)
FN:100,(anonymous_6)
FN:124,(anonymous_7)
FNF:8
FNH:0
FNDA:0,(anonymous_0)
FNDA:0,(anonymous_1)
FNDA:0,(anonymous_2)
FNDA:0,(anonymous_3)
FNDA:0,(anonymous_4)
FNDA:0,(anonymous_5)
FNDA:0,(anonymous_6)
FNDA:0,(anonymous_7)
DA:1,1
DA:2,1
DA:3,1
DA:4,1
DA:7,1
DA:13,1
DA:18,1
DA:19,0
DA:20,0
DA:21,0
DA:23,0
DA:28,1
DA:29,0
DA:30,0
DA:31,0
DA:32,0
DA:35,0
DA:36,0
DA:38,0
DA:43,1
DA:44,0
DA:45,0
DA:46,0
DA:47,0
DA:49,0
DA:51,0
DA:56,1
DA:57,0
DA:58,0
DA:59,0
DA:60,0
DA:63,0
DA:64,0
DA:65,0
DA:67,0
DA:69,0
DA:74,1
DA:75,0
DA:76,0
DA:77,0
DA:78,0
DA:80,0
DA:82,0
DA:87,1
DA:88,0
DA:89,0
DA:90,0
DA:92,0
DA:93,0
DA:95,0
DA:100,1
DA:101,0
DA:102,0
DA:103,0
DA:104,0
DA:107,0
DA:108,0
DA:110,0
DA:111,0
DA:113,0
DA:114,0
DA:116,0
DA:117,0
DA:119,0
DA:124,1
DA:125,0
DA:126,0
DA:127,0
DA:128,0
DA:130,0
DA:132,0
DA:133,0
DA:135,0
DA:139,1
LF:74
LH:15
BRDA:31,0,0,0
BRDA:31,0,1,0
BRDA:46,1,0,0
BRDA:46,1,1,0
BRDA:59,2,0,0
BRDA:59,2,1,0
BRDA:64,3,0,0
BRDA:64,3,1,0
BRDA:77,4,0,0
BRDA:77,4,1,0
BRDA:92,5,0,0
BRDA:92,5,1,0
BRDA:103,6,0,0
BRDA:103,6,1,0
BRDA:110,7,0,0
BRDA:110,7,1,0
BRDA:113,8,0,0
BRDA:113,8,1,0
BRDA:116,9,0,0
BRDA:116,9,1,0
BRDA:127,10,0,0
BRDA:127,10,1,0
BRDA:132,11,0,0
BRDA:132,11,1,0
BRF:24
BRH:0
end_of_record
TN:
SF:routes/favorites.js
FN:24,(anonymous_0)
FN:40,(anonymous_1)
FN:58,(anonymous_2)
FN:71,(anonymous_3)
FNF:4
FNH:0
FNDA:0,(anonymous_0)
FNDA:0,(anonymous_1)
FNDA:0,(anonymous_2)
FNDA:0,(anonymous_3)
DA:1,1
DA:2,1
DA:3,1
DA:4,1
DA:7,1
DA:17,1
DA:24,1
DA:25,0
DA:26,0
DA:27,0
DA:28,0
DA:31,0
DA:32,0
DA:33,0
DA:35,0
DA:40,1
DA:41,0
DA:42,0
DA:43,0
DA:44,0
DA:47,0
DA:48,0
DA:50,0
DA:51,0
DA:53,0
DA:58,1
DA:59,0
DA:60,0
DA:61,0
DA:62,0
DA:64,0
DA:66,0
DA:71,1
DA:72,0
DA:73,0
DA:74,0
DA:75,0
DA:77,0
DA:79,0
DA:83,1
LF:40
LH:11
BRDA:27,0,0,0
BRDA:27,0,1,0
BRDA:43,1,0,0
BRDA:43,1,1,0
BRDA:50,2,0,0
BRDA:50,2,1,0
BRDA:61,3,0,0
BRDA:61,3,1,0
BRDA:74,4,0,0
BRDA:74,4,1,0
BRF:10
BRH:0
end_of_record
TN:
SF:routes/resourceNavigator.js
FN:28,(anonymous_0)
FN:33,(anonymous_1)
FN:42,(anonymous_2)
FN:47,(anonymous_3)
FN:59,(anonymous_4)
FN:108,(anonymous_5)
FN:165,(anonymous_6)
FN:176,(anonymous_7)
FN:182,(anonymous_8)
FN:216,(anonymous_9)
FN:220,(anonymous_10)
FN:225,(anonymous_11)
FN:250,(anonymous_12)
FNF:13
FNH:7
FNDA:5,(anonymous_0)
FNDA:4,(anonymous_1)
FNDA:2,(anonymous_2)
FNDA:1,(anonymous_3)
FNDA:2,(anonymous_4)
FNDA:3,(anonymous_5)
FNDA:0,(anonymous_6)
FNDA:0,(anonymous_7)
FNDA:0,(anonymous_8)
FNDA:0,(anonymous_9)
FNDA:0,(anonymous_10)
FNDA:0,(anonymous_11)
FNDA:1,(anonymous_12)
DA:13,1
DA:14,1
DA:15,1
DA:16,1
DA:19,1
DA:29,5
DA:30,5
DA:31,2
DA:33,4
DA:36,3
DA:40,1
DA:43,2
DA:44,2
DA:45,1
DA:47,1
DA:50,1
DA:59,1
DA:60,2
DA:62,2
DA:63,2
DA:66,2
DA:67,0
DA:71,2
DA:72,2
DA:75,2
DA:76,0
DA:77,0
DA:79,2
DA:83,2
DA:84,1
DA:85,1
DA:89,2
DA:90,0
DA:91,0
DA:94,2
DA:96,2
DA:98,0
DA:100,2
DA:101,2
DA:108,1
DA:109,3
DA:110,3
DA:113,3
DA:114,3
DA:117,3
DA:126,3
DA:131,0
DA:132,0
DA:137,0
DA:145,0
DA:146,0
DA:147,0
DA:150,3
DA:151,0
DA:155,3
DA:156,3
DA:165,1
DA:166,0
DA:175,0
DA:178,0
DA:180,0
DA:184,0
DA:185,0
DA:189,0
DA:194,0
DA:195,0
DA:201,0
DA:203,0
DA:204,0
DA:216,1
DA:217,0
DA:219,0
DA:222,0
DA:223,0
DA:227,0
DA:228,0
DA:232,0
DA:237,0
DA:239,0
DA:240,0
DA:250,1
DA:251,1
DA:252,1
DA:254,1
DA:255,1
DA:258,1
DA:259,1
DA:266,0
DA:267,0
DA:269,1
DA:270,1
DA:274,1
LF:92
LH:55
BRDA:30,0,0,2
BRDA:30,0,1,3
BRDA:44,1,0,1
BRDA:44,1,1,1
BRDA:62,2,0,2
BRDA:62,2,1,2
BRDA:66,3,0,0
BRDA:66,3,1,2
BRDA:75,4,0,0
BRDA:75,4,1,2
BRDA:83,5,0,1
BRDA:83,5,1,1
BRDA:89,6,0,0
BRDA:89,6,1,2
BRDA:110,7,0,3
BRDA:110,7,1,3
BRDA:113,8,0,3
BRDA:113,8,1,0
BRDA:131,9,0,0
BRDA:131,9,1,0
BRDA:150,10,0,0
BRDA:150,10,1,3
BRDA:194,11,0,0
BRDA:194,11,1,0
BRDA:252,12,0,1
BRDA:252,12,1,1
BRDA:254,13,0,1
BRDA:254,13,1,0
BRF:28
BRH:18
end_of_record
TN:
SF:services/authService.js
FN:18,(anonymous_0)
FN:56,(anonymous_1)
FN:94,(anonymous_2)
FN:107,(anonymous_3)
FNF:4
FNH:4
FNDA:2,(anonymous_0)
FNDA:2,(anonymous_1)
FNDA:1,(anonymous_2)
FNDA:1,(anonymous_3)
DA:1,2
DA:2,2
DA:3,2
DA:5,2
DA:6,2
DA:7,2
DA:8,2
DA:19,2
DA:20,2
DA:22,2
DA:25,2
DA:27,2
DA:29,2
DA:30,1
DA:34,1
DA:37,1
DA:44,1
DA:46,2
DA:57,2
DA:58,2
DA:60,2
DA:65,2
DA:66,2
DA:67,0
DA:71,2
DA:72,2
DA:73,1
DA:77,1
DA:78,1
DA:81,1
DA:83,1
DA:85,2
DA:95,1
DA:108,1
DA:116,2
LF:35
LH:34
BRDA:6,0,0,2
BRDA:6,0,1,0
BRDA:22,1,0,2
BRDA:22,1,1,0
BRDA:25,2,0,2
BRDA:25,2,1,0
BRDA:29,3,0,1
BRDA:29,3,1,1
BRDA:41,4,0,1
BRDA:41,4,1,0
BRDA:66,5,0,0
BRDA:66,5,1,2
BRDA:72,6,0,1
BRDA:72,6,1,1
BRF:14
BRH:9
end_of_record
TN:
SF:services/collectionsService.js
FN:13,(anonymous_0)
FN:70,(anonymous_1)
FN:95,(anonymous_2)
FN:138,(anonymous_3)
FN:197,(anonymous_4)
FN:291,(anonymous_5)
FN:314,(anonymous_6)
FN:413,(anonymous_7)
FN:471,(anonymous_8)
FN:560,(anonymous_9)
FN:617,(anonymous_10)
FN:659,(anonymous_11)
FN:727,(anonymous_12)
FNF:13
FNH:10
FNDA:2,(anonymous_0)
FNDA:1,(anonymous_1)
FNDA:0,(anonymous_2)
FNDA:19,(anonymous_3)
FNDA:1,(anonymous_4)
FNDA:1,(anonymous_5)
FNDA:3,(anonymous_6)
FNDA:1,(anonymous_7)
FNDA:3,(anonymous_8)
FNDA:1,(anonymous_9)
FNDA:0,(anonymous_10)
FNDA:1,(anonymous_11)
FNDA:0,(anonymous_12)
DA:1,3
DA:14,2
DA:15,1
DA:17,1
DA:18,0
DA:20,1
DA:21,0
DA:24,1
DA:26,1
DA:27,1
DA:28,1
DA:30,1
DA:31,0
DA:35,1
DA:52,1
DA:58,1
DA:59,1
DA:61,1
DA:66,1
DA:67,1
DA:69,1
DA:70,1
DA:85,1
DA:96,0
DA:97,0
DA:98,0
DA:112,0
DA:114,0
DA:115,0
DA:118,0
DA:119,0
DA:125,0
DA:139,19
DA:140,19
DA:141,1
DA:143,1
DA:144,0
DA:146,1
DA:147,0
DA:149,1
DA:150,0
DA:154,1
DA:159,1
DA:160,0
DA:163,1
DA:169,1
DA:176,1
DA:177,1
DA:183,1
DA:198,1
DA:199,0
DA:201,0
DA:206,0
DA:207,0
DA:210,0
DA:211,0
DA:212,0
DA:213,0
DA:215,0
DA:216,0
DA:217,0
DA:219,0
DA:220,0
DA:224,0
DA:229,0
DA:230,0
DA:233,0
DA:234,0
DA:235,0
DA:238,0
DA:239,0
DA:240,0
DA:242,0
DA:243,0
DA:244,0
DA:247,0
DA:248,0
DA:249,0
DA:250,0
DA:253,0
DA:254,0
DA:257,0
DA:259,0
DA:266,0
DA:267,0
DA:270,0
DA:275,0
DA:281,0
DA:292,1
DA:293,0
DA:294,0
DA:299,0
DA:301,0
DA:315,3
DA:316,3
DA:318,3
DA:320,3
DA:322,3
DA:327,3
DA:328,1
DA:331,2
DA:334,2
DA:339,2
DA:340,1
DA:344,1
DA:349,1
DA:350,0
DA:354,1
DA:355,1
DA:356,1
DA:360,1
DA:364,1
DA:370,1
DA:378,1
DA:383,1
DA:385,1
DA:399,2
DA:400,2
DA:403,3
DA:414,1
DA:415,0
DA:417,0
DA:419,0
DA:421,0
DA:426,0
DA:427,0
DA:428,0
DA:432,0
DA:443,0
DA:446,0
DA:451,0
DA:452,0
DA:455,0
DA:456,0
DA:459,0
DA:472,3
DA:473,1
DA:475,1
DA:476,0
DA:478,1
DA:479,0
DA:482,1
DA:485,1
DA:495,1
DA:497,1
DA:498,0
DA:501,1
DA:504,1
DA:518,1
DA:525,1
DA:530,1
DA:531,1
DA:533,1
DA:549,1
DA:561,1
DA:562,0
DA:564,0
DA:569,0
DA:570,0
DA:574,0
DA:575,0
DA:579,0
DA:581,0
DA:583,0
DA:584,0
DA:585,0
DA:588,0
DA:595,0
DA:600,0
DA:601,0
DA:604,0
DA:605,0
DA:608,0
DA:618,0
DA:619,0
DA:620,0
DA:636,0
DA:637,0
DA:639,0
DA:647,0
DA:660,1
DA:661,0
DA:663,0
DA:664,0
DA:666,0
DA:667,0
DA:670,0
DA:671,0
DA:672,0
DA:673,0
DA:676,0
DA:677,0
DA:678,0
DA:682,0
DA:683,0
DA:686,0
DA:709,0
DA:715,0
DA:716,0
DA:718,0
DA:723,0
DA:724,0
DA:726,0
DA:727,0
DA:743,0
DA:748,3
LF:206
LH:80
BRDA:13,0,0,1
BRDA:13,1,0,1
BRDA:13,2,0,2
BRDA:13,3,0,2
BRDA:17,4,0,0
BRDA:17,4,1,1
BRDA:17,5,0,1
BRDA:17,5,1,1
BRDA:20,6,0,0
BRDA:20,6,1,1
BRDA:30,7,0,0
BRDA:30,7,1,1
BRDA:72,8,0,1
BRDA:72,8,1,0
BRDA:114,9,0,0
BRDA:114,9,1,0
BRDA:121,10,0,0
BRDA:121,10,1,0
BRDA:143,11,0,0
BRDA:143,11,1,1
BRDA:143,12,0,1
BRDA:143,12,1,1
BRDA:146,13,0,0
BRDA:146,13,1,1
BRDA:149,14,0,0
BRDA:149,14,1,1
BRDA:149,15,0,1
BRDA:149,15,1,0
BRDA:159,16,0,0
BRDA:159,16,1,1
BRDA:172,17,0,1
BRDA:172,17,1,1
BRDA:173,18,0,1
BRDA:173,18,1,1
BRDA:206,19,0,0
BRDA:206,19,1,0
BRDA:215,20,0,0
BRDA:215,20,1,0
BRDA:216,21,0,0
BRDA:216,21,1,0
BRDA:216,22,0,0
BRDA:216,22,1,0
BRDA:219,23,0,0
BRDA:219,23,1,0
BRDA:229,24,0,0
BRDA:229,24,1,0
BRDA:238,25,0,0
BRDA:238,25,1,0
BRDA:239,26,0,0
BRDA:239,26,1,0
BRDA:239,27,0,0
BRDA:239,27,1,0
BRDA:243,28,0,0
BRDA:243,28,1,0
BRDA:247,29,0,0
BRDA:247,29,1,0
BRDA:253,30,0,0
BRDA:253,30,1,0
BRDA:277,31,0,0
BRDA:277,31,1,0
BRDA:314,32,0,3
BRDA:314,33,0,3
BRDA:314,34,0,3
BRDA:327,35,0,1
BRDA:327,35,1,2
BRDA:339,36,0,1
BRDA:339,36,1,1
BRDA:349,37,0,0
BRDA:349,37,1,1
BRDA:355,38,0,1
BRDA:355,38,1,0
BRDA:360,39,0,1
BRDA:360,39,1,1
BRDA:426,40,0,0
BRDA:426,40,1,0
BRDA:471,41,0,2
BRDA:471,42,0,2
BRDA:471,43,0,3
BRDA:475,44,0,0
BRDA:475,44,1,1
BRDA:475,45,0,1
BRDA:475,45,1,1
BRDA:478,46,0,0
BRDA:478,46,1,1
BRDA:497,47,0,0
BRDA:497,47,1,1
BRDA:569,48,0,0
BRDA:569,48,1,0
BRDA:574,49,0,0
BRDA:574,49,1,0
BRDA:574,50,0,0
BRDA:574,50,1,0
BRDA:584,51,0,0
BRDA:584,51,1,0
BRDA:584,52,0,0
BRDA:584,52,1,0
BRDA:584,52,2,0
BRDA:640,53,0,0
BRDA:640,53,1,0
BRDA:641,54,0,0
BRDA:641,54,1,0
BRDA:642,55,0,0
BRDA:642,55,1,0
BRDA:643,56,0,0
BRDA:643,56,1,0
BRDA:644,57,0,0
BRDA:644,57,1,0
BRDA:659,58,0,0
BRDA:659,59,0,0
BRDA:659,60,0,1
BRDA:659,61,0,1
BRDA:663,62,0,0
BRDA:663,62,1,0
BRDA:663,63,0,0
BRDA:663,63,1,0
BRDA:666,64,0,0
BRDA:666,64,1,0
BRDA:676,65,0,0
BRDA:676,65,1,0
BRDA:676,66,0,0
BRDA:676,66,1,0
BRDA:729,67,0,0
BRDA:729,67,1,0
BRDA:730,68,0,0
BRDA:730,68,1,0
BRF:125
BRH:42
end_of_record
TN:
SF:services/collectionsServiceOptimized.js
FN:8,(anonymous_0)
FN:13,(anonymous_1)
FN:16,(anonymous_2)
FN:21,(anonymous_3)
FN:33,(anonymous_4)
FN:38,(anonymous_5)
FN:43,(anonymous_6)
FN:52,(anonymous_7)
FN:61,(anonymous_8)
FN:70,(anonymous_9)
FN:83,(anonymous_10)
FN:96,(anonymous_11)
FN:107,(anonymous_12)
FN:176,(anonymous_13)
FN:206,(anonymous_14)
FN:261,(anonymous_15)
FN:327,(anonymous_16)
FN:429,(anonymous_17)
FN:451,(anonymous_18)
FN:545,(anonymous_19)
FN:612,(anonymous_20)
FN:672,(anonymous_21)
FN:712,(anonymous_22)
FN:784,(anonymous_23)
FN:823,(anonymous_24)
FN:903,(anonymous_25)
FN:933,(anonymous_26)
FN:973,(anonymous_27)
FN:986,(anonymous_28)
FN:1009,(anonymous_29)
FNF:30
FNH:0
FNDA:0,(anonymous_0)
FNDA:0,(anonymous_1)
FNDA:0,(anonymous_2)
FNDA:0,(anonymous_3)
FNDA:0,(anonymous_4)
FNDA:0,(anonymous_5)
FNDA:0,(anonymous_6)
FNDA:0,(anonymous_7)
FNDA:0,(anonymous_8)
FNDA:0,(anonymous_9)
FNDA:0,(anonymous_10)
FNDA:0,(anonymous_11)
FNDA:0,(anonymous_12)
FNDA:0,(anonymous_13)
FNDA:0,(anonymous_14)
FNDA:0,(anonymous_15)
FNDA:0,(anonymous_16)
FNDA:0,(anonymous_17)
FNDA:0,(anonymous_18)
FNDA:0,(anonymous_19)
FNDA:0,(anonymous_20)
FNDA:0,(anonymous_21)
FNDA:0,(anonymous_22)
FNDA:0,(anonymous_23)
FNDA:0,(anonymous_24)
FNDA:0,(anonymous_25)
FNDA:0,(anonymous_26)
FNDA:0,(anonymous_27)
FNDA:0,(anonymous_28)
FNDA:0,(anonymous_29)
DA:1,0
DA:2,0
DA:9,0
DA:10,0
DA:13,0
DA:17,0
DA:18,0
DA:22,0
DA:24,0
DA:25,0
DA:26,0
DA:27,0
DA:30,0
DA:34,0
DA:35,0
DA:39,0
DA:40,0
DA:44,0
DA:45,0
DA:46,0
DA:47,0
DA:53,0
DA:54,0
DA:58,0
DA:62,0
DA:63,0
DA:64,0
DA:71,0
DA:77,0
DA:84,0
DA:90,0
DA:97,0
DA:98,0
DA:99,0
DA:109,0
DA:110,0
DA:112,0
DA:113,0
DA:116,0
DA:117,0
DA:118,0
DA:119,0
DA:122,0
DA:123,0
DA:124,0
DA:127,0
DA:128,0
DA:129,0
DA:131,0
DA:132,0
DA:135,0
DA:158,0
DA:164,0
DA:165,0
DA:167,0
DA:172,0
DA:173,0
DA:175,0
DA:176,0
DA:194,0
DA:195,0
DA:197,0
DA:199,0
DA:207,0
DA:208,0
DA:209,0
DA:210,0
DA:213,0
DA:214,0
DA:215,0
DA:234,0
DA:236,0
DA:237,0
DA:240,0
DA:241,0
DA:250,0
DA:252,0
DA:254,0
DA:262,0
DA:263,0
DA:265,0
DA:266,0
DA:268,0
DA:269,0
DA:271,0
DA:272,0
DA:275,0
DA:278,0
DA:283,0
DA:284,0
DA:285,0
DA:288,0
DA:294,0
DA:301,0
DA:302,0
DA:304,0
DA:313,0
DA:315,0
DA:317,0
DA:318,0
DA:320,0
DA:328,0
DA:329,0
DA:330,0
DA:333,0
DA:338,0
DA:339,0
DA:340,0
DA:343,0
DA:344,0
DA:345,0
DA:346,0
DA:348,0
DA:349,0
DA:350,0
DA:352,0
DA:353,0
DA:357,0
DA:362,0
DA:363,0
DA:364,0
DA:367,0
DA:368,0
DA:369,0
DA:372,0
DA:373,0
DA:374,0
DA:376,0
DA:377,0
DA:378,0
DA:381,0
DA:382,0
DA:383,0
DA:384,0
DA:387,0
DA:388,0
DA:389,0
DA:392,0
DA:394,0
DA:401,0
DA:402,0
DA:405,0
DA:408,0
DA:413,0
DA:419,0
DA:420,0
DA:422,0
DA:430,0
DA:431,0
DA:432,0
DA:437,0
DA:439,0
DA:442,0
DA:444,0
DA:452,0
DA:453,0
DA:454,0
DA:457,0
DA:462,0
DA:463,0
DA:467,0
DA:472,0
DA:473,0
DA:477,0
DA:482,0
DA:483,0
DA:487,0
DA:488,0
DA:489,0
DA:493,0
DA:497,0
DA:503,0
DA:511,0
DA:516,0
DA:519,0
DA:521,0
DA:535,0
DA:536,0
DA:538,0
DA:546,0
DA:547,0
DA:548,0
DA:551,0
DA:556,0
DA:557,0
DA:558,0
DA:561,0
DA:564,0
DA:569,0
DA:570,0
DA:571,0
DA:575,0
DA:586,0
DA:589,0
DA:594,0
DA:597,0
DA:599,0
DA:602,0
DA:603,0
DA:605,0
DA:614,0
DA:615,0
DA:617,0
DA:618,0
DA:621,0
DA:622,0
DA:623,0
DA:624,0
DA:627,0
DA:628,0
DA:630,0
DA:631,0
DA:634,0
DA:644,0
DA:646,0
DA:647,0
DA:651,0
DA:652,0
DA:654,0
DA:655,0
DA:661,0
DA:662,0
DA:665,0
DA:667,0
DA:672,0
DA:701,0
DA:703,0
DA:705,0
DA:713,0
DA:714,0
DA:716,0
DA:721,0
DA:722,0
DA:726,0
DA:727,0
DA:730,0
DA:733,0
DA:738,0
DA:739,0
DA:740,0
DA:742,0
DA:749,0
DA:758,0
DA:761,0
DA:766,0
DA:769,0
DA:771,0
DA:774,0
DA:775,0
DA:777,0
DA:785,0
DA:786,0
DA:787,0
DA:788,0
DA:791,0
DA:792,0
DA:794,0
DA:795,0
DA:796,0
DA:798,0
DA:812,0
DA:814,0
DA:816,0
DA:825,0
DA:826,0
DA:828,0
DA:829,0
DA:832,0
DA:833,0
DA:834,0
DA:835,0
DA:838,0
DA:839,0
DA:840,0
DA:841,0
DA:842,0
DA:843,0
DA:846,0
DA:847,0
DA:848,0
DA:852,0
DA:853,0
DA:856,0
DA:885,0
DA:891,0
DA:892,0
DA:894,0
DA:899,0
DA:900,0
DA:902,0
DA:903,0
DA:922,0
DA:924,0
DA:926,0
DA:934,0
DA:935,0
DA:938,0
DA:939,0
DA:942,0
DA:943,0
DA:944,0
DA:947,0
DA:952,0
DA:953,0
DA:957,0
DA:962,0
DA:963,0
DA:967,0
DA:972,0
DA:973,0
DA:974,0
DA:978,0
DA:983,0
DA:986,0
DA:988,0
DA:994,0
DA:997,0
DA:1002,0
DA:1005,0
DA:1007,0
DA:1009,0
DA:1016,0
DA:1017,0
DA:1019,0
DA:1024,0
LF:325
LH:0
BRDA:16,0,0,0
BRDA:22,1,0,0
BRDA:22,1,1,0
BRDA:25,2,0,0
BRDA:25,2,1,0
BRDA:46,3,0,0
BRDA:46,3,1,0
BRDA:73,4,0,0
BRDA:73,4,1,0
BRDA:74,5,0,0
BRDA:74,5,1,0
BRDA:75,6,0,0
BRDA:75,6,1,0
BRDA:86,7,0,0
BRDA:86,7,1,0
BRDA:87,8,0,0
BRDA:87,8,1,0
BRDA:88,9,0,0
BRDA:88,9,1,0
BRDA:98,10,0,0
BRDA:98,10,1,0
BRDA:98,11,0,0
BRDA:98,11,1,0
BRDA:107,12,0,0
BRDA:107,13,0,0
BRDA:107,14,0,0
BRDA:107,15,0,0
BRDA:109,16,0,0
BRDA:109,16,1,0
BRDA:109,17,0,0
BRDA:109,17,1,0
BRDA:112,18,0,0
BRDA:112,18,1,0
BRDA:118,19,0,0
BRDA:118,19,1,0
BRDA:131,20,0,0
BRDA:131,20,1,0
BRDA:178,21,0,0
BRDA:178,21,1,0
BRDA:180,22,0,0
BRDA:180,22,1,0
BRDA:194,23,0,0
BRDA:194,23,1,0
BRDA:209,24,0,0
BRDA:209,24,1,0
BRDA:236,25,0,0
BRDA:236,25,1,0
BRDA:243,26,0,0
BRDA:243,26,1,0
BRDA:245,27,0,0
BRDA:245,27,1,0
BRDA:265,28,0,0
BRDA:265,28,1,0
BRDA:265,29,0,0
BRDA:265,29,1,0
BRDA:268,30,0,0
BRDA:268,30,1,0
BRDA:271,31,0,0
BRDA:271,31,1,0
BRDA:271,32,0,0
BRDA:271,32,1,0
BRDA:283,33,0,0
BRDA:283,33,1,0
BRDA:297,34,0,0
BRDA:297,34,1,0
BRDA:298,35,0,0
BRDA:298,35,1,0
BRDA:338,36,0,0
BRDA:338,36,1,0
BRDA:348,37,0,0
BRDA:348,37,1,0
BRDA:349,38,0,0
BRDA:349,38,1,0
BRDA:349,39,0,0
BRDA:349,39,1,0
BRDA:352,40,0,0
BRDA:352,40,1,0
BRDA:362,41,0,0
BRDA:362,41,1,0
BRDA:372,42,0,0
BRDA:372,42,1,0
BRDA:373,43,0,0
BRDA:373,43,1,0
BRDA:373,44,0,0
BRDA:373,44,1,0
BRDA:377,45,0,0
BRDA:377,45,1,0
BRDA:381,46,0,0
BRDA:381,46,1,0
BRDA:387,47,0,0
BRDA:387,47,1,0
BRDA:415,48,0,0
BRDA:415,48,1,0
BRDA:437,49,0,0
BRDA:437,49,1,0
BRDA:451,50,0,0
BRDA:451,51,0,0
BRDA:451,52,0,0
BRDA:462,53,0,0
BRDA:462,53,1,0
BRDA:472,54,0,0
BRDA:472,54,1,0
BRDA:482,55,0,0
BRDA:482,55,1,0
BRDA:488,56,0,0
BRDA:488,56,1,0
BRDA:556,57,0,0
BRDA:556,57,1,0
BRDA:569,58,0,0
BRDA:569,58,1,0
BRDA:612,59,0,0
BRDA:612,60,0,0
BRDA:612,61,0,0
BRDA:612,62,0,0
BRDA:614,63,0,0
BRDA:614,63,1,0
BRDA:614,64,0,0
BRDA:614,64,1,0
BRDA:617,65,0,0
BRDA:617,65,1,0
BRDA:623,66,0,0
BRDA:623,66,1,0
BRDA:646,67,0,0
BRDA:646,67,1,0
BRDA:654,68,0,0
BRDA:654,68,1,0
BRDA:684,69,0,0
BRDA:684,69,1,0
BRDA:721,70,0,0
BRDA:721,70,1,0
BRDA:726,71,0,0
BRDA:726,71,1,0
BRDA:726,72,0,0
BRDA:726,72,1,0
BRDA:739,73,0,0
BRDA:739,73,1,0
BRDA:739,74,0,0
BRDA:739,74,1,0
BRDA:739,74,2,0
BRDA:787,75,0,0
BRDA:787,75,1,0
BRDA:799,76,0,0
BRDA:799,76,1,0
BRDA:800,77,0,0
BRDA:800,77,1,0
BRDA:801,78,0,0
BRDA:801,78,1,0
BRDA:802,79,0,0
BRDA:802,79,1,0
BRDA:803,80,0,0
BRDA:803,80,1,0
BRDA:804,81,0,0
BRDA:804,81,1,0
BRDA:806,82,0,0
BRDA:806,82,1,0
BRDA:807,83,0,0
BRDA:807,83,1,0
BRDA:823,84,0,0
BRDA:823,85,0,0
BRDA:823,86,0,0
BRDA:823,87,0,0
BRDA:825,88,0,0
BRDA:825,88,1,0
BRDA:825,89,0,0
BRDA:825,89,1,0
BRDA:828,90,0,0
BRDA:828,90,1,0
BRDA:832,91,0,0
BRDA:832,91,1,0
BRDA:834,92,0,0
BRDA:834,92,1,0
BRDA:846,93,0,0
BRDA:846,93,1,0
BRDA:846,94,0,0
BRDA:846,94,1,0
BRDA:905,95,0,0
BRDA:905,95,1,0
BRDA:906,96,0,0
BRDA:906,96,1,0
BRDA:908,97,0,0
BRDA:908,97,1,0
BRDA:933,98,0,0
BRDA:934,99,0,0
BRDA:934,99,1,0
BRDA:934,100,0,0
BRDA:934,100,1,0
BRDA:938,101,0,0
BRDA:938,101,1,0
BRDA:952,102,0,0
BRDA:952,102,1,0
BRDA:962,103,0,0
BRDA:962,103,1,0
BRDA:972,104,0,0
BRDA:972,104,1,0
BRF:194
BRH:0
end_of_record
TN:
SF:services/favoritesService.js
FN:14,(anonymous_0)
FN:84,(anonymous_1)
FN:109,(anonymous_2)
FN:151,(anonymous_3)
FN:243,(anonymous_4)
FN:304,(anonymous_5)
FN:332,(anonymous_6)
FN:425,(anonymous_7)
FN:455,(anonymous_8)
FNF:9
FNH:6
FNDA:3,(anonymous_0)
FNDA:2,(anonymous_1)
FNDA:1,(anonymous_2)
FNDA:21,(anonymous_3)
FNDA:1,(anonymous_4)
FNDA:3,(anonymous_5)
FNDA:0,(anonymous_6)
FNDA:0,(anonymous_7)
FNDA:0,(anonymous_8)
DA:1,3
DA:15,3
DA:16,3
DA:17,2
DA:19,2
DA:20,0
DA:22,2
DA:23,0
DA:26,2
DA:27,2
DA:28,2
DA:29,2
DA:32,2
DA:33,1
DA:34,1
DA:35,1
DA:39,2
DA:40,2
DA:44,2
DA:59,2
DA:66,2
DA:67,2
DA:70,2
DA:75,2
DA:76,2
DA:77,2
DA:78,2
DA:80,2
DA:81,2
DA:83,2
DA:84,2
DA:99,2
DA:110,1
DA:111,0
DA:112,0
DA:124,0
DA:126,0
DA:127,0
DA:130,0
DA:131,0
DA:137,0
DA:152,21
DA:153,21
DA:154,2
DA:156,2
DA:157,0
DA:161,2
DA:162,2
DA:163,0
DA:167,2
DA:172,2
DA:173,1
DA:174,1
DA:176,0
DA:182,0
DA:183,0
DA:185,1
DA:199,1
DA:201,1
DA:211,1
DA:226,1
DA:227,1
DA:229,2
DA:244,1
DA:245,0
DA:247,0
DA:252,0
DA:253,0
DA:256,0
DA:257,0
DA:258,0
DA:260,0
DA:261,0
DA:262,0
DA:263,0
DA:266,0
DA:267,0
DA:268,0
DA:269,0
DA:272,0
DA:273,0
DA:274,0
DA:275,0
DA:278,0
DA:279,0
DA:282,0
DA:284,0
DA:291,0
DA:292,0
DA:294,0
DA:305,3
DA:306,2
DA:307,2
DA:314,2
DA:315,2
DA:317,2
DA:333,0
DA:334,0
DA:336,0
DA:337,0
DA:339,0
DA:340,0
DA:342,0
DA:343,0
DA:346,0
DA:347,0
DA:348,0
DA:349,0
DA:352,0
DA:354,0
DA:364,0
DA:365,0
DA:368,0
DA:369,0
DA:370,0
DA:371,0
DA:375,0
DA:376,0
DA:377,0
DA:378,0
DA:382,0
DA:407,0
DA:413,0
DA:414,0
DA:416,0
DA:421,0
DA:422,0
DA:424,0
DA:425,0
DA:446,0
DA:456,0
DA:457,0
DA:458,0
DA:471,0
DA:472,0
DA:474,0
DA:484,0
DA:489,3
LF:138
LH:56
BRDA:14,0,0,0
BRDA:14,1,0,1
BRDA:14,2,0,2
BRDA:14,3,0,2
BRDA:14,4,0,3
BRDA:19,5,0,0
BRDA:19,5,1,2
BRDA:19,6,0,2
BRDA:19,6,1,2
BRDA:22,7,0,0
BRDA:22,7,1,2
BRDA:32,8,0,1
BRDA:32,8,1,1
BRDA:39,9,0,2
BRDA:39,9,1,0
BRDA:86,10,0,2
BRDA:86,10,1,1
BRDA:87,11,0,2
BRDA:87,11,1,0
BRDA:126,12,0,0
BRDA:126,12,1,0
BRDA:133,13,0,0
BRDA:133,13,1,0
BRDA:134,14,0,0
BRDA:134,14,1,0
BRDA:156,15,0,0
BRDA:156,15,1,2
BRDA:156,16,0,2
BRDA:156,16,1,2
BRDA:162,17,0,0
BRDA:162,17,1,2
BRDA:172,18,0,1
BRDA:172,18,1,1
BRDA:174,19,0,0
BRDA:174,19,1,1
BRDA:194,20,0,1
BRDA:198,21,0,1
BRDA:199,22,0,1
BRDA:199,22,1,0
BRDA:252,23,0,0
BRDA:252,23,1,0
BRDA:260,24,0,0
BRDA:260,24,1,0
BRDA:266,25,0,0
BRDA:266,25,1,0
BRDA:268,26,0,0
BRDA:268,26,1,0
BRDA:272,27,0,0
BRDA:272,27,1,0
BRDA:278,28,0,0
BRDA:278,28,1,0
BRDA:332,29,0,0
BRDA:332,30,0,0
BRDA:332,31,0,0
BRDA:332,32,0,0
BRDA:332,33,0,0
BRDA:336,34,0,0
BRDA:336,34,1,0
BRDA:336,35,0,0
BRDA:336,35,1,0
BRDA:339,36,0,0
BRDA:339,36,1,0
BRDA:339,37,0,0
BRDA:339,37,1,0
BRDA:342,38,0,0
BRDA:342,38,1,0
BRDA:368,39,0,0
BRDA:368,39,1,0
BRDA:368,40,0,0
BRDA:368,40,1,0
BRDA:375,41,0,0
BRDA:375,41,1,0
BRDA:375,42,0,0
BRDA:375,42,1,0
BRDA:428,43,0,0
BRDA:428,43,1,0
BRDA:429,44,0,0
BRDA:429,44,1,0
BRDA:475,45,0,0
BRDA:475,45,1,0
BRDA:476,46,0,0
BRDA:476,46,1,0
BRDA:477,47,0,0
BRDA:477,47,1,0
BRDA:478,48,0,0
BRDA:478,48,1,0
BRDA:479,49,0,0
BRDA:479,49,1,0
BRF:88
BRH:24
end_of_record
TN:
SF:services/favoritesServiceOptimized.js
FN:8,(anonymous_0)
FN:13,(anonymous_1)
FN:16,(anonymous_2)
FN:21,(anonymous_3)
FN:33,(anonymous_4)
FN:38,(anonymous_5)
FN:43,(anonymous_6)
FN:53,(anonymous_7)
FN:62,(anonymous_8)
FN:70,(anonymous_9)
FN:86,(anonymous_10)
FN:101,(anonymous_11)
FN:114,(anonymous_12)
FN:162,(anonymous_13)
FN:209,(anonymous_14)
FN:263,(anonymous_15)
FN:362,(anonymous_16)
FN:432,(anonymous_17)
FN:458,(anonymous_18)
FN:513,(anonymous_19)
FN:552,(anonymous_20)
FN:612,(anonymous_21)
FN:658,(anonymous_22)
FN:688,(anonymous_23)
FN:701,(anonymous_24)
FN:701,(anonymous_25)
FNF:26
FNH:0
FNDA:0,(anonymous_0)
FNDA:0,(anonymous_1)
FNDA:0,(anonymous_2)
FNDA:0,(anonymous_3)
FNDA:0,(anonymous_4)
FNDA:0,(anonymous_5)
FNDA:0,(anonymous_6)
FNDA:0,(anonymous_7)
FNDA:0,(anonymous_8)
FNDA:0,(anonymous_9)
FNDA:0,(anonymous_10)
FNDA:0,(anonymous_11)
FNDA:0,(anonymous_12)
FNDA:0,(anonymous_13)
FNDA:0,(anonymous_14)
FNDA:0,(anonymous_15)
FNDA:0,(anonymous_16)
FNDA:0,(anonymous_17)
FNDA:0,(anonymous_18)
FNDA:0,(anonymous_19)
FNDA:0,(anonymous_20)
FNDA:0,(anonymous_21)
FNDA:0,(anonymous_22)
FNDA:0,(anonymous_23)
FNDA:0,(anonymous_24)
FNDA:0,(anonymous_25)
DA:1,0
DA:2,0
DA:9,0
DA:10,0
DA:13,0
DA:17,0
DA:18,0
DA:22,0
DA:24,0
DA:25,0
DA:26,0
DA:27,0
DA:30,0
DA:34,0
DA:35,0
DA:39,0
DA:40,0
DA:44,0
DA:45,0
DA:46,0
DA:47,0
DA:54,0
DA:55,0
DA:59,0
DA:63,0
DA:64,0
DA:71,0
DA:80,0
DA:87,0
DA:95,0
DA:104,0
DA:105,0
DA:106,0
DA:119,0
DA:120,0
DA:122,0
DA:123,0
DA:127,0
DA:128,0
DA:129,0
DA:130,0
DA:133,0
DA:134,0
DA:136,0
DA:137,0
DA:139,0
DA:142,0
DA:143,0
DA:145,0
DA:146,0
DA:154,0
DA:155,0
DA:156,0
DA:159,0
DA:161,0
DA:162,0
DA:198,0
DA:200,0
DA:202,0
DA:210,0
DA:211,0
DA:212,0
DA:213,0
DA:216,0
DA:217,0
DA:219,0
DA:238,0
DA:240,0
DA:241,0
DA:244,0
DA:245,0
DA:252,0
DA:254,0
DA:256,0
DA:264,0
DA:265,0
DA:266,0
DA:269,0
DA:270,0
DA:273,0
DA:274,0
DA:275,0
DA:279,0
DA:284,0
DA:285,0
DA:286,0
DA:288,0
DA:294,0
DA:295,0
DA:298,0
DA:300,0
DA:302,0
DA:303,0
DA:317,0
DA:319,0
DA:329,0
DA:344,0
DA:345,0
DA:348,0
DA:350,0
DA:352,0
DA:353,0
DA:355,0
DA:363,0
DA:364,0
DA:365,0
DA:368,0
DA:373,0
DA:374,0
DA:375,0
DA:378,0
DA:379,0
DA:380,0
DA:382,0
DA:383,0
DA:384,0
DA:385,0
DA:388,0
DA:389,0
DA:390,0
DA:391,0
DA:394,0
DA:395,0
DA:396,0
DA:397,0
DA:400,0
DA:401,0
DA:402,0
DA:405,0
DA:407,0
DA:414,0
DA:415,0
DA:418,0
DA:420,0
DA:422,0
DA:423,0
DA:425,0
DA:433,0
DA:434,0
DA:435,0
DA:442,0
DA:444,0
DA:446,0
DA:449,0
DA:451,0
DA:460,0
DA:461,0
DA:463,0
DA:464,0
DA:466,0
DA:467,0
DA:471,0
DA:472,0
DA:473,0
DA:474,0
DA:477,0
DA:478,0
DA:480,0
DA:481,0
DA:483,0
DA:486,0
DA:489,0
DA:490,0
DA:491,0
DA:505,0
DA:506,0
DA:507,0
DA:510,0
DA:512,0
DA:513,0
DA:541,0
DA:543,0
DA:545,0
DA:553,0
DA:554,0
DA:555,0
DA:556,0
DA:559,0
DA:560,0
DA:562,0
DA:579,0
DA:580,0
DA:582,0
DA:601,0
DA:603,0
DA:605,0
DA:613,0
DA:614,0
DA:617,0
DA:618,0
DA:621,0
DA:622,0
DA:623,0
DA:625,0
DA:626,0
DA:628,0
DA:629,0
DA:630,0
DA:631,0
DA:633,0
DA:637,0
DA:640,0
DA:642,0
DA:648,0
DA:649,0
DA:651,0
DA:659,0
DA:660,0
DA:661,0
DA:683,0
DA:685,0
DA:687,0
DA:688,0
DA:701,0
DA:704,0
DA:706,0
DA:711,0
LF:217
LH:0
BRDA:16,0,0,0
BRDA:22,1,0,0
BRDA:22,1,1,0
BRDA:25,2,0,0
BRDA:25,2,1,0
BRDA:46,3,0,0
BRDA:46,3,1,0
BRDA:73,4,0,0
BRDA:73,4,1,0
BRDA:74,5,0,0
BRDA:74,5,1,0
BRDA:75,6,0,0
BRDA:75,6,1,0
BRDA:76,7,0,0
BRDA:76,7,1,0
BRDA:77,8,0,0
BRDA:77,8,1,0
BRDA:78,9,0,0
BRDA:78,9,1,0
BRDA:90,10,0,0
BRDA:90,10,1,0
BRDA:91,11,0,0
BRDA:91,11,1,0
BRDA:92,12,0,0
BRDA:92,12,1,0
BRDA:93,13,0,0
BRDA:93,13,1,0
BRDA:105,14,0,0
BRDA:105,14,1,0
BRDA:116,15,0,0
BRDA:116,16,0,0
BRDA:116,17,0,0
BRDA:116,18,0,0
BRDA:116,19,0,0
BRDA:116,20,0,0
BRDA:116,21,0,0
BRDA:119,22,0,0
BRDA:119,22,1,0
BRDA:119,23,0,0
BRDA:119,23,1,0
BRDA:122,24,0,0
BRDA:122,24,1,0
BRDA:129,25,0,0
BRDA:129,25,1,0
BRDA:142,26,0,0
BRDA:142,26,1,0
BRDA:145,27,0,0
BRDA:145,27,1,0
BRDA:181,28,0,0
BRDA:181,28,1,0
BRDA:183,29,0,0
BRDA:183,29,1,0
BRDA:184,30,0,0
BRDA:184,30,1,0
BRDA:185,31,0,0
BRDA:185,31,1,0
BRDA:212,32,0,0
BRDA:212,32,1,0
BRDA:240,33,0,0
BRDA:240,33,1,0
BRDA:247,34,0,0
BRDA:247,34,1,0
BRDA:248,35,0,0
BRDA:248,35,1,0
BRDA:269,36,0,0
BRDA:269,36,1,0
BRDA:269,37,0,0
BRDA:269,37,1,0
BRDA:274,38,0,0
BRDA:274,38,1,0
BRDA:284,39,0,0
BRDA:284,39,1,0
BRDA:286,40,0,0
BRDA:286,40,1,0
BRDA:312,41,0,0
BRDA:316,42,0,0
BRDA:317,43,0,0
BRDA:317,43,1,0
BRDA:373,44,0,0
BRDA:373,44,1,0
BRDA:382,45,0,0
BRDA:382,45,1,0
BRDA:388,46,0,0
BRDA:388,46,1,0
BRDA:390,47,0,0
BRDA:390,47,1,0
BRDA:394,48,0,0
BRDA:394,48,1,0
BRDA:400,49,0,0
BRDA:400,49,1,0
BRDA:444,50,0,0
BRDA:444,50,1,0
BRDA:458,51,0,0
BRDA:458,52,0,0
BRDA:458,53,0,0
BRDA:458,54,0,0
BRDA:458,55,0,0
BRDA:460,56,0,0
BRDA:460,56,1,0
BRDA:460,57,0,0
BRDA:460,57,1,0
BRDA:463,58,0,0
BRDA:463,58,1,0
BRDA:463,59,0,0
BRDA:463,59,1,0
BRDA:466,60,0,0
BRDA:466,60,1,0
BRDA:473,61,0,0
BRDA:473,61,1,0
BRDA:487,62,0,0
BRDA:487,62,1,0
BRDA:487,63,0,0
BRDA:487,63,1,0
BRDA:490,64,0,0
BRDA:490,64,1,0
BRDA:521,65,0,0
BRDA:521,65,1,0
BRDA:522,66,0,0
BRDA:522,66,1,0
BRDA:523,67,0,0
BRDA:523,67,1,0
BRDA:555,68,0,0
BRDA:555,68,1,0
BRDA:583,69,0,0
BRDA:583,69,1,0
BRDA:584,70,0,0
BRDA:584,70,1,0
BRDA:585,71,0,0
BRDA:585,71,1,0
BRDA:586,72,0,0
BRDA:586,72,1,0
BRDA:587,73,0,0
BRDA:587,73,1,0
BRDA:591,74,0,0
BRDA:591,74,1,0
BRDA:592,75,0,0
BRDA:592,75,1,0
BRDA:593,76,0,0
BRDA:593,76,1,0
BRDA:594,77,0,0
BRDA:594,77,1,0
BRDA:613,78,0,0
BRDA:613,78,1,0
BRDA:613,79,0,0
BRDA:613,79,1,0
BRDA:617,80,0,0
BRDA:617,80,1,0
BRDA:658,81,0,0
BRDA:658,82,0,0
BRDA:658,83,0,0
BRDA:685,84,0,0
BRDA:685,84,1,0
BRDA:696,85,0,0
BRDA:696,85,1,0
BRDA:697,86,0,0
BRDA:697,86,1,0
BRF:156
BRH:0
end_of_record
