TN:
SF:db.js
FN:34,(anonymous_0)
FN:65,(anonymous_1)
FN:75,(anonymous_2)
FNF:3
FNH:3
FNDA:3,(anonymous_0)
FNDA:13,(anonymous_1)
FNDA:2,(anonymous_2)
DA:1,8
DA:7,8
DA:23,8
DA:24,8
DA:34,8
DA:35,3
DA:36,3
DA:37,3
DA:38,3
DA:39,3
DA:41,3
DA:43,3
DA:44,0
DA:45,0
DA:47,3
DA:48,3
DA:50,3
DA:52,3
DA:53,0
DA:65,13
DA:75,8
DA:76,2
DA:77,2
DA:78,2
DA:79,2
DA:80,1
DA:81,1
DA:83,1
DA:84,1
DA:86,2
DA:90,8
LF:31
LH:28
BRDA:8,0,0,8
BRDA:8,0,1,0
BRDA:9,1,0,8
BRDA:9,1,1,0
BRDA:10,2,0,8
BRDA:10,2,1,0
BRDA:11,3,0,8
BRDA:11,3,1,0
BRDA:12,4,0,8
BRDA:12,4,1,0
BRDA:52,5,0,0
BRDA:52,5,1,3
BRDA:52,6,0,3
BRDA:52,6,1,3
BRF:14
BRH:8
end_of_record
TN:
SF:server-legacy.js
FN:102,(anonymous_0)
FN:134,(anonymous_1)
FN:139,(anonymous_2)
FN:157,(anonymous_3)
FN:166,(anonymous_4)
FN:177,(anonymous_5)
FN:190,(anonymous_6)
FNF:7
FNH:0
FNDA:0,(anonymous_0)
FNDA:0,(anonymous_1)
FNDA:0,(anonymous_2)
FNDA:0,(anonymous_3)
FNDA:0,(anonymous_4)
FNDA:0,(anonymous_5)
FNDA:0,(anonymous_6)
DA:25,0
DA:26,0
DA:27,0
DA:28,0
DA:29,0
DA:30,0
DA:31,0
DA:32,0
DA:33,0
DA:39,0
DA:45,0
DA:48,0
DA:63,0
DA:73,0
DA:77,0
DA:87,0
DA:94,0
DA:104,0
DA:105,0
DA:106,0
DA:108,0
DA:117,0
DA:135,0
DA:136,0
DA:137,0
DA:139,0
DA:142,0
DA:148,0
DA:150,0
DA:157,0
DA:158,0
DA:166,0
DA:167,0
DA:177,0
DA:178,0
DA:179,0
DA:190,0
DA:191,0
LF:38
LH:0
BRDA:45,0,0,0
BRDA:45,0,1,0
BRDA:80,1,0,0
BRDA:80,1,1,0
BRDA:105,2,0,0
BRDA:105,2,1,0
BRDA:136,3,0,0
BRDA:136,3,1,0
BRF:8
BRH:0
end_of_record
TN:
SF:server.js
FN:106,(anonymous_0)
FN:138,(anonymous_1)
FN:143,(anonymous_2)
FN:167,(anonymous_3)
FN:176,(anonymous_4)
FN:187,(anonymous_5)
FN:200,(anonymous_6)
FNF:7
FNH:0
FNDA:0,(anonymous_0)
FNDA:0,(anonymous_1)
FNDA:0,(anonymous_2)
FNDA:0,(anonymous_3)
FNDA:0,(anonymous_4)
FNDA:0,(anonymous_5)
FNDA:0,(anonymous_6)
DA:25,0
DA:26,0
DA:27,0
DA:28,0
DA:29,0
DA:30,0
DA:31,0
DA:32,0
DA:33,0
DA:34,0
DA:35,0
DA:36,0
DA:37,0
DA:43,0
DA:49,0
DA:52,0
DA:67,0
DA:77,0
DA:81,0
DA:91,0
DA:98,0
DA:108,0
DA:109,0
DA:110,0
DA:112,0
DA:121,0
DA:139,0
DA:140,0
DA:141,0
DA:143,0
DA:146,0
DA:152,0
DA:154,0
DA:157,0
DA:159,0
DA:160,0
DA:167,0
DA:168,0
DA:176,0
DA:177,0
DA:187,0
DA:188,0
DA:189,0
DA:200,0
DA:201,0
LF:45
LH:0
BRDA:49,0,0,0
BRDA:49,0,1,0
BRDA:84,1,0,0
BRDA:84,1,1,0
BRDA:109,2,0,0
BRDA:109,2,1,0
BRDA:140,3,0,0
BRDA:140,3,1,0
BRF:8
BRH:0
end_of_record
TN:
SF:test-api-spec.js
FN:37,log
FN:44,testApi
FN:56,(anonymous_2)
FN:123,testNasaApiProxy
FN:180,testResourceNavigator
FN:250,testVersion1Api
FN:277,testSystemEndpoints
FN:314,validateOpenApiSpec
FN:351,printSummary
FN:366,(anonymous_9)
FN:367,(anonymous_10)
FN:373,(anonymous_11)
FN:389,runTests
FN:419,(anonymous_13)
FN:427,(anonymous_14)
FNF:15
FNH:0
FNDA:0,log
FNDA:0,testApi
FNDA:0,(anonymous_2)
FNDA:0,testNasaApiProxy
FNDA:0,testResourceNavigator
FNDA:0,testVersion1Api
FNDA:0,testSystemEndpoints
FNDA:0,validateOpenApiSpec
FNDA:0,printSummary
FNDA:0,(anonymous_9)
FNDA:0,(anonymous_10)
FNDA:0,(anonymous_11)
FNDA:0,runTests
FNDA:0,(anonymous_13)
FNDA:0,(anonymous_14)
DA:8,0
DA:9,0
DA:10,0
DA:13,0
DA:14,0
DA:15,0
DA:18,0
DA:26,0
DA:38,0
DA:45,0
DA:47,0
DA:48,0
DA:49,0
DA:50,0
DA:52,0
DA:56,0
DA:59,0
DA:60,0
DA:61,0
DA:64,0
DA:65,0
DA:66,0
DA:68,0
DA:70,0
DA:71,0
DA:72,0
DA:75,0
DA:76,0
DA:77,0
DA:78,0
DA:80,0
DA:83,0
DA:84,0
DA:85,0
DA:88,0
DA:99,0
DA:102,0
DA:103,0
DA:105,0
DA:116,0
DA:124,0
DA:127,0
DA:137,0
DA:147,0
DA:157,0
DA:167,0
DA:181,0
DA:184,0
DA:194,0
DA:204,0
DA:213,0
DA:223,0
DA:227,0
DA:237,0
DA:251,0
DA:254,0
DA:264,0
DA:278,0
DA:281,0
DA:291,0
DA:299,0
DA:300,0
DA:315,0
DA:317,0
DA:318,0
DA:321,0
DA:322,0
DA:323,0
DA:324,0
DA:326,0
DA:327,0
DA:328,0
DA:330,0
DA:331,0
DA:334,0
DA:337,0
DA:338,0
DA:339,0
DA:342,0
DA:343,0
DA:344,0
DA:352,0
DA:353,0
DA:354,0
DA:356,0
DA:357,0
DA:358,0
DA:360,0
DA:361,0
DA:363,0
DA:364,0
DA:365,0
DA:366,0
DA:368,0
DA:372,0
DA:373,0
DA:374,0
DA:375,0
DA:376,0
DA:379,0
DA:380,0
DA:381,0
DA:383,0
DA:390,0
DA:391,0
DA:392,0
DA:395,0
DA:396,0
DA:397,0
DA:399,0
DA:400,0
DA:401,0
DA:405,0
DA:406,0
DA:407,0
DA:408,0
DA:409,0
DA:412,0
DA:415,0
DA:419,0
DA:420,0
DA:421,0
DA:422,0
DA:426,0
DA:427,0
DA:428,0
DA:429,0
DA:430,0
DA:434,0
LF:129
LH:0
BRDA:37,0,0,0
BRDA:44,1,0,0
BRDA:44,2,0,0
BRDA:44,3,0,0
BRDA:49,4,0,0
BRDA:49,4,1,0
BRDA:59,5,0,0
BRDA:59,5,1,0
BRDA:70,6,0,0
BRDA:70,6,1,0
BRDA:75,7,0,0
BRDA:75,7,1,0
BRDA:304,8,0,0
BRDA:304,8,1,0
BRDA:326,9,0,0
BRDA:326,9,1,0
BRDA:326,10,0,0
BRDA:326,10,1,0
BRDA:326,10,2,0
BRDA:326,10,3,0
BRDA:338,11,0,0
BRDA:338,11,1,0
BRDA:360,12,0,0
BRDA:360,12,1,0
BRDA:361,13,0,0
BRDA:361,13,1,0
BRDA:361,14,0,0
BRDA:361,14,1,0
BRDA:363,15,0,0
BRDA:363,15,1,0
BRDA:368,16,0,0
BRDA:368,16,1,0
BRDA:374,17,0,0
BRDA:374,17,1,0
BRDA:375,18,0,0
BRDA:375,18,1,0
BRDA:415,19,0,0
BRDA:415,19,1,0
BRDA:426,20,0,0
BRDA:426,20,1,0
BRF:40
BRH:0
end_of_record
TN:
SF:test-fixed-server.js
FN:12,(anonymous_0)
FN:43,(anonymous_1)
FN:159,(anonymous_2)
FN:170,(anonymous_3)
FNF:4
FNH:0
FNDA:0,(anonymous_0)
FNDA:0,(anonymous_1)
FNDA:0,(anonymous_2)
FNDA:0,(anonymous_3)
DA:8,0
DA:10,0
DA:12,0
DA:13,0
DA:14,0
DA:23,0
DA:24,0
DA:27,0
DA:29,0
DA:35,0
DA:43,0
DA:44,0
DA:46,0
DA:117,0
DA:118,0
DA:120,0
DA:121,0
DA:123,0
DA:124,0
DA:126,0
DA:127,0
DA:128,0
DA:130,0
DA:131,0
DA:132,0
DA:134,0
DA:137,0
DA:138,0
DA:141,0
DA:144,0
DA:145,0
DA:146,0
DA:147,0
DA:149,0
DA:150,0
DA:151,0
DA:153,0
DA:154,0
DA:159,0
DA:160,0
DA:161,0
DA:162,0
DA:164,0
DA:165,0
DA:166,0
DA:170,0
DA:171,0
DA:172,0
DA:173,0
DA:176,0
DA:179,0
LF:51
LH:0
BRDA:12,0,0,0
BRDA:12,1,0,0
BRDA:23,2,0,0
BRDA:23,2,1,0
BRDA:37,3,0,0
BRDA:37,3,1,0
BRDA:38,4,0,0
BRDA:38,4,1,0
BRDA:126,5,0,0
BRDA:126,5,1,0
BRDA:131,6,0,0
BRDA:131,6,1,0
BRDA:149,7,0,0
BRDA:149,7,1,0
BRDA:172,8,0,0
BRDA:172,8,1,0
BRF:16
BRH:0
end_of_record
TN:
SF:test-real-api.js
FN:23,testServerHealth
FN:41,testApodApi
FN:53,(anonymous_2)
FN:86,testDateSpecificApod
FN:109,main
FN:158,(anonymous_5)
FNF:6
FNH:0
FNDA:0,testServerHealth
FNDA:0,testApodApi
FNDA:0,(anonymous_2)
FNDA:0,testDateSpecificApod
FNDA:0,main
FNDA:0,(anonymous_5)
DA:11,0
DA:13,0
DA:16,0
DA:24,0
DA:25,0
DA:26,0
DA:28,0
DA:29,0
DA:30,0
DA:31,0
DA:33,0
DA:35,0
DA:36,0
DA:37,0
DA:42,0
DA:43,0
DA:46,0
DA:48,0
DA:49,0
DA:52,0
DA:53,0
DA:55,0
DA:56,0
DA:57,0
DA:58,0
DA:59,0
DA:60,0
DA:61,0
DA:63,0
DA:64,0
DA:67,0
DA:68,0
DA:69,0
DA:71,0
DA:74,0
DA:76,0
DA:77,0
DA:78,0
DA:79,0
DA:81,0
DA:82,0
DA:87,0
DA:88,0
DA:91,0
DA:93,0
DA:94,0
DA:95,0
DA:96,0
DA:97,0
DA:99,0
DA:101,0
DA:103,0
DA:104,0
DA:105,0
DA:110,0
DA:111,0
DA:112,0
DA:113,0
DA:114,0
DA:115,0
DA:117,0
DA:118,0
DA:119,0
DA:120,0
DA:121,0
DA:124,0
DA:125,0
DA:127,0
DA:128,0
DA:129,0
DA:132,0
DA:133,0
DA:134,0
DA:135,0
DA:137,0
DA:138,0
DA:141,0
DA:142,0
DA:143,0
DA:144,0
DA:145,0
DA:146,0
DA:147,0
DA:149,0
DA:150,0
DA:151,0
DA:152,0
DA:157,0
DA:158,0
DA:159,0
DA:160,0
DA:164,0
LF:92
LH:0
BRDA:28,0,0,0
BRDA:28,0,1,0
BRDA:48,1,0,0
BRDA:48,1,1,0
BRDA:48,2,0,0
BRDA:48,2,1,0
BRDA:55,3,0,0
BRDA:55,3,1,0
BRDA:63,4,0,0
BRDA:63,4,1,0
BRDA:77,5,0,0
BRDA:77,5,1,0
BRDA:93,6,0,0
BRDA:93,6,1,0
BRDA:93,7,0,0
BRDA:93,7,1,0
BRDA:118,8,0,0
BRDA:118,8,1,0
BRDA:127,9,0,0
BRDA:127,9,1,0
BRDA:133,10,0,0
BRDA:133,10,1,0
BRDA:134,11,0,0
BRDA:134,11,1,0
BRDA:135,12,0,0
BRDA:135,12,1,0
BRDA:137,13,0,0
BRDA:137,13,1,0
BRDA:142,14,0,0
BRDA:142,14,1,0
BRDA:142,15,0,0
BRDA:142,15,1,0
BRDA:157,16,0,0
BRDA:157,16,1,0
BRF:34
BRH:0
end_of_record
TN:
SF:test-server.js
FN:68,(anonymous_0)
FN:76,(anonymous_1)
FN:110,(anonymous_2)
FN:126,(anonymous_3)
FN:142,(anonymous_4)
FN:153,(anonymous_5)
FN:164,(anonymous_6)
FN:177,(anonymous_7)
FNF:8
FNH:0
FNDA:0,(anonymous_0)
FNDA:0,(anonymous_1)
FNDA:0,(anonymous_2)
FNDA:0,(anonymous_3)
FNDA:0,(anonymous_4)
FNDA:0,(anonymous_5)
FNDA:0,(anonymous_6)
FNDA:0,(anonymous_7)
DA:6,0
DA:7,0
DA:8,0
DA:9,0
DA:10,0
DA:21,0
DA:27,0
DA:33,0
DA:36,0
DA:39,0
DA:40,0
DA:43,0
DA:55,0
DA:63,0
DA:64,0
DA:65,0
DA:68,0
DA:69,0
DA:70,0
DA:71,0
DA:72,0
DA:76,0
DA:77,0
DA:78,0
DA:80,0
DA:96,0
DA:97,0
DA:108,0
DA:111,0
DA:124,0
DA:127,0
DA:136,0
DA:140,0
DA:143,0
DA:153,0
DA:154,0
DA:164,0
DA:165,0
DA:166,0
DA:177,0
DA:178,0
DA:179,0
DA:180,0
DA:181,0
DA:182,0
DA:183,0
DA:184,0
DA:187,0
LF:48
LH:0
BRDA:36,0,0,0
BRDA:36,0,1,0
BRDA:36,0,2,0
BRDA:36,0,3,0
BRDA:36,0,4,0
BRDA:36,0,5,0
BRDA:36,0,6,0
BRDA:36,0,7,0
BRDA:36,0,8,0
BRDA:40,1,0,0
BRDA:40,1,1,0
BRDA:56,2,0,0
BRDA:56,2,1,0
BRDA:87,3,0,0
BRDA:87,3,1,0
BRDA:166,4,0,0
BRDA:166,4,1,0
BRDA:169,5,0,0
BRDA:169,5,1,0
BRDA:170,6,0,0
BRDA:170,6,1,0
BRF:21
BRH:0
end_of_record
TN:
SF:middleware/auth.js
FN:38,(anonymous_0)
FN:52,(anonymous_1)
FN:101,(anonymous_2)
FN:109,(anonymous_3)
FN:136,(anonymous_4)
FN:137,(anonymous_5)
FN:228,(anonymous_6)
FN:292,(anonymous_7)
FN:300,(anonymous_8)
FN:333,(anonymous_9)
FN:341,(anonymous_10)
FNF:11
FNH:2
FNDA:5,(anonymous_0)
FNDA:5,(anonymous_1)
FNDA:0,(anonymous_2)
FNDA:0,(anonymous_3)
FNDA:0,(anonymous_4)
FNDA:0,(anonymous_5)
FNDA:0,(anonymous_6)
FNDA:0,(anonymous_7)
FNDA:0,(anonymous_8)
FNDA:0,(anonymous_9)
FNDA:0,(anonymous_10)
DA:15,1
DA:16,1
DA:38,1
DA:39,5
DA:40,5
DA:42,5
DA:43,0
DA:52,5
DA:53,5
DA:60,0
DA:65,5
DA:66,0
DA:74,5
DA:75,5
DA:101,1
DA:102,0
DA:103,0
DA:105,0
DA:106,0
DA:109,0
DA:110,0
DA:111,0
DA:113,0
DA:136,1
DA:137,0
DA:138,0
DA:139,0
DA:148,0
DA:149,0
DA:158,0
DA:168,1
DA:187,1
DA:228,1
DA:229,0
DA:230,0
DA:237,0
DA:239,0
DA:246,0
DA:252,0
DA:268,1
DA:293,0
DA:294,0
DA:295,0
DA:300,0
DA:307,0
DA:318,1
DA:334,0
DA:335,0
DA:336,0
DA:341,0
DA:348,0
DA:364,1
LF:52
LH:19
BRDA:40,0,0,5
BRDA:40,0,1,5
BRDA:42,1,0,0
BRDA:42,1,1,5
BRDA:53,2,0,0
BRDA:53,2,1,5
BRDA:54,3,0,5
BRDA:54,3,1,0
BRDA:54,3,2,0
BRDA:54,3,3,0
BRDA:65,4,0,0
BRDA:65,4,1,5
BRDA:103,5,0,0
BRDA:103,5,1,0
BRDA:105,6,0,0
BRDA:105,6,1,0
BRDA:110,7,0,0
BRDA:110,7,1,0
BRDA:136,8,0,0
BRDA:138,9,0,0
BRDA:138,9,1,0
BRDA:148,10,0,0
BRDA:148,10,1,0
BRDA:148,11,0,0
BRDA:148,11,1,0
BRDA:229,12,0,0
BRDA:229,12,1,0
BRDA:237,13,0,0
BRDA:237,13,1,0
BRDA:237,13,2,0
BRDA:237,13,3,0
BRDA:294,14,0,0
BRDA:294,14,1,0
BRDA:335,15,0,0
BRDA:335,15,1,0
BRF:35
BRH:6
end_of_record
TN:
SF:middleware/cache-enhanced.js
FN:34,(anonymous_0)
FN:61,(anonymous_1)
FN:66,(anonymous_2)
FN:71,(anonymous_3)
FN:75,(anonymous_4)
FN:85,(anonymous_5)
FN:90,(anonymous_6)
FN:108,(anonymous_7)
FN:167,(anonymous_8)
FN:206,(anonymous_9)
FN:228,(anonymous_10)
FN:250,(anonymous_11)
FN:264,(anonymous_12)
FN:265,(anonymous_13)
FN:271,(anonymous_14)
FN:307,(anonymous_15)
FN:311,(anonymous_16)
FN:313,(anonymous_17)
FN:348,(anonymous_18)
FN:349,(anonymous_19)
FN:352,(anonymous_20)
FN:358,(anonymous_21)
FN:382,(anonymous_22)
FN:389,(anonymous_23)
FN:396,(anonymous_24)
FN:404,(anonymous_25)
FN:408,(anonymous_26)
FN:414,(anonymous_27)
FN:435,(anonymous_28)
FN:448,(anonymous_29)
FN:449,(anonymous_30)
FN:450,(anonymous_31)
FN:479,(anonymous_32)
FN:508,(anonymous_33)
FN:509,(anonymous_34)
FN:524,(anonymous_35)
FNF:36
FNH:0
FNDA:0,(anonymous_0)
FNDA:0,(anonymous_1)
FNDA:0,(anonymous_2)
FNDA:0,(anonymous_3)
FNDA:0,(anonymous_4)
FNDA:0,(anonymous_5)
FNDA:0,(anonymous_6)
FNDA:0,(anonymous_7)
FNDA:0,(anonymous_8)
FNDA:0,(anonymous_9)
FNDA:0,(anonymous_10)
FNDA:0,(anonymous_11)
FNDA:0,(anonymous_12)
FNDA:0,(anonymous_13)
FNDA:0,(anonymous_14)
FNDA:0,(anonymous_15)
FNDA:0,(anonymous_16)
FNDA:0,(anonymous_17)
FNDA:0,(anonymous_18)
FNDA:0,(anonymous_19)
FNDA:0,(anonymous_20)
FNDA:0,(anonymous_21)
FNDA:0,(anonymous_22)
FNDA:0,(anonymous_23)
FNDA:0,(anonymous_24)
FNDA:0,(anonymous_25)
FNDA:0,(anonymous_26)
FNDA:0,(anonymous_27)
FNDA:0,(anonymous_28)
FNDA:0,(anonymous_29)
FNDA:0,(anonymous_30)
FNDA:0,(anonymous_31)
FNDA:0,(anonymous_32)
FNDA:0,(anonymous_33)
FNDA:0,(anonymous_34)
FNDA:0,(anonymous_35)
DA:15,0
DA:16,0
DA:19,0
DA:26,0
DA:27,0
DA:28,0
DA:31,0
DA:35,0
DA:36,0
DA:37,0
DA:39,0
DA:40,0
DA:41,0
DA:61,0
DA:62,0
DA:66,0
DA:67,0
DA:68,0
DA:71,0
DA:72,0
DA:75,0
DA:76,0
DA:81,0
DA:85,0
DA:86,0
DA:87,0
DA:90,0
DA:91,0
DA:108,0
DA:109,0
DA:110,0
DA:111,0
DA:112,0
DA:115,0
DA:116,0
DA:122,0
DA:124,0
DA:125,0
DA:127,0
DA:128,0
DA:131,0
DA:132,0
DA:138,0
DA:139,0
DA:140,0
DA:144,0
DA:145,0
DA:146,0
DA:148,0
DA:167,0
DA:168,0
DA:169,0
DA:170,0
DA:173,0
DA:178,0
DA:179,0
DA:185,0
DA:193,0
DA:194,0
DA:203,0
DA:206,0
DA:207,0
DA:210,0
DA:228,0
DA:229,0
DA:230,0
DA:233,0
DA:234,0
DA:236,0
DA:240,0
DA:250,0
DA:251,0
DA:252,0
DA:253,0
DA:254,0
DA:264,0
DA:265,0
DA:266,0
DA:268,0
DA:270,0
DA:271,0
DA:275,0
DA:276,0
DA:282,0
DA:283,0
DA:286,0
DA:287,0
DA:289,0
DA:291,0
DA:299,0
DA:306,0
DA:307,0
DA:309,0
DA:310,0
DA:311,0
DA:314,0
DA:319,0
DA:320,0
DA:322,0
DA:325,0
DA:328,0
DA:336,0
DA:337,0
DA:338,0
DA:348,0
DA:349,0
DA:350,0
DA:351,0
DA:352,0
DA:356,0
DA:357,0
DA:358,0
DA:362,0
DA:369,0
DA:375,0
DA:382,0
DA:383,0
DA:389,0
DA:390,0
DA:396,0
DA:397,0
DA:404,0
DA:405,0
DA:406,0
DA:407,0
DA:408,0
DA:412,0
DA:413,0
DA:414,0
DA:418,0
DA:425,0
DA:435,0
DA:436,0
DA:437,0
DA:438,0
DA:447,0
DA:448,0
DA:449,0
DA:450,0
DA:453,0
DA:462,0
DA:466,0
DA:479,0
DA:480,0
DA:481,0
DA:482,0
DA:485,0
DA:486,0
DA:488,0
DA:497,0
DA:498,0
DA:499,0
DA:500,0
DA:508,0
DA:509,0
DA:512,0
DA:515,0
DA:524,0
DA:525,0
DA:526,0
DA:527,0
DA:528,0
DA:529,0
DA:532,0
DA:539,0
DA:540,0
DA:542,0
LF:167
LH:0
BRDA:32,0,0,0
BRDA:32,0,1,0
BRDA:35,1,0,0
BRDA:35,1,1,0
BRDA:62,2,0,0
BRDA:62,2,1,0
BRDA:110,3,0,0
BRDA:110,3,1,0
BRDA:119,4,0,0
BRDA:119,4,1,0
BRDA:138,5,0,0
BRDA:138,5,1,0
BRDA:169,6,0,0
BRDA:169,6,1,0
BRDA:178,7,0,0
BRDA:178,7,1,0
BRDA:228,8,0,0
BRDA:229,9,0,0
BRDA:229,9,1,0
BRDA:237,10,0,0
BRDA:237,10,1,0
BRDA:250,11,0,0
BRDA:251,12,0,0
BRDA:251,12,1,0
BRDA:252,13,0,0
BRDA:252,13,1,0
BRDA:264,14,0,0
BRDA:264,15,0,0
BRDA:275,16,0,0
BRDA:275,16,1,0
BRDA:279,17,0,0
BRDA:279,17,1,0
BRDA:302,18,0,0
BRDA:302,18,1,0
BRDA:309,19,0,0
BRDA:309,19,1,0
BRDA:309,20,0,0
BRDA:309,20,1,0
BRDA:309,20,2,0
BRDA:356,21,0,0
BRDA:356,21,1,0
BRDA:382,22,0,0
BRDA:389,23,0,0
BRDA:396,24,0,0
BRDA:412,25,0,0
BRDA:412,25,1,0
BRDA:437,26,0,0
BRDA:437,26,1,0
BRDA:480,27,0,0
BRDA:480,27,1,0
BRDA:526,28,0,0
BRDA:526,28,1,0
BRF:52
BRH:0
end_of_record
TN:
SF:middleware/cache.js
FN:22,(anonymous_0)
FN:52,(anonymous_1)
FN:57,(anonymous_2)
FN:62,(anonymous_3)
FN:66,(anonymous_4)
FN:72,(anonymous_5)
FN:77,(anonymous_6)
FN:95,(anonymous_7)
FN:112,(anonymous_8)
FN:133,(anonymous_9)
FN:159,(anonymous_10)
FN:160,(anonymous_11)
FN:188,(anonymous_12)
FN:192,(anonymous_13)
FN:227,(anonymous_14)
FN:228,(anonymous_15)
FN:258,(anonymous_16)
FN:272,(anonymous_17)
FN:286,(anonymous_18)
FN:302,(anonymous_19)
FN:336,(anonymous_20)
FN:370,(anonymous_21)
FN:403,(anonymous_22)
FN:413,(anonymous_23)
FNF:24
FNH:0
FNDA:0,(anonymous_0)
FNDA:0,(anonymous_1)
FNDA:0,(anonymous_2)
FNDA:0,(anonymous_3)
FNDA:0,(anonymous_4)
FNDA:0,(anonymous_5)
FNDA:0,(anonymous_6)
FNDA:0,(anonymous_7)
FNDA:0,(anonymous_8)
FNDA:0,(anonymous_9)
FNDA:0,(anonymous_10)
FNDA:0,(anonymous_11)
FNDA:0,(anonymous_12)
FNDA:0,(anonymous_13)
FNDA:0,(anonymous_14)
FNDA:0,(anonymous_15)
FNDA:0,(anonymous_16)
FNDA:0,(anonymous_17)
FNDA:0,(anonymous_18)
FNDA:0,(anonymous_19)
FNDA:0,(anonymous_20)
FNDA:0,(anonymous_21)
FNDA:0,(anonymous_22)
FNDA:0,(anonymous_23)
DA:15,0
DA:16,0
DA:19,0
DA:23,0
DA:24,0
DA:25,0
DA:27,0
DA:28,0
DA:29,0
DA:39,0
DA:52,0
DA:53,0
DA:57,0
DA:58,0
DA:59,0
DA:62,0
DA:63,0
DA:66,0
DA:67,0
DA:68,0
DA:72,0
DA:73,0
DA:74,0
DA:77,0
DA:78,0
DA:95,0
DA:96,0
DA:97,0
DA:98,0
DA:99,0
DA:100,0
DA:102,0
DA:104,0
DA:105,0
DA:107,0
DA:112,0
DA:113,0
DA:114,0
DA:133,0
DA:134,0
DA:135,0
DA:136,0
DA:137,0
DA:159,0
DA:160,0
DA:162,0
DA:163,0
DA:164,0
DA:165,0
DA:168,0
DA:170,0
DA:172,0
DA:173,0
DA:174,0
DA:175,0
DA:178,0
DA:179,0
DA:181,0
DA:184,0
DA:187,0
DA:188,0
DA:190,0
DA:191,0
DA:192,0
DA:196,0
DA:197,0
DA:199,0
DA:202,0
DA:204,0
DA:206,0
DA:207,0
DA:227,0
DA:228,0
DA:230,0
DA:231,0
DA:232,0
DA:235,0
DA:236,0
DA:237,0
DA:238,0
DA:239,0
DA:242,0
DA:244,0
DA:258,0
DA:259,0
DA:272,0
DA:273,0
DA:286,0
DA:287,0
DA:302,0
DA:304,0
DA:305,0
DA:306,0
DA:309,0
DA:310,0
DA:311,0
DA:312,0
DA:313,0
DA:314,0
DA:317,0
DA:336,0
DA:337,0
DA:338,0
DA:339,0
DA:340,0
DA:342,0
DA:349,0
DA:350,0
DA:370,0
DA:372,0
DA:373,0
DA:374,0
DA:377,0
DA:378,0
DA:381,0
DA:387,0
DA:388,0
DA:389,0
DA:390,0
DA:396,0
DA:398,0
DA:403,0
DA:404,0
DA:405,0
DA:406,0
DA:408,0
DA:410,0
DA:413,0
DA:414,0
DA:415,0
DA:416,0
DA:418,0
DA:420,0
DA:423,0
LF:134
LH:0
BRDA:20,0,0,0
BRDA:20,0,1,0
BRDA:23,1,0,0
BRDA:23,1,1,0
BRDA:53,2,0,0
BRDA:53,2,1,0
BRDA:97,3,0,0
BRDA:97,3,1,0
BRDA:133,4,0,0
BRDA:134,5,0,0
BRDA:134,5,1,0
BRDA:135,6,0,0
BRDA:135,6,1,0
BRDA:159,7,0,0
BRDA:159,8,0,0
BRDA:162,9,0,0
BRDA:162,9,1,0
BRDA:173,10,0,0
BRDA:173,10,1,0
BRDA:190,11,0,0
BRDA:190,11,1,0
BRDA:190,12,0,0
BRDA:190,12,1,0
BRDA:190,12,2,0
BRDA:230,13,0,0
BRDA:230,13,1,0
BRDA:237,14,0,0
BRDA:237,14,1,0
BRDA:258,15,0,0
BRDA:272,16,0,0
BRDA:286,17,0,0
BRDA:304,18,0,0
BRDA:304,18,1,0
BRDA:312,19,0,0
BRDA:312,19,1,0
BRDA:372,20,0,0
BRDA:372,20,1,0
BRF:37
BRH:0
end_of_record
TN:
SF:middleware/errorHandler.js
FN:36,(anonymous_0)
FN:55,(anonymous_1)
FN:69,(anonymous_2)
FN:84,(anonymous_3)
FN:99,(anonymous_4)
FN:112,(anonymous_5)
FN:125,(anonymous_6)
FN:138,(anonymous_7)
FN:164,(anonymous_8)
FN:182,(anonymous_9)
FN:206,(anonymous_10)
FN:218,(anonymous_11)
FN:234,(anonymous_12)
FN:256,(anonymous_13)
FN:261,(anonymous_14)
FN:273,(anonymous_15)
FN:306,(anonymous_16)
FN:315,(anonymous_17)
FN:324,(anonymous_18)
FN:333,(anonymous_19)
FN:354,(anonymous_20)
FN:371,(anonymous_21)
FN:381,(anonymous_22)
FN:406,(anonymous_23)
FN:407,(anonymous_24)
FN:408,(anonymous_25)
FN:414,(anonymous_26)
FN:417,(anonymous_27)
FN:428,(anonymous_28)
FN:436,(anonymous_29)
FN:464,(anonymous_30)
FN:536,(anonymous_31)
FN:537,(anonymous_32)
FN:556,(anonymous_33)
FN:557,(anonymous_34)
FN:605,(anonymous_35)
FN:608,(anonymous_36)
FN:609,(anonymous_37)
FN:632,(anonymous_38)
FN:649,(anonymous_39)
FN:666,(anonymous_40)
FN:678,(anonymous_41)
FN:680,(anonymous_42)
FN:692,(anonymous_43)
FN:704,(anonymous_44)
FNF:45
FNH:0
FNDA:0,(anonymous_0)
FNDA:0,(anonymous_1)
FNDA:0,(anonymous_2)
FNDA:0,(anonymous_3)
FNDA:0,(anonymous_4)
FNDA:0,(anonymous_5)
FNDA:0,(anonymous_6)
FNDA:0,(anonymous_7)
FNDA:0,(anonymous_8)
FNDA:0,(anonymous_9)
FNDA:0,(anonymous_10)
FNDA:0,(anonymous_11)
FNDA:0,(anonymous_12)
FNDA:0,(anonymous_13)
FNDA:0,(anonymous_14)
FNDA:0,(anonymous_15)
FNDA:0,(anonymous_16)
FNDA:0,(anonymous_17)
FNDA:0,(anonymous_18)
FNDA:0,(anonymous_19)
FNDA:0,(anonymous_20)
FNDA:0,(anonymous_21)
FNDA:0,(anonymous_22)
FNDA:0,(anonymous_23)
FNDA:0,(anonymous_24)
FNDA:0,(anonymous_25)
FNDA:0,(anonymous_26)
FNDA:0,(anonymous_27)
FNDA:0,(anonymous_28)
FNDA:0,(anonymous_29)
FNDA:0,(anonymous_30)
FNDA:0,(anonymous_31)
FNDA:0,(anonymous_32)
FNDA:0,(anonymous_33)
FNDA:0,(anonymous_34)
FNDA:0,(anonymous_35)
FNDA:0,(anonymous_36)
FNDA:0,(anonymous_37)
FNDA:0,(anonymous_38)
FNDA:0,(anonymous_39)
FNDA:0,(anonymous_40)
FNDA:0,(anonymous_41)
FNDA:0,(anonymous_42)
FNDA:0,(anonymous_43)
FNDA:0,(anonymous_44)
DA:15,0
DA:16,0
DA:37,0
DA:38,0
DA:39,0
DA:40,0
DA:41,0
DA:43,0
DA:56,0
DA:57,0
DA:70,0
DA:71,0
DA:85,0
DA:86,0
DA:87,0
DA:100,0
DA:101,0
DA:113,0
DA:114,0
DA:126,0
DA:127,0
DA:139,0
DA:140,0
DA:165,0
DA:166,0
DA:167,0
DA:169,0
DA:170,0
DA:171,0
DA:172,0
DA:173,0
DA:183,0
DA:184,0
DA:185,0
DA:191,0
DA:192,0
DA:196,0
DA:197,0
DA:198,0
DA:199,0
DA:201,0
DA:202,0
DA:207,0
DA:208,0
DA:209,0
DA:210,0
DA:211,0
DA:212,0
DA:213,0
DA:219,0
DA:220,0
DA:222,0
DA:223,0
DA:224,0
DA:225,0
DA:226,0
DA:235,0
DA:257,0
DA:258,0
DA:262,0
DA:263,0
DA:274,0
DA:275,0
DA:283,0
DA:284,0
DA:285,0
DA:286,0
DA:287,0
DA:289,0
DA:293,0
DA:294,0
DA:295,0
DA:297,0
DA:307,0
DA:316,0
DA:325,0
DA:334,0
DA:338,0
DA:355,0
DA:356,0
DA:357,0
DA:358,0
DA:361,0
DA:362,0
DA:372,0
DA:382,0
DA:383,0
DA:385,0
DA:386,0
DA:387,0
DA:388,0
DA:389,0
DA:390,0
DA:392,0
DA:393,0
DA:394,0
DA:396,0
DA:402,0
DA:407,0
DA:408,0
DA:411,0
DA:415,0
DA:417,0
DA:418,0
DA:419,0
DA:421,0
DA:425,0
DA:429,0
DA:430,0
DA:431,0
DA:432,0
DA:437,0
DA:438,0
DA:447,0
DA:464,0
DA:465,0
DA:466,0
DA:469,0
DA:482,0
DA:483,0
DA:486,0
DA:487,0
DA:490,0
DA:491,0
DA:494,0
DA:495,0
DA:498,0
DA:499,0
DA:503,0
DA:504,0
DA:505,0
DA:509,0
DA:536,0
DA:537,0
DA:538,0
DA:556,0
DA:557,0
DA:558,0
DA:559,0
DA:561,0
DA:562,0
DA:567,0
DA:575,0
DA:577,0
DA:583,0
DA:605,0
DA:606,0
DA:609,0
DA:632,0
DA:633,0
DA:634,0
DA:635,0
DA:637,0
DA:638,0
DA:641,0
DA:642,0
DA:649,0
DA:666,0
DA:667,0
DA:668,0
DA:670,0
DA:678,0
DA:680,0
DA:681,0
DA:687,0
DA:688,0
DA:692,0
DA:693,0
DA:699,0
DA:700,0
DA:704,0
DA:705,0
DA:714,0
DA:716,0
LF:174
LH:0
BRDA:36,0,0,0
BRDA:36,1,0,0
BRDA:55,2,0,0
BRDA:69,3,0,0
BRDA:84,4,0,0
BRDA:99,5,0,0
BRDA:112,6,0,0
BRDA:125,7,0,0
BRDA:138,8,0,0
BRDA:164,9,0,0
BRDA:165,10,0,0
BRDA:165,10,1,0
BRDA:166,11,0,0
BRDA:166,11,1,0
BRDA:167,12,0,0
BRDA:167,12,1,0
BRDA:183,13,0,0
BRDA:183,13,1,0
BRDA:184,14,0,0
BRDA:184,14,1,0
BRDA:208,15,0,0
BRDA:208,15,1,0
BRDA:210,16,0,0
BRDA:210,16,1,0
BRDA:222,17,0,0
BRDA:222,17,1,0
BRDA:262,18,0,0
BRDA:262,18,1,0
BRDA:273,19,0,0
BRDA:284,20,0,0
BRDA:284,20,1,0
BRDA:286,21,0,0
BRDA:286,21,1,0
BRDA:306,22,0,0
BRDA:315,23,0,0
BRDA:324,24,0,0
BRDA:333,25,0,0
BRDA:361,26,0,0
BRDA:361,26,1,0
BRDA:383,27,0,0
BRDA:383,27,1,0
BRDA:393,28,0,0
BRDA:393,28,1,0
BRDA:415,29,0,0
BRDA:415,29,1,0
BRDA:429,30,0,0
BRDA:429,30,1,0
BRDA:438,31,0,0
BRDA:438,31,1,0
BRDA:477,32,0,0
BRDA:477,32,1,0
BRDA:482,33,0,0
BRDA:482,33,1,0
BRDA:486,34,0,0
BRDA:486,34,1,0
BRDA:490,35,0,0
BRDA:490,35,1,0
BRDA:494,36,0,0
BRDA:494,36,1,0
BRDA:498,37,0,0
BRDA:498,37,1,0
BRDA:503,38,0,0
BRDA:503,38,1,0
BRDA:504,39,0,0
BRDA:504,39,1,0
BRDA:505,40,0,0
BRDA:505,40,1,0
BRDA:505,41,0,0
BRDA:505,41,1,0
BRDA:515,42,0,0
BRDA:515,42,1,0
BRDA:561,43,0,0
BRDA:561,43,1,0
BRDA:561,44,0,0
BRDA:561,44,1,0
BRDA:605,45,0,0
BRDA:605,46,0,0
BRDA:632,47,0,0
BRDA:632,48,0,0
BRDA:637,49,0,0
BRDA:637,49,1,0
BRDA:637,50,0,0
BRDA:637,50,1,0
BRDA:670,51,0,0
BRDA:670,51,1,0
BRDA:670,51,2,0
BRF:86
BRH:0
end_of_record
TN:
SF:middleware/validation.js
FN:37,(anonymous_0)
FN:73,(anonymous_1)
FN:92,(anonymous_2)
FN:100,(anonymous_3)
FN:410,(anonymous_4)
FNF:5
FNH:0
FNDA:0,(anonymous_0)
FNDA:0,(anonymous_1)
FNDA:0,(anonymous_2)
FNDA:0,(anonymous_3)
FNDA:0,(anonymous_4)
DA:16,0
DA:17,0
DA:37,0
DA:38,0
DA:39,0
DA:45,0
DA:46,0
DA:48,0
DA:49,0
DA:50,0
DA:51,0
DA:53,0
DA:55,0
DA:73,0
DA:74,0
DA:75,0
DA:76,0
DA:77,0
DA:92,0
DA:93,0
DA:94,0
DA:95,0
DA:100,0
DA:108,0
DA:121,0
DA:190,0
DA:221,0
DA:260,0
DA:311,0
DA:342,0
DA:352,0
DA:367,0
DA:410,0
DA:412,0
DA:413,0
DA:416,0
DA:419,0
LF:37
LH:0
BRDA:38,0,0,0
BRDA:38,0,1,0
BRDA:45,1,0,0
BRDA:45,1,1,0
BRDA:48,2,0,0
BRDA:48,2,1,0
BRDA:48,3,0,0
BRDA:48,3,1,0
BRDA:94,4,0,0
BRDA:94,4,1,0
BRDA:412,5,0,0
BRDA:412,5,1,0
BRDA:412,6,0,0
BRDA:412,6,1,0
BRF:14
BRH:0
end_of_record
TN:
SF:routes/apiProxy.js
FN:61,(anonymous_0)
FNF:1
FNH:1
FNDA:11,(anonymous_0)
DA:19,2
DA:20,2
DA:21,2
DA:22,2
DA:24,2
DA:25,2
DA:28,2
DA:61,2
DA:62,11
DA:65,11
DA:66,0
DA:70,11
DA:71,11
DA:72,3
DA:73,3
DA:77,11
DA:79,11
DA:80,11
DA:87,7
DA:88,0
DA:91,7
DA:93,4
DA:96,4
DA:97,0
DA:100,4
DA:101,1
DA:102,1
DA:105,1
DA:106,0
DA:109,1
DA:112,3
DA:116,2
LF:32
LH:28
BRDA:65,0,0,0
BRDA:65,0,1,11
BRDA:65,1,0,11
BRDA:65,1,1,11
BRDA:72,2,0,3
BRDA:72,2,1,0
BRDA:72,3,0,3
BRDA:72,3,1,3
BRDA:87,4,0,0
BRDA:87,4,1,7
BRDA:87,5,0,7
BRDA:87,5,1,7
BRDA:96,6,0,0
BRDA:96,6,1,4
BRDA:100,7,0,1
BRDA:100,7,1,3
BRDA:105,8,0,0
BRDA:105,8,1,1
BRF:18
BRH:13
end_of_record
TN:
SF:routes/auth.js
FN:24,(anonymous_0)
FN:48,(anonymous_1)
FN:73,(anonymous_2)
FN:131,(anonymous_3)
FNF:4
FNH:2
FNDA:1,(anonymous_0)
FNDA:1,(anonymous_1)
FNDA:0,(anonymous_2)
FNDA:0,(anonymous_3)
DA:1,1
DA:2,1
DA:3,1
DA:4,1
DA:5,1
DA:8,1
DA:14,1
DA:19,1
DA:24,1
DA:25,1
DA:26,1
DA:27,1
DA:28,0
DA:31,1
DA:32,1
DA:34,1
DA:40,0
DA:41,0
DA:43,0
DA:48,1
DA:49,1
DA:50,1
DA:51,1
DA:52,0
DA:55,1
DA:56,1
DA:58,1
DA:65,0
DA:66,0
DA:68,0
DA:73,1
DA:74,0
DA:75,0
DA:76,0
DA:77,0
DA:80,0
DA:81,0
DA:84,0
DA:86,0
DA:87,0
DA:91,0
DA:92,0
DA:94,0
DA:95,0
DA:100,0
DA:101,0
DA:102,0
DA:106,0
DA:112,0
DA:117,0
DA:120,0
DA:121,0
DA:123,0
DA:124,0
DA:126,0
DA:131,1
DA:132,0
DA:133,0
DA:134,0
DA:136,0
DA:137,0
DA:140,0
DA:141,0
DA:144,0
DA:145,0
DA:147,0
DA:148,0
DA:153,0
DA:154,0
DA:155,0
DA:158,0
DA:163,0
DA:166,0
DA:167,0
DA:169,0
DA:170,0
DA:172,0
DA:176,1
LF:78
LH:25
BRDA:27,0,0,0
BRDA:27,0,1,1
BRDA:40,1,0,0
BRDA:40,1,1,0
BRDA:51,2,0,0
BRDA:51,2,1,1
BRDA:65,3,0,0
BRDA:65,3,1,0
BRDA:76,4,0,0
BRDA:76,4,1,0
BRDA:81,5,0,0
BRDA:81,5,1,0
BRDA:86,6,0,0
BRDA:86,6,1,0
BRDA:101,7,0,0
BRDA:101,7,1,0
BRDA:120,8,0,0
BRDA:120,8,1,0
BRDA:123,9,0,0
BRDA:123,9,1,0
BRDA:134,10,0,0
BRDA:134,10,1,0
BRDA:136,11,0,0
BRDA:136,11,1,0
BRDA:140,12,0,0
BRDA:140,12,1,0
BRDA:154,13,0,0
BRDA:154,13,1,0
BRDA:166,14,0,0
BRDA:166,14,1,0
BRDA:169,15,0,0
BRDA:169,15,1,0
BRF:32
BRH:2
end_of_record
TN:
SF:routes/collections.js
FN:18,(anonymous_0)
FN:28,(anonymous_1)
FN:43,(anonymous_2)
FN:56,(anonymous_3)
FN:74,(anonymous_4)
FN:87,(anonymous_5)
FN:100,(anonymous_6)
FN:124,(anonymous_7)
FNF:8
FNH:3
FNDA:0,(anonymous_0)
FNDA:1,(anonymous_1)
FNDA:0,(anonymous_2)
FNDA:0,(anonymous_3)
FNDA:0,(anonymous_4)
FNDA:1,(anonymous_5)
FNDA:1,(anonymous_6)
FNDA:0,(anonymous_7)
DA:1,1
DA:2,1
DA:3,1
DA:4,1
DA:7,1
DA:13,1
DA:18,1
DA:19,0
DA:20,0
DA:21,0
DA:23,0
DA:28,1
DA:29,1
DA:30,1
DA:31,1
DA:32,0
DA:35,1
DA:36,1
DA:38,0
DA:43,1
DA:44,0
DA:45,0
DA:46,0
DA:47,0
DA:49,0
DA:51,0
DA:56,1
DA:57,0
DA:58,0
DA:59,0
DA:60,0
DA:63,0
DA:64,0
DA:65,0
DA:67,0
DA:69,0
DA:74,1
DA:75,0
DA:76,0
DA:77,0
DA:78,0
DA:80,0
DA:82,0
DA:87,1
DA:88,1
DA:89,1
DA:90,0
DA:92,1
DA:93,1
DA:95,0
DA:100,1
DA:101,1
DA:102,1
DA:103,1
DA:104,0
DA:107,1
DA:108,0
DA:110,1
DA:111,1
DA:113,0
DA:114,0
DA:116,0
DA:117,0
DA:119,0
DA:124,1
DA:125,0
DA:126,0
DA:127,0
DA:128,0
DA:130,0
DA:132,0
DA:133,0
DA:135,0
DA:139,1
LF:74
LH:30
BRDA:31,0,0,0
BRDA:31,0,1,1
BRDA:46,1,0,0
BRDA:46,1,1,0
BRDA:59,2,0,0
BRDA:59,2,1,0
BRDA:64,3,0,0
BRDA:64,3,1,0
BRDA:77,4,0,0
BRDA:77,4,1,0
BRDA:92,5,0,1
BRDA:92,5,1,0
BRDA:103,6,0,0
BRDA:103,6,1,1
BRDA:110,7,0,1
BRDA:110,7,1,0
BRDA:113,8,0,0
BRDA:113,8,1,0
BRDA:116,9,0,0
BRDA:116,9,1,0
BRDA:127,10,0,0
BRDA:127,10,1,0
BRDA:132,11,0,0
BRDA:132,11,1,0
BRF:24
BRH:4
end_of_record
TN:
SF:routes/favorites.js
FN:24,(anonymous_0)
FN:40,(anonymous_1)
FN:58,(anonymous_2)
FN:71,(anonymous_3)
FNF:4
FNH:2
FNDA:1,(anonymous_0)
FNDA:1,(anonymous_1)
FNDA:0,(anonymous_2)
FNDA:0,(anonymous_3)
DA:1,1
DA:2,1
DA:3,1
DA:4,1
DA:7,1
DA:17,1
DA:24,1
DA:25,1
DA:26,1
DA:27,1
DA:28,0
DA:31,1
DA:32,1
DA:33,0
DA:35,1
DA:40,1
DA:41,1
DA:42,1
DA:43,1
DA:44,0
DA:47,1
DA:48,0
DA:50,1
DA:51,0
DA:53,1
DA:58,1
DA:59,0
DA:60,0
DA:61,0
DA:62,0
DA:64,0
DA:66,0
DA:71,1
DA:72,0
DA:73,0
DA:74,0
DA:75,0
DA:77,0
DA:79,0
DA:83,1
LF:40
LH:23
BRDA:27,0,0,0
BRDA:27,0,1,1
BRDA:43,1,0,0
BRDA:43,1,1,1
BRDA:50,2,0,0
BRDA:50,2,1,1
BRDA:61,3,0,0
BRDA:61,3,1,0
BRDA:74,4,0,0
BRDA:74,4,1,0
BRF:10
BRH:3
end_of_record
TN:
SF:routes/resourceNavigator.js
FN:27,(anonymous_0)
FN:32,(anonymous_1)
FN:41,(anonymous_2)
FN:46,(anonymous_3)
FN:81,(anonymous_4)
FN:132,(anonymous_5)
FN:177,(anonymous_6)
FNF:7
FNH:7
FNDA:6,(anonymous_0)
FNDA:4,(anonymous_1)
FNDA:2,(anonymous_2)
FNDA:1,(anonymous_3)
FNDA:3,(anonymous_4)
FNDA:4,(anonymous_5)
FNDA:1,(anonymous_6)
DA:13,1
DA:14,1
DA:15,1
DA:18,1
DA:28,6
DA:29,6
DA:30,2
DA:32,4
DA:35,4
DA:39,1
DA:42,2
DA:43,2
DA:44,1
DA:46,1
DA:49,1
DA:81,1
DA:82,3
DA:84,3
DA:95,3
DA:97,0
DA:98,0
DA:132,1
DA:133,4
DA:135,4
DA:137,4
DA:146,4
DA:147,4
DA:149,0
DA:150,0
DA:177,1
DA:178,1
DA:180,1
DA:182,1
DA:187,1
DA:188,1
DA:190,0
DA:191,0
DA:195,1
LF:38
LH:32
BRDA:29,0,0,2
BRDA:29,0,1,4
BRDA:43,1,0,1
BRDA:43,1,1,1
BRF:4
BRH:4
end_of_record
TN:
SF:services/authService.js
FN:18,(anonymous_0)
FN:54,(anonymous_1)
FN:92,(anonymous_2)
FN:105,(anonymous_3)
FNF:4
FNH:4
FNDA:3,(anonymous_0)
FNDA:3,(anonymous_1)
FNDA:2,(anonymous_2)
FNDA:2,(anonymous_3)
DA:1,2
DA:2,2
DA:3,2
DA:5,2
DA:6,2
DA:7,2
DA:8,2
DA:19,3
DA:20,3
DA:22,3
DA:27,3
DA:28,1
DA:32,2
DA:35,2
DA:42,2
DA:44,3
DA:55,3
DA:56,3
DA:58,3
DA:63,3
DA:64,3
DA:65,0
DA:69,3
DA:70,3
DA:71,1
DA:75,2
DA:76,2
DA:79,2
DA:81,2
DA:83,3
DA:93,2
DA:106,2
DA:114,2
LF:33
LH:32
BRDA:6,0,0,2
BRDA:6,0,1,0
BRDA:27,1,0,1
BRDA:27,1,1,2
BRDA:64,2,0,0
BRDA:64,2,1,3
BRDA:70,3,0,1
BRDA:70,3,1,2
BRF:8
BRH:6
end_of_record
TN:
SF:services/collectionsService.js
FN:13,(anonymous_0)
FN:70,(anonymous_1)
FN:95,(anonymous_2)
FN:138,(anonymous_3)
FN:196,(anonymous_4)
FN:290,(anonymous_5)
FN:313,(anonymous_6)
FN:412,(anonymous_7)
FN:470,(anonymous_8)
FN:559,(anonymous_9)
FN:616,(anonymous_10)
FN:658,(anonymous_11)
FN:726,(anonymous_12)
FNF:13
FNH:9
FNDA:2,(anonymous_0)
FNDA:0,(anonymous_1)
FNDA:0,(anonymous_2)
FNDA:20,(anonymous_3)
FNDA:1,(anonymous_4)
FNDA:1,(anonymous_5)
FNDA:4,(anonymous_6)
FNDA:1,(anonymous_7)
FNDA:4,(anonymous_8)
FNDA:1,(anonymous_9)
FNDA:0,(anonymous_10)
FNDA:1,(anonymous_11)
FNDA:0,(anonymous_12)
DA:1,3
DA:14,2
DA:15,1
DA:17,1
DA:18,0
DA:20,1
DA:21,0
DA:24,1
DA:26,1
DA:27,1
DA:28,1
DA:30,1
DA:31,0
DA:35,1
DA:52,1
DA:58,1
DA:59,1
DA:61,1
DA:66,1
DA:67,0
DA:69,0
DA:70,0
DA:85,1
DA:96,0
DA:97,0
DA:98,0
DA:112,0
DA:114,0
DA:115,0
DA:118,0
DA:119,0
DA:125,0
DA:139,20
DA:140,2
DA:142,2
DA:143,0
DA:145,2
DA:146,0
DA:148,2
DA:149,0
DA:153,2
DA:158,2
DA:159,1
DA:162,1
DA:168,1
DA:175,1
DA:176,1
DA:182,2
DA:197,1
DA:198,0
DA:200,0
DA:205,0
DA:206,0
DA:209,0
DA:210,0
DA:211,0
DA:212,0
DA:214,0
DA:215,0
DA:216,0
DA:218,0
DA:219,0
DA:223,0
DA:228,0
DA:229,0
DA:232,0
DA:233,0
DA:234,0
DA:237,0
DA:238,0
DA:239,0
DA:241,0
DA:242,0
DA:243,0
DA:246,0
DA:247,0
DA:248,0
DA:249,0
DA:252,0
DA:253,0
DA:256,0
DA:258,0
DA:265,0
DA:266,0
DA:269,0
DA:274,0
DA:280,0
DA:291,1
DA:292,0
DA:293,0
DA:298,0
DA:300,0
DA:314,4
DA:315,4
DA:317,4
DA:319,4
DA:321,4
DA:326,4
DA:327,2
DA:330,1
DA:333,1
DA:338,1
DA:339,0
DA:343,1
DA:348,1
DA:349,0
DA:353,0
DA:354,0
DA:355,0
DA:359,0
DA:363,0
DA:369,0
DA:377,0
DA:382,0
DA:384,0
DA:398,4
DA:399,4
DA:402,4
DA:413,1
DA:414,0
DA:416,0
DA:418,0
DA:420,0
DA:425,0
DA:426,0
DA:427,0
DA:431,0
DA:442,0
DA:445,0
DA:450,0
DA:451,0
DA:454,0
DA:455,0
DA:458,0
DA:471,4
DA:472,2
DA:474,2
DA:475,0
DA:477,2
DA:478,0
DA:481,2
DA:484,2
DA:494,2
DA:496,2
DA:497,1
DA:500,1
DA:503,1
DA:517,1
DA:524,1
DA:529,1
DA:530,0
DA:532,0
DA:548,2
DA:560,1
DA:561,0
DA:563,0
DA:568,0
DA:569,0
DA:573,0
DA:574,0
DA:578,0
DA:580,0
DA:582,0
DA:583,0
DA:584,0
DA:587,0
DA:594,0
DA:599,0
DA:600,0
DA:603,0
DA:604,0
DA:607,0
DA:617,0
DA:618,0
DA:619,0
DA:635,0
DA:636,0
DA:638,0
DA:646,0
DA:659,1
DA:660,0
DA:662,0
DA:663,0
DA:665,0
DA:666,0
DA:669,0
DA:670,0
DA:671,0
DA:672,0
DA:675,0
DA:676,0
DA:677,0
DA:681,0
DA:682,0
DA:685,0
DA:708,0
DA:714,0
DA:715,0
DA:717,0
DA:722,0
DA:723,0
DA:725,0
DA:726,0
DA:742,0
DA:747,3
LF:205
LH:66
BRDA:13,0,0,1
BRDA:13,1,0,1
BRDA:13,2,0,2
BRDA:13,3,0,2
BRDA:17,4,0,0
BRDA:17,4,1,1
BRDA:17,5,0,1
BRDA:17,5,1,1
BRDA:20,6,0,0
BRDA:20,6,1,1
BRDA:30,7,0,0
BRDA:30,7,1,1
BRDA:72,8,0,0
BRDA:72,8,1,0
BRDA:114,9,0,0
BRDA:114,9,1,0
BRDA:121,10,0,0
BRDA:121,10,1,0
BRDA:142,11,0,0
BRDA:142,11,1,2
BRDA:142,12,0,2
BRDA:142,12,1,2
BRDA:145,13,0,0
BRDA:145,13,1,2
BRDA:148,14,0,0
BRDA:148,14,1,2
BRDA:148,15,0,2
BRDA:148,15,1,1
BRDA:158,16,0,1
BRDA:158,16,1,1
BRDA:171,17,0,1
BRDA:171,17,1,0
BRDA:172,18,0,1
BRDA:172,18,1,1
BRDA:205,19,0,0
BRDA:205,19,1,0
BRDA:214,20,0,0
BRDA:214,20,1,0
BRDA:215,21,0,0
BRDA:215,21,1,0
BRDA:215,22,0,0
BRDA:215,22,1,0
BRDA:218,23,0,0
BRDA:218,23,1,0
BRDA:228,24,0,0
BRDA:228,24,1,0
BRDA:237,25,0,0
BRDA:237,25,1,0
BRDA:238,26,0,0
BRDA:238,26,1,0
BRDA:238,27,0,0
BRDA:238,27,1,0
BRDA:242,28,0,0
BRDA:242,28,1,0
BRDA:246,29,0,0
BRDA:246,29,1,0
BRDA:252,30,0,0
BRDA:252,30,1,0
BRDA:276,31,0,0
BRDA:276,31,1,0
BRDA:313,32,0,0
BRDA:313,33,0,4
BRDA:313,34,0,4
BRDA:326,35,0,2
BRDA:326,35,1,1
BRDA:338,36,0,0
BRDA:338,36,1,1
BRDA:348,37,0,0
BRDA:348,37,1,0
BRDA:354,38,0,0
BRDA:354,38,1,0
BRDA:359,39,0,0
BRDA:359,39,1,0
BRDA:425,40,0,0
BRDA:425,40,1,0
BRDA:470,41,0,1
BRDA:470,42,0,3
BRDA:470,43,0,4
BRDA:474,44,0,0
BRDA:474,44,1,2
BRDA:474,45,0,2
BRDA:474,45,1,2
BRDA:477,46,0,0
BRDA:477,46,1,2
BRDA:496,47,0,1
BRDA:496,47,1,1
BRDA:568,48,0,0
BRDA:568,48,1,0
BRDA:573,49,0,0
BRDA:573,49,1,0
BRDA:573,50,0,0
BRDA:573,50,1,0
BRDA:583,51,0,0
BRDA:583,51,1,0
BRDA:583,52,0,0
BRDA:583,52,1,0
BRDA:583,52,2,0
BRDA:639,53,0,0
BRDA:639,53,1,0
BRDA:640,54,0,0
BRDA:640,54,1,0
BRDA:641,55,0,0
BRDA:641,55,1,0
BRDA:642,56,0,0
BRDA:642,56,1,0
BRDA:643,57,0,0
BRDA:643,57,1,0
BRDA:658,58,0,0
BRDA:658,59,0,0
BRDA:658,60,0,1
BRDA:658,61,0,1
BRDA:662,62,0,0
BRDA:662,62,1,0
BRDA:662,63,0,0
BRDA:662,63,1,0
BRDA:665,64,0,0
BRDA:665,64,1,0
BRDA:675,65,0,0
BRDA:675,65,1,0
BRDA:675,66,0,0
BRDA:675,66,1,0
BRDA:728,67,0,0
BRDA:728,67,1,0
BRDA:729,68,0,0
BRDA:729,68,1,0
BRF:125
BRH:37
end_of_record
TN:
SF:services/collectionsServiceOptimized.js
FN:8,(anonymous_0)
FN:13,(anonymous_1)
FN:16,(anonymous_2)
FN:21,(anonymous_3)
FN:33,(anonymous_4)
FN:38,(anonymous_5)
FN:43,(anonymous_6)
FN:52,(anonymous_7)
FN:61,(anonymous_8)
FN:70,(anonymous_9)
FN:83,(anonymous_10)
FN:96,(anonymous_11)
FN:107,(anonymous_12)
FN:173,(anonymous_13)
FN:203,(anonymous_14)
FN:255,(anonymous_15)
FN:321,(anonymous_16)
FN:423,(anonymous_17)
FN:445,(anonymous_18)
FN:539,(anonymous_19)
FN:606,(anonymous_20)
FN:664,(anonymous_21)
FN:704,(anonymous_22)
FN:776,(anonymous_23)
FN:815,(anonymous_24)
FN:892,(anonymous_25)
FN:922,(anonymous_26)
FN:962,(anonymous_27)
FN:975,(anonymous_28)
FN:976,(anonymous_29)
FN:998,(anonymous_30)
FNF:31
FNH:0
FNDA:0,(anonymous_0)
FNDA:0,(anonymous_1)
FNDA:0,(anonymous_2)
FNDA:0,(anonymous_3)
FNDA:0,(anonymous_4)
FNDA:0,(anonymous_5)
FNDA:0,(anonymous_6)
FNDA:0,(anonymous_7)
FNDA:0,(anonymous_8)
FNDA:0,(anonymous_9)
FNDA:0,(anonymous_10)
FNDA:0,(anonymous_11)
FNDA:0,(anonymous_12)
FNDA:0,(anonymous_13)
FNDA:0,(anonymous_14)
FNDA:0,(anonymous_15)
FNDA:0,(anonymous_16)
FNDA:0,(anonymous_17)
FNDA:0,(anonymous_18)
FNDA:0,(anonymous_19)
FNDA:0,(anonymous_20)
FNDA:0,(anonymous_21)
FNDA:0,(anonymous_22)
FNDA:0,(anonymous_23)
FNDA:0,(anonymous_24)
FNDA:0,(anonymous_25)
FNDA:0,(anonymous_26)
FNDA:0,(anonymous_27)
FNDA:0,(anonymous_28)
FNDA:0,(anonymous_29)
FNDA:0,(anonymous_30)
DA:1,0
DA:2,0
DA:9,0
DA:10,0
DA:13,0
DA:17,0
DA:18,0
DA:22,0
DA:24,0
DA:25,0
DA:26,0
DA:27,0
DA:30,0
DA:34,0
DA:35,0
DA:39,0
DA:40,0
DA:44,0
DA:45,0
DA:46,0
DA:47,0
DA:53,0
DA:54,0
DA:58,0
DA:62,0
DA:63,0
DA:64,0
DA:71,0
DA:77,0
DA:84,0
DA:90,0
DA:97,0
DA:98,0
DA:99,0
DA:109,0
DA:110,0
DA:112,0
DA:113,0
DA:116,0
DA:117,0
DA:118,0
DA:119,0
DA:122,0
DA:123,0
DA:124,0
DA:127,0
DA:128,0
DA:129,0
DA:131,0
DA:132,0
DA:135,0
DA:155,0
DA:161,0
DA:162,0
DA:164,0
DA:169,0
DA:170,0
DA:172,0
DA:173,0
DA:191,0
DA:192,0
DA:194,0
DA:196,0
DA:204,0
DA:205,0
DA:206,0
DA:207,0
DA:210,0
DA:211,0
DA:212,0
DA:228,0
DA:230,0
DA:231,0
DA:234,0
DA:235,0
DA:244,0
DA:246,0
DA:248,0
DA:256,0
DA:257,0
DA:259,0
DA:260,0
DA:262,0
DA:263,0
DA:265,0
DA:266,0
DA:269,0
DA:272,0
DA:277,0
DA:278,0
DA:279,0
DA:282,0
DA:288,0
DA:295,0
DA:296,0
DA:298,0
DA:307,0
DA:309,0
DA:311,0
DA:312,0
DA:314,0
DA:322,0
DA:323,0
DA:324,0
DA:327,0
DA:332,0
DA:333,0
DA:334,0
DA:337,0
DA:338,0
DA:339,0
DA:340,0
DA:342,0
DA:343,0
DA:344,0
DA:346,0
DA:347,0
DA:351,0
DA:356,0
DA:357,0
DA:358,0
DA:361,0
DA:362,0
DA:363,0
DA:366,0
DA:367,0
DA:368,0
DA:370,0
DA:371,0
DA:372,0
DA:375,0
DA:376,0
DA:377,0
DA:378,0
DA:381,0
DA:382,0
DA:383,0
DA:386,0
DA:388,0
DA:395,0
DA:396,0
DA:399,0
DA:402,0
DA:407,0
DA:413,0
DA:414,0
DA:416,0
DA:424,0
DA:425,0
DA:426,0
DA:431,0
DA:433,0
DA:436,0
DA:438,0
DA:446,0
DA:447,0
DA:448,0
DA:451,0
DA:456,0
DA:457,0
DA:461,0
DA:466,0
DA:467,0
DA:471,0
DA:476,0
DA:477,0
DA:481,0
DA:482,0
DA:483,0
DA:487,0
DA:491,0
DA:497,0
DA:505,0
DA:510,0
DA:513,0
DA:515,0
DA:529,0
DA:530,0
DA:532,0
DA:540,0
DA:541,0
DA:542,0
DA:545,0
DA:550,0
DA:551,0
DA:552,0
DA:555,0
DA:558,0
DA:563,0
DA:564,0
DA:565,0
DA:569,0
DA:580,0
DA:583,0
DA:588,0
DA:591,0
DA:593,0
DA:596,0
DA:597,0
DA:599,0
DA:608,0
DA:609,0
DA:611,0
DA:612,0
DA:615,0
DA:616,0
DA:617,0
DA:618,0
DA:621,0
DA:622,0
DA:624,0
DA:625,0
DA:628,0
DA:638,0
DA:640,0
DA:641,0
DA:645,0
DA:646,0
DA:648,0
DA:649,0
DA:653,0
DA:654,0
DA:657,0
DA:659,0
DA:664,0
DA:693,0
DA:695,0
DA:697,0
DA:705,0
DA:706,0
DA:708,0
DA:713,0
DA:714,0
DA:718,0
DA:719,0
DA:722,0
DA:725,0
DA:730,0
DA:731,0
DA:732,0
DA:734,0
DA:741,0
DA:750,0
DA:753,0
DA:758,0
DA:761,0
DA:763,0
DA:766,0
DA:767,0
DA:769,0
DA:777,0
DA:778,0
DA:779,0
DA:780,0
DA:783,0
DA:784,0
DA:786,0
DA:787,0
DA:788,0
DA:790,0
DA:804,0
DA:806,0
DA:808,0
DA:817,0
DA:818,0
DA:820,0
DA:821,0
DA:824,0
DA:825,0
DA:826,0
DA:827,0
DA:830,0
DA:831,0
DA:832,0
DA:833,0
DA:834,0
DA:835,0
DA:838,0
DA:839,0
DA:840,0
DA:844,0
DA:845,0
DA:848,0
DA:874,0
DA:880,0
DA:881,0
DA:883,0
DA:888,0
DA:889,0
DA:891,0
DA:892,0
DA:911,0
DA:913,0
DA:915,0
DA:923,0
DA:924,0
DA:927,0
DA:928,0
DA:931,0
DA:932,0
DA:933,0
DA:936,0
DA:941,0
DA:942,0
DA:946,0
DA:951,0
DA:952,0
DA:956,0
DA:961,0
DA:962,0
DA:963,0
DA:967,0
DA:972,0
DA:975,0
DA:976,0
DA:977,0
DA:983,0
DA:986,0
DA:991,0
DA:994,0
DA:996,0
DA:998,0
DA:1005,0
DA:1006,0
DA:1008,0
DA:1013,0
LF:326
LH:0
BRDA:16,0,0,0
BRDA:22,1,0,0
BRDA:22,1,1,0
BRDA:25,2,0,0
BRDA:25,2,1,0
BRDA:46,3,0,0
BRDA:46,3,1,0
BRDA:73,4,0,0
BRDA:73,4,1,0
BRDA:74,5,0,0
BRDA:74,5,1,0
BRDA:75,6,0,0
BRDA:75,6,1,0
BRDA:86,7,0,0
BRDA:86,7,1,0
BRDA:87,8,0,0
BRDA:87,8,1,0
BRDA:88,9,0,0
BRDA:88,9,1,0
BRDA:98,10,0,0
BRDA:98,10,1,0
BRDA:98,11,0,0
BRDA:98,11,1,0
BRDA:107,12,0,0
BRDA:107,13,0,0
BRDA:107,14,0,0
BRDA:107,15,0,0
BRDA:109,16,0,0
BRDA:109,16,1,0
BRDA:109,17,0,0
BRDA:109,17,1,0
BRDA:112,18,0,0
BRDA:112,18,1,0
BRDA:118,19,0,0
BRDA:118,19,1,0
BRDA:131,20,0,0
BRDA:131,20,1,0
BRDA:175,21,0,0
BRDA:175,21,1,0
BRDA:177,22,0,0
BRDA:177,22,1,0
BRDA:191,23,0,0
BRDA:191,23,1,0
BRDA:206,24,0,0
BRDA:206,24,1,0
BRDA:230,25,0,0
BRDA:230,25,1,0
BRDA:237,26,0,0
BRDA:237,26,1,0
BRDA:239,27,0,0
BRDA:239,27,1,0
BRDA:259,28,0,0
BRDA:259,28,1,0
BRDA:259,29,0,0
BRDA:259,29,1,0
BRDA:262,30,0,0
BRDA:262,30,1,0
BRDA:265,31,0,0
BRDA:265,31,1,0
BRDA:265,32,0,0
BRDA:265,32,1,0
BRDA:277,33,0,0
BRDA:277,33,1,0
BRDA:291,34,0,0
BRDA:291,34,1,0
BRDA:292,35,0,0
BRDA:292,35,1,0
BRDA:332,36,0,0
BRDA:332,36,1,0
BRDA:342,37,0,0
BRDA:342,37,1,0
BRDA:343,38,0,0
BRDA:343,38,1,0
BRDA:343,39,0,0
BRDA:343,39,1,0
BRDA:346,40,0,0
BRDA:346,40,1,0
BRDA:356,41,0,0
BRDA:356,41,1,0
BRDA:366,42,0,0
BRDA:366,42,1,0
BRDA:367,43,0,0
BRDA:367,43,1,0
BRDA:367,44,0,0
BRDA:367,44,1,0
BRDA:371,45,0,0
BRDA:371,45,1,0
BRDA:375,46,0,0
BRDA:375,46,1,0
BRDA:381,47,0,0
BRDA:381,47,1,0
BRDA:409,48,0,0
BRDA:409,48,1,0
BRDA:431,49,0,0
BRDA:431,49,1,0
BRDA:445,50,0,0
BRDA:445,51,0,0
BRDA:445,52,0,0
BRDA:456,53,0,0
BRDA:456,53,1,0
BRDA:466,54,0,0
BRDA:466,54,1,0
BRDA:476,55,0,0
BRDA:476,55,1,0
BRDA:482,56,0,0
BRDA:482,56,1,0
BRDA:550,57,0,0
BRDA:550,57,1,0
BRDA:563,58,0,0
BRDA:563,58,1,0
BRDA:606,59,0,0
BRDA:606,60,0,0
BRDA:606,61,0,0
BRDA:606,62,0,0
BRDA:608,63,0,0
BRDA:608,63,1,0
BRDA:608,64,0,0
BRDA:608,64,1,0
BRDA:611,65,0,0
BRDA:611,65,1,0
BRDA:617,66,0,0
BRDA:617,66,1,0
BRDA:640,67,0,0
BRDA:640,67,1,0
BRDA:648,68,0,0
BRDA:648,68,1,0
BRDA:676,69,0,0
BRDA:676,69,1,0
BRDA:713,70,0,0
BRDA:713,70,1,0
BRDA:718,71,0,0
BRDA:718,71,1,0
BRDA:718,72,0,0
BRDA:718,72,1,0
BRDA:731,73,0,0
BRDA:731,73,1,0
BRDA:731,74,0,0
BRDA:731,74,1,0
BRDA:731,74,2,0
BRDA:779,75,0,0
BRDA:779,75,1,0
BRDA:791,76,0,0
BRDA:791,76,1,0
BRDA:792,77,0,0
BRDA:792,77,1,0
BRDA:793,78,0,0
BRDA:793,78,1,0
BRDA:794,79,0,0
BRDA:794,79,1,0
BRDA:795,80,0,0
BRDA:795,80,1,0
BRDA:796,81,0,0
BRDA:796,81,1,0
BRDA:798,82,0,0
BRDA:798,82,1,0
BRDA:799,83,0,0
BRDA:799,83,1,0
BRDA:815,84,0,0
BRDA:815,85,0,0
BRDA:815,86,0,0
BRDA:815,87,0,0
BRDA:817,88,0,0
BRDA:817,88,1,0
BRDA:817,89,0,0
BRDA:817,89,1,0
BRDA:820,90,0,0
BRDA:820,90,1,0
BRDA:824,91,0,0
BRDA:824,91,1,0
BRDA:826,92,0,0
BRDA:826,92,1,0
BRDA:838,93,0,0
BRDA:838,93,1,0
BRDA:838,94,0,0
BRDA:838,94,1,0
BRDA:894,95,0,0
BRDA:894,95,1,0
BRDA:895,96,0,0
BRDA:895,96,1,0
BRDA:897,97,0,0
BRDA:897,97,1,0
BRDA:922,98,0,0
BRDA:923,99,0,0
BRDA:923,99,1,0
BRDA:923,100,0,0
BRDA:923,100,1,0
BRDA:927,101,0,0
BRDA:927,101,1,0
BRDA:941,102,0,0
BRDA:941,102,1,0
BRDA:951,103,0,0
BRDA:951,103,1,0
BRDA:961,104,0,0
BRDA:961,104,1,0
BRF:194
BRH:0
end_of_record
TN:
SF:services/favoritesService.js
FN:14,(anonymous_0)
FN:76,(anonymous_1)
FN:101,(anonymous_2)
FN:143,(anonymous_3)
FN:234,(anonymous_4)
FN:295,(anonymous_5)
FN:323,(anonymous_6)
FN:404,(anonymous_7)
FN:434,(anonymous_8)
FNF:9
FNH:6
FNDA:6,(anonymous_0)
FNDA:1,(anonymous_1)
FNDA:1,(anonymous_2)
FNDA:22,(anonymous_3)
FNDA:1,(anonymous_4)
FNDA:3,(anonymous_5)
FNDA:0,(anonymous_6)
FNDA:0,(anonymous_7)
FNDA:0,(anonymous_8)
DA:1,3
DA:15,6
DA:16,6
DA:18,6
DA:19,2
DA:21,4
DA:22,1
DA:25,3
DA:26,3
DA:27,3
DA:28,3
DA:31,3
DA:32,1
DA:33,1
DA:34,1
DA:38,3
DA:39,3
DA:43,3
DA:58,3
DA:64,3
DA:65,3
DA:67,3
DA:72,2
DA:73,2
DA:75,2
DA:76,1
DA:91,6
DA:102,1
DA:103,1
DA:104,1
DA:116,1
DA:118,1
DA:119,1
DA:122,0
DA:123,0
DA:129,1
DA:144,22
DA:145,21
DA:147,21
DA:148,4
DA:152,17
DA:153,17
DA:154,1
DA:158,16
DA:163,0
DA:164,0
DA:165,0
DA:167,0
DA:173,0
DA:174,0
DA:176,0
DA:190,0
DA:192,0
DA:202,0
DA:217,0
DA:218,0
DA:220,21
DA:235,1
DA:236,1
DA:238,1
DA:243,0
DA:244,0
DA:247,0
DA:248,0
DA:249,0
DA:251,0
DA:252,0
DA:253,0
DA:254,0
DA:257,0
DA:258,0
DA:259,0
DA:260,0
DA:263,0
DA:264,0
DA:265,0
DA:266,0
DA:269,0
DA:270,0
DA:273,0
DA:275,0
DA:282,0
DA:283,0
DA:285,1
DA:296,3
DA:297,3
DA:298,3
DA:305,3
DA:306,2
DA:308,3
DA:324,0
DA:325,0
DA:327,0
DA:328,0
DA:330,0
DA:331,0
DA:333,0
DA:334,0
DA:337,0
DA:338,0
DA:339,0
DA:340,0
DA:343,0
DA:345,0
DA:349,0
DA:350,0
DA:353,0
DA:354,0
DA:355,0
DA:356,0
DA:360,0
DA:361,0
DA:362,0
DA:363,0
DA:367,0
DA:386,0
DA:392,0
DA:393,0
DA:395,0
DA:400,0
DA:401,0
DA:403,0
DA:404,0
DA:425,0
DA:435,0
DA:436,0
DA:437,0
DA:450,0
DA:451,0
DA:453,0
DA:463,0
DA:468,3
LF:132
LH:54
BRDA:14,0,0,0
BRDA:14,1,0,4
BRDA:14,2,0,3
BRDA:14,3,0,5
BRDA:14,4,0,6
BRDA:18,5,0,2
BRDA:18,5,1,4
BRDA:18,6,0,6
BRDA:18,6,1,5
BRDA:21,7,0,1
BRDA:21,7,1,3
BRDA:31,8,0,1
BRDA:31,8,1,2
BRDA:38,9,0,3
BRDA:38,9,1,0
BRDA:78,10,0,1
BRDA:78,10,1,1
BRDA:79,11,0,1
BRDA:79,11,1,0
BRDA:118,12,0,1
BRDA:118,12,1,0
BRDA:125,13,0,0
BRDA:125,13,1,0
BRDA:126,14,0,0
BRDA:126,14,1,0
BRDA:147,15,0,4
BRDA:147,15,1,17
BRDA:147,16,0,21
BRDA:147,16,1,18
BRDA:153,17,0,1
BRDA:153,17,1,16
BRDA:163,18,0,0
BRDA:163,18,1,0
BRDA:165,19,0,0
BRDA:165,19,1,0
BRDA:185,20,0,0
BRDA:189,21,0,0
BRDA:190,22,0,0
BRDA:190,22,1,0
BRDA:243,23,0,0
BRDA:243,23,1,0
BRDA:251,24,0,0
BRDA:251,24,1,0
BRDA:257,25,0,0
BRDA:257,25,1,0
BRDA:259,26,0,0
BRDA:259,26,1,0
BRDA:263,27,0,0
BRDA:263,27,1,0
BRDA:269,28,0,0
BRDA:269,28,1,0
BRDA:323,29,0,0
BRDA:323,30,0,0
BRDA:323,31,0,0
BRDA:323,32,0,0
BRDA:323,33,0,0
BRDA:327,34,0,0
BRDA:327,34,1,0
BRDA:327,35,0,0
BRDA:327,35,1,0
BRDA:330,36,0,0
BRDA:330,36,1,0
BRDA:330,37,0,0
BRDA:330,37,1,0
BRDA:333,38,0,0
BRDA:333,38,1,0
BRDA:353,39,0,0
BRDA:353,39,1,0
BRDA:353,40,0,0
BRDA:353,40,1,0
BRDA:360,41,0,0
BRDA:360,41,1,0
BRDA:360,42,0,0
BRDA:360,42,1,0
BRDA:407,43,0,0
BRDA:407,43,1,0
BRDA:408,44,0,0
BRDA:408,44,1,0
BRDA:454,45,0,0
BRDA:454,45,1,0
BRDA:455,46,0,0
BRDA:455,46,1,0
BRDA:456,47,0,0
BRDA:456,47,1,0
BRDA:457,48,0,0
BRDA:457,48,1,0
BRDA:458,49,0,0
BRDA:458,49,1,0
BRF:88
BRH:23
end_of_record
TN:
SF:services/favoritesServiceOptimized.js
FN:8,(anonymous_0)
FN:13,(anonymous_1)
FN:16,(anonymous_2)
FN:21,(anonymous_3)
FN:33,(anonymous_4)
FN:38,(anonymous_5)
FN:43,(anonymous_6)
FN:53,(anonymous_7)
FN:62,(anonymous_8)
FN:70,(anonymous_9)
FN:86,(anonymous_10)
FN:101,(anonymous_11)
FN:114,(anonymous_12)
FN:159,(anonymous_13)
FN:206,(anonymous_14)
FN:260,(anonymous_15)
FN:359,(anonymous_16)
FN:429,(anonymous_17)
FN:455,(anonymous_18)
FN:510,(anonymous_19)
FN:549,(anonymous_20)
FN:608,(anonymous_21)
FN:654,(anonymous_22)
FN:684,(anonymous_23)
FN:697,(anonymous_24)
FN:697,(anonymous_25)
FNF:26
FNH:0
FNDA:0,(anonymous_0)
FNDA:0,(anonymous_1)
FNDA:0,(anonymous_2)
FNDA:0,(anonymous_3)
FNDA:0,(anonymous_4)
FNDA:0,(anonymous_5)
FNDA:0,(anonymous_6)
FNDA:0,(anonymous_7)
FNDA:0,(anonymous_8)
FNDA:0,(anonymous_9)
FNDA:0,(anonymous_10)
FNDA:0,(anonymous_11)
FNDA:0,(anonymous_12)
FNDA:0,(anonymous_13)
FNDA:0,(anonymous_14)
FNDA:0,(anonymous_15)
FNDA:0,(anonymous_16)
FNDA:0,(anonymous_17)
FNDA:0,(anonymous_18)
FNDA:0,(anonymous_19)
FNDA:0,(anonymous_20)
FNDA:0,(anonymous_21)
FNDA:0,(anonymous_22)
FNDA:0,(anonymous_23)
FNDA:0,(anonymous_24)
FNDA:0,(anonymous_25)
DA:1,0
DA:2,0
DA:9,0
DA:10,0
DA:13,0
DA:17,0
DA:18,0
DA:22,0
DA:24,0
DA:25,0
DA:26,0
DA:27,0
DA:30,0
DA:34,0
DA:35,0
DA:39,0
DA:40,0
DA:44,0
DA:45,0
DA:46,0
DA:47,0
DA:54,0
DA:55,0
DA:59,0
DA:63,0
DA:64,0
DA:71,0
DA:80,0
DA:87,0
DA:95,0
DA:104,0
DA:105,0
DA:106,0
DA:116,0
DA:117,0
DA:119,0
DA:120,0
DA:124,0
DA:125,0
DA:126,0
DA:127,0
DA:130,0
DA:131,0
DA:133,0
DA:134,0
DA:136,0
DA:139,0
DA:140,0
DA:142,0
DA:143,0
DA:151,0
DA:152,0
DA:153,0
DA:156,0
DA:158,0
DA:159,0
DA:195,0
DA:197,0
DA:199,0
DA:207,0
DA:208,0
DA:209,0
DA:210,0
DA:213,0
DA:214,0
DA:216,0
DA:235,0
DA:237,0
DA:238,0
DA:241,0
DA:242,0
DA:249,0
DA:251,0
DA:253,0
DA:261,0
DA:262,0
DA:263,0
DA:266,0
DA:267,0
DA:270,0
DA:271,0
DA:272,0
DA:276,0
DA:281,0
DA:282,0
DA:283,0
DA:285,0
DA:291,0
DA:292,0
DA:295,0
DA:297,0
DA:299,0
DA:300,0
DA:314,0
DA:316,0
DA:326,0
DA:341,0
DA:342,0
DA:345,0
DA:347,0
DA:349,0
DA:350,0
DA:352,0
DA:360,0
DA:361,0
DA:362,0
DA:365,0
DA:370,0
DA:371,0
DA:372,0
DA:375,0
DA:376,0
DA:377,0
DA:379,0
DA:380,0
DA:381,0
DA:382,0
DA:385,0
DA:386,0
DA:387,0
DA:388,0
DA:391,0
DA:392,0
DA:393,0
DA:394,0
DA:397,0
DA:398,0
DA:399,0
DA:402,0
DA:404,0
DA:411,0
DA:412,0
DA:415,0
DA:417,0
DA:419,0
DA:420,0
DA:422,0
DA:430,0
DA:431,0
DA:432,0
DA:439,0
DA:441,0
DA:443,0
DA:446,0
DA:448,0
DA:457,0
DA:458,0
DA:460,0
DA:461,0
DA:463,0
DA:464,0
DA:468,0
DA:469,0
DA:470,0
DA:471,0
DA:474,0
DA:475,0
DA:477,0
DA:478,0
DA:480,0
DA:483,0
DA:486,0
DA:487,0
DA:488,0
DA:502,0
DA:503,0
DA:504,0
DA:507,0
DA:509,0
DA:510,0
DA:538,0
DA:540,0
DA:542,0
DA:550,0
DA:551,0
DA:552,0
DA:553,0
DA:556,0
DA:557,0
DA:559,0
DA:576,0
DA:577,0
DA:579,0
DA:597,0
DA:599,0
DA:601,0
DA:609,0
DA:610,0
DA:613,0
DA:614,0
DA:617,0
DA:618,0
DA:619,0
DA:621,0
DA:622,0
DA:624,0
DA:625,0
DA:626,0
DA:627,0
DA:629,0
DA:633,0
DA:636,0
DA:638,0
DA:644,0
DA:645,0
DA:647,0
DA:655,0
DA:656,0
DA:657,0
DA:679,0
DA:681,0
DA:683,0
DA:684,0
DA:697,0
DA:700,0
DA:702,0
DA:707,0
LF:217
LH:0
BRDA:16,0,0,0
BRDA:22,1,0,0
BRDA:22,1,1,0
BRDA:25,2,0,0
BRDA:25,2,1,0
BRDA:46,3,0,0
BRDA:46,3,1,0
BRDA:73,4,0,0
BRDA:73,4,1,0
BRDA:74,5,0,0
BRDA:74,5,1,0
BRDA:75,6,0,0
BRDA:75,6,1,0
BRDA:76,7,0,0
BRDA:76,7,1,0
BRDA:77,8,0,0
BRDA:77,8,1,0
BRDA:78,9,0,0
BRDA:78,9,1,0
BRDA:90,10,0,0
BRDA:90,10,1,0
BRDA:91,11,0,0
BRDA:91,11,1,0
BRDA:92,12,0,0
BRDA:92,12,1,0
BRDA:93,13,0,0
BRDA:93,13,1,0
BRDA:105,14,0,0
BRDA:105,14,1,0
BRDA:114,15,0,0
BRDA:114,16,0,0
BRDA:114,17,0,0
BRDA:114,18,0,0
BRDA:114,19,0,0
BRDA:114,20,0,0
BRDA:114,21,0,0
BRDA:116,22,0,0
BRDA:116,22,1,0
BRDA:116,23,0,0
BRDA:116,23,1,0
BRDA:119,24,0,0
BRDA:119,24,1,0
BRDA:126,25,0,0
BRDA:126,25,1,0
BRDA:139,26,0,0
BRDA:139,26,1,0
BRDA:142,27,0,0
BRDA:142,27,1,0
BRDA:178,28,0,0
BRDA:178,28,1,0
BRDA:180,29,0,0
BRDA:180,29,1,0
BRDA:181,30,0,0
BRDA:181,30,1,0
BRDA:182,31,0,0
BRDA:182,31,1,0
BRDA:209,32,0,0
BRDA:209,32,1,0
BRDA:237,33,0,0
BRDA:237,33,1,0
BRDA:244,34,0,0
BRDA:244,34,1,0
BRDA:245,35,0,0
BRDA:245,35,1,0
BRDA:266,36,0,0
BRDA:266,36,1,0
BRDA:266,37,0,0
BRDA:266,37,1,0
BRDA:271,38,0,0
BRDA:271,38,1,0
BRDA:281,39,0,0
BRDA:281,39,1,0
BRDA:283,40,0,0
BRDA:283,40,1,0
BRDA:309,41,0,0
BRDA:313,42,0,0
BRDA:314,43,0,0
BRDA:314,43,1,0
BRDA:370,44,0,0
BRDA:370,44,1,0
BRDA:379,45,0,0
BRDA:379,45,1,0
BRDA:385,46,0,0
BRDA:385,46,1,0
BRDA:387,47,0,0
BRDA:387,47,1,0
BRDA:391,48,0,0
BRDA:391,48,1,0
BRDA:397,49,0,0
BRDA:397,49,1,0
BRDA:441,50,0,0
BRDA:441,50,1,0
BRDA:455,51,0,0
BRDA:455,52,0,0
BRDA:455,53,0,0
BRDA:455,54,0,0
BRDA:455,55,0,0
BRDA:457,56,0,0
BRDA:457,56,1,0
BRDA:457,57,0,0
BRDA:457,57,1,0
BRDA:460,58,0,0
BRDA:460,58,1,0
BRDA:460,59,0,0
BRDA:460,59,1,0
BRDA:463,60,0,0
BRDA:463,60,1,0
BRDA:470,61,0,0
BRDA:470,61,1,0
BRDA:484,62,0,0
BRDA:484,62,1,0
BRDA:484,63,0,0
BRDA:484,63,1,0
BRDA:487,64,0,0
BRDA:487,64,1,0
BRDA:518,65,0,0
BRDA:518,65,1,0
BRDA:519,66,0,0
BRDA:519,66,1,0
BRDA:520,67,0,0
BRDA:520,67,1,0
BRDA:552,68,0,0
BRDA:552,68,1,0
BRDA:580,69,0,0
BRDA:580,69,1,0
BRDA:581,70,0,0
BRDA:581,70,1,0
BRDA:582,71,0,0
BRDA:582,71,1,0
BRDA:583,72,0,0
BRDA:583,72,1,0
BRDA:584,73,0,0
BRDA:584,73,1,0
BRDA:588,74,0,0
BRDA:588,74,1,0
BRDA:589,75,0,0
BRDA:589,75,1,0
BRDA:590,76,0,0
BRDA:590,76,1,0
BRDA:591,77,0,0
BRDA:591,77,1,0
BRDA:609,78,0,0
BRDA:609,78,1,0
BRDA:609,79,0,0
BRDA:609,79,1,0
BRDA:613,80,0,0
BRDA:613,80,1,0
BRDA:654,81,0,0
BRDA:654,82,0,0
BRDA:654,83,0,0
BRDA:681,84,0,0
BRDA:681,84,1,0
BRDA:692,85,0,0
BRDA:692,85,1,0
BRDA:693,86,0,0
BRDA:693,86,1,0
BRF:156
BRH:0
end_of_record
