{"total": {"lines":{"total":95,"covered":95,"skipped":0,"pct":100},"statements":{"total":98,"covered":97,"skipped":0,"pct":98.97},"functions":{"total":13,"covered":13,"skipped":0,"pct":100},"branches":{"total":36,"covered":35,"skipped":0,"pct":97.22},"branchesTrue":{"total":0,"covered":0,"skipped":0,"pct":"Unknown"}}
,"/Users/edsaga/stylesnprofiles/client/src/services/collectionsService.js": {"lines":{"total":64,"covered":64,"skipped":0,"pct":100},"functions":{"total":8,"covered":8,"skipped":0,"pct":100},"statements":{"total":64,"covered":64,"skipped":0,"pct":100},"branches":{"total":18,"covered":18,"skipped":0,"pct":100}}
,"/Users/edsaga/stylesnprofiles/client/src/services/favoritesService.js": {"lines":{"total":31,"covered":31,"skipped":0,"pct":100},"functions":{"total":5,"covered":5,"skipped":0,"pct":100},"statements":{"total":34,"covered":33,"skipped":0,"pct":97.05},"branches":{"total":18,"covered":17,"skipped":0,"pct":94.44}}
}
