{"/Users/edsaga/stylesnprofiles/client/src/App.js": {"path":"/Users/edsaga/stylesnprofiles/client/src/App.js","statementMap":{"0":{"start":{"line":11,"column":2},"end":{"line":16,"column":4}}},"fnMap":{"0":{"name":"App","decl":{"start":{"line":10,"column":9},"end":{"line":10,"column":12}},"loc":{"start":{"line":10,"column":15},"end":{"line":17,"column":1}},"line":10}},"branchMap":{},"s":{"0":0},"f":{"0":0},"b":{}}
,"/Users/edsaga/stylesnprofiles/client/src/index.js": {"path":"/Users/edsaga/stylesnprofiles/client/src/index.js","statementMap":{"0":{"start":{"line":7,"column":13},"end":{"line":7,"column":65}},"1":{"start":{"line":8,"column":0},"end":{"line":14,"column":2}}},"fnMap":{},"branchMap":{},"s":{"0":0,"1":0},"f":{},"b":{}}
,"/Users/edsaga/stylesnprofiles/client/src/setupIntegrationTests.js": {"path":"/Users/edsaga/stylesnprofiles/client/src/setupIntegrationTests.js","statementMap":{"0":{"start":{"line":14,"column":0},"end":{"line":14,"column":49}},"1":{"start":{"line":17,"column":22},"end":{"line":17,"column":35}},"2":{"start":{"line":18,"column":21},"end":{"line":18,"column":33}},"3":{"start":{"line":20,"column":0},"end":{"line":42,"column":3}},"4":{"start":{"line":21,"column":2},"end":{"line":31,"column":4}},"5":{"start":{"line":22,"column":4},"end":{"line":29,"column":5}},"6":{"start":{"line":28,"column":6},"end":{"line":28,"column":13}},"7":{"start":{"line":30,"column":4},"end":{"line":30,"column":41}},"8":{"start":{"line":33,"column":2},"end":{"line":41,"column":4}},"9":{"start":{"line":34,"column":4},"end":{"line":39,"column":5}},"10":{"start":{"line":38,"column":6},"end":{"line":38,"column":13}},"11":{"start":{"line":40,"column":4},"end":{"line":40,"column":40}},"12":{"start":{"line":44,"column":0},"end":{"line":47,"column":3}},"13":{"start":{"line":45,"column":2},"end":{"line":45,"column":32}},"14":{"start":{"line":46,"column":2},"end":{"line":46,"column":30}},"15":{"start":{"line":50,"column":33},"end":{"line":58,"column":1}},"16":{"start":{"line":51,"column":2},"end":{"line":57,"column":3}},"17":{"start":{"line":52,"column":21},"end":{"line":52,"column":47}},"18":{"start":{"line":53,"column":4},"end":{"line":53,"column":35}},"19":{"start":{"line":55,"column":4},"end":{"line":55,"column":64}},"20":{"start":{"line":56,"column":4},"end":{"line":56,"column":17}},"21":{"start":{"line":61,"column":29},"end":{"line":72,"column":1}},"22":{"start":{"line":62,"column":2},"end":{"line":70,"column":3}},"23":{"start":{"line":62,"column":15},"end":{"line":62,"column":16}},"24":{"start":{"line":63,"column":22},"end":{"line":63,"column":47}},"25":{"start":{"line":64,"column":4},"end":{"line":66,"column":5}},"26":{"start":{"line":65,"column":6},"end":{"line":65,"column":18}},"27":{"start":{"line":67,"column":4},"end":{"line":69,"column":5}},"28":{"start":{"line":68,"column":6},"end":{"line":68,"column":63}},"29":{"start":{"line":68,"column":35},"end":{"line":68,"column":61}},"30":{"start":{"line":71,"column":2},"end":{"line":71,"column":116}}},"fnMap":{"0":{"name":"(anonymous_0)","decl":{"start":{"line":20,"column":10},"end":{"line":20,"column":11}},"loc":{"start":{"line":20,"column":16},"end":{"line":42,"column":1}},"line":20},"1":{"name":"(anonymous_1)","decl":{"start":{"line":21,"column":18},"end":{"line":21,"column":19}},"loc":{"start":{"line":21,"column":31},"end":{"line":31,"column":3}},"line":21},"2":{"name":"(anonymous_2)","decl":{"start":{"line":33,"column":17},"end":{"line":33,"column":18}},"loc":{"start":{"line":33,"column":30},"end":{"line":41,"column":3}},"line":33},"3":{"name":"(anonymous_3)","decl":{"start":{"line":44,"column":9},"end":{"line":44,"column":10}},"loc":{"start":{"line":44,"column":15},"end":{"line":47,"column":1}},"line":44},"4":{"name":"(anonymous_4)","decl":{"start":{"line":50,"column":33},"end":{"line":50,"column":34}},"loc":{"start":{"line":50,"column":45},"end":{"line":58,"column":1}},"line":50},"5":{"name":"(anonymous_5)","decl":{"start":{"line":61,"column":29},"end":{"line":61,"column":30}},"loc":{"start":{"line":61,"column":70},"end":{"line":72,"column":1}},"line":61},"6":{"name":"(anonymous_6)","decl":{"start":{"line":68,"column":24},"end":{"line":68,"column":25}},"loc":{"start":{"line":68,"column":35},"end":{"line":68,"column":61}},"line":68}},"branchMap":{"0":{"loc":{"start":{"line":22,"column":4},"end":{"line":29,"column":5}},"type":"if","locations":[{"start":{"line":22,"column":4},"end":{"line":29,"column":5}},{"start":{},"end":{}}],"line":22},"1":{"loc":{"start":{"line":23,"column":6},"end":{"line":26,"column":60}},"type":"binary-expr","locations":[{"start":{"line":23,"column":6},"end":{"line":23,"column":33}},{"start":{"line":24,"column":7},"end":{"line":24,"column":74}},{"start":{"line":25,"column":7},"end":{"line":25,"column":52}},{"start":{"line":26,"column":7},"end":{"line":26,"column":59}}],"line":23},"2":{"loc":{"start":{"line":34,"column":4},"end":{"line":39,"column":5}},"type":"if","locations":[{"start":{"line":34,"column":4},"end":{"line":39,"column":5}},{"start":{},"end":{}}],"line":34},"3":{"loc":{"start":{"line":35,"column":6},"end":{"line":36,"column":68}},"type":"binary-expr","locations":[{"start":{"line":35,"column":6},"end":{"line":35,"column":33}},{"start":{"line":36,"column":6},"end":{"line":36,"column":68}}],"line":35},"4":{"loc":{"start":{"line":61,"column":36},"end":{"line":61,"column":51}},"type":"default-arg","locations":[{"start":{"line":61,"column":50},"end":{"line":61,"column":51}}],"line":61},"5":{"loc":{"start":{"line":61,"column":53},"end":{"line":61,"column":65}},"type":"default-arg","locations":[{"start":{"line":61,"column":61},"end":{"line":61,"column":65}}],"line":61},"6":{"loc":{"start":{"line":64,"column":4},"end":{"line":66,"column":5}},"type":"if","locations":[{"start":{"line":64,"column":4},"end":{"line":66,"column":5}},{"start":{},"end":{}}],"line":64},"7":{"loc":{"start":{"line":67,"column":4},"end":{"line":69,"column":5}},"type":"if","locations":[{"start":{"line":67,"column":4},"end":{"line":69,"column":5}},{"start":{},"end":{}}],"line":67}},"s":{"0":1,"1":1,"2":1,"3":1,"4":1,"5":10,"6":0,"7":10,"8":1,"9":0,"10":0,"11":0,"12":1,"13":1,"14":1,"15":1,"16":5,"17":5,"18":0,"19":5,"20":5,"21":1,"22":1,"23":1,"24":5,"25":5,"26":0,"27":5,"28":4,"29":4,"30":1},"f":{"0":1,"1":10,"2":0,"3":1,"4":5,"5":1,"6":4},"b":{"0":[0,10],"1":[10,10,10,10],"2":[0,0],"3":[0,0],"4":[1],"5":[1],"6":[0,5],"7":[4,1]},"_coverageSchema":"1a1c01bbd47fc00a2c39e90264f33305004495a9","hash":"9a17b5b011f25bcc3a2cf8918332daa08f26cadf"}
,"/Users/edsaga/stylesnprofiles/client/src/components/apps/ApodApp.js": {"path":"/Users/edsaga/stylesnprofiles/client/src/components/apps/ApodApp.js","statementMap":{"0":{"start":{"line":13,"column":34},"end":{"line":13,"column":48}},"1":{"start":{"line":14,"column":32},"end":{"line":14,"column":46}},"2":{"start":{"line":15,"column":28},"end":{"line":15,"column":42}},"3":{"start":{"line":17,"column":2},"end":{"line":31,"column":9}},"4":{"start":{"line":18,"column":4},"end":{"line":18,"column":21}},"5":{"start":{"line":19,"column":4},"end":{"line":30,"column":9}},"6":{"start":{"line":21,"column":8},"end":{"line":21,"column":30}},"7":{"start":{"line":22,"column":8},"end":{"line":22,"column":23}},"8":{"start":{"line":25,"column":8},"end":{"line":25,"column":52}},"9":{"start":{"line":26,"column":8},"end":{"line":26,"column":30}},"10":{"start":{"line":29,"column":8},"end":{"line":29,"column":26}},"11":{"start":{"line":33,"column":2},"end":{"line":33,"column":95}},"12":{"start":{"line":33,"column":15},"end":{"line":33,"column":95}},"13":{"start":{"line":34,"column":2},"end":{"line":34,"column":69}},"14":{"start":{"line":34,"column":13},"end":{"line":34,"column":69}},"15":{"start":{"line":35,"column":2},"end":{"line":35,"column":29}},"16":{"start":{"line":35,"column":17},"end":{"line":35,"column":29}},"17":{"start":{"line":37,"column":2},"end":{"line":77,"column":4}},"18":{"start":{"line":80,"column":0},"end":{"line":82,"column":2}}},"fnMap":{"0":{"name":"ApodApp","decl":{"start":{"line":12,"column":24},"end":{"line":12,"column":31}},"loc":{"start":{"line":12,"column":64},"end":{"line":78,"column":1}},"line":12},"1":{"name":"(anonymous_1)","decl":{"start":{"line":17,"column":12},"end":{"line":17,"column":13}},"loc":{"start":{"line":17,"column":18},"end":{"line":31,"column":3}},"line":17},"2":{"name":"(anonymous_2)","decl":{"start":{"line":20,"column":12},"end":{"line":20,"column":13}},"loc":{"start":{"line":20,"column":19},"end":{"line":23,"column":7}},"line":20},"3":{"name":"(anonymous_3)","decl":{"start":{"line":24,"column":13},"end":{"line":24,"column":14}},"loc":{"start":{"line":24,"column":20},"end":{"line":27,"column":7}},"line":24},"4":{"name":"(anonymous_4)","decl":{"start":{"line":28,"column":15},"end":{"line":28,"column":16}},"loc":{"start":{"line":28,"column":21},"end":{"line":30,"column":7}},"line":28}},"branchMap":{"0":{"loc":{"start":{"line":12,"column":44},"end":{"line":12,"column":60}},"type":"default-arg","locations":[{"start":{"line":12,"column":56},"end":{"line":12,"column":60}}],"line":12},"1":{"loc":{"start":{"line":33,"column":2},"end":{"line":33,"column":95}},"type":"if","locations":[{"start":{"line":33,"column":2},"end":{"line":33,"column":95}},{"start":{},"end":{}}],"line":33},"2":{"loc":{"start":{"line":34,"column":2},"end":{"line":34,"column":69}},"type":"if","locations":[{"start":{"line":34,"column":2},"end":{"line":34,"column":69}},{"start":{},"end":{}}],"line":34},"3":{"loc":{"start":{"line":35,"column":2},"end":{"line":35,"column":29}},"type":"if","locations":[{"start":{"line":35,"column":2},"end":{"line":35,"column":29}},{"start":{},"end":{}}],"line":35},"4":{"loc":{"start":{"line":45,"column":7},"end":{"line":64,"column":7}},"type":"cond-expr","locations":[{"start":{"line":46,"column":8},"end":{"line":57,"column":14}},{"start":{"line":59,"column":8},"end":{"line":63,"column":14}}],"line":45},"5":{"loc":{"start":{"line":71,"column":7},"end":{"line":75,"column":7}},"type":"binary-expr","locations":[{"start":{"line":71,"column":7},"end":{"line":71,"column":25}},{"start":{"line":72,"column":8},"end":{"line":74,"column":14}}],"line":71}},"s":{"0":22,"1":22,"2":22,"3":22,"4":12,"5":12,"6":11,"7":10,"8":2,"9":2,"10":12,"11":22,"12":12,"13":10,"14":1,"15":9,"16":0,"17":9,"18":2},"f":{"0":22,"1":12,"2":11,"3":2,"4":12},"b":{"0":[20],"1":[12,10],"2":[1,9],"3":[0,9],"4":[8,1],"5":[9,8]},"_coverageSchema":"1a1c01bbd47fc00a2c39e90264f33305004495a9","hash":"a67ced7d01dd35c39ace2141472ee462eff4f723"}
,"/Users/edsaga/stylesnprofiles/client/src/components/apps/NeoWsApp.js": {"path":"/Users/edsaga/stylesnprofiles/client/src/components/apps/NeoWsApp.js","statementMap":{"0":{"start":{"line":10,"column":25},"end":{"line":12,"column":1}},"1":{"start":{"line":11,"column":2},"end":{"line":11,"column":42}},"2":{"start":{"line":22,"column":32},"end":{"line":22,"column":46}},"3":{"start":{"line":23,"column":32},"end":{"line":23,"column":46}},"4":{"start":{"line":24,"column":28},"end":{"line":24,"column":42}},"5":{"start":{"line":26,"column":2},"end":{"line":44,"column":9}},"6":{"start":{"line":27,"column":18},"end":{"line":27,"column":28}},"7":{"start":{"line":28,"column":22},"end":{"line":28,"column":45}},"8":{"start":{"line":29,"column":20},"end":{"line":29,"column":43}},"9":{"start":{"line":31,"column":4},"end":{"line":31,"column":21}},"10":{"start":{"line":32,"column":4},"end":{"line":43,"column":9}},"11":{"start":{"line":34,"column":8},"end":{"line":34,"column":29}},"12":{"start":{"line":35,"column":8},"end":{"line":35,"column":23}},"13":{"start":{"line":38,"column":8},"end":{"line":38,"column":56}},"14":{"start":{"line":39,"column":8},"end":{"line":39,"column":30}},"15":{"start":{"line":42,"column":8},"end":{"line":42,"column":26}},"16":{"start":{"line":46,"column":2},"end":{"line":46,"column":88}},"17":{"start":{"line":46,"column":15},"end":{"line":46,"column":88}},"18":{"start":{"line":47,"column":2},"end":{"line":47,"column":69}},"19":{"start":{"line":47,"column":13},"end":{"line":47,"column":69}},"20":{"start":{"line":48,"column":2},"end":{"line":48,"column":28}},"21":{"start":{"line":48,"column":16},"end":{"line":48,"column":28}},"22":{"start":{"line":50,"column":19},"end":{"line":50,"column":47}},"23":{"start":{"line":51,"column":15},"end":{"line":51,"column":57}},"24":{"start":{"line":53,"column":2},"end":{"line":104,"column":4}},"25":{"start":{"line":64,"column":12},"end":{"line":97,"column":18}},"26":{"start":{"line":107,"column":0},"end":{"line":109,"column":2}}},"fnMap":{"0":{"name":"(anonymous_0)","decl":{"start":{"line":10,"column":25},"end":{"line":10,"column":26}},"loc":{"start":{"line":10,"column":33},"end":{"line":12,"column":1}},"line":10},"1":{"name":"NeoWsApp","decl":{"start":{"line":21,"column":24},"end":{"line":21,"column":32}},"loc":{"start":{"line":21,"column":65},"end":{"line":105,"column":1}},"line":21},"2":{"name":"(anonymous_2)","decl":{"start":{"line":26,"column":12},"end":{"line":26,"column":13}},"loc":{"start":{"line":26,"column":18},"end":{"line":44,"column":3}},"line":26},"3":{"name":"(anonymous_3)","decl":{"start":{"line":33,"column":12},"end":{"line":33,"column":13}},"loc":{"start":{"line":33,"column":19},"end":{"line":36,"column":7}},"line":33},"4":{"name":"(anonymous_4)","decl":{"start":{"line":37,"column":13},"end":{"line":37,"column":14}},"loc":{"start":{"line":37,"column":20},"end":{"line":40,"column":7}},"line":37},"5":{"name":"(anonymous_5)","decl":{"start":{"line":41,"column":15},"end":{"line":41,"column":16}},"loc":{"start":{"line":41,"column":21},"end":{"line":43,"column":7}},"line":41},"6":{"name":"(anonymous_6)","decl":{"start":{"line":63,"column":19},"end":{"line":63,"column":20}},"loc":{"start":{"line":64,"column":12},"end":{"line":97,"column":18}},"line":64}},"branchMap":{"0":{"loc":{"start":{"line":21,"column":45},"end":{"line":21,"column":61}},"type":"default-arg","locations":[{"start":{"line":21,"column":57},"end":{"line":21,"column":61}}],"line":21},"1":{"loc":{"start":{"line":46,"column":2},"end":{"line":46,"column":88}},"type":"if","locations":[{"start":{"line":46,"column":2},"end":{"line":46,"column":88}},{"start":{},"end":{}}],"line":46},"2":{"loc":{"start":{"line":47,"column":2},"end":{"line":47,"column":69}},"type":"if","locations":[{"start":{"line":47,"column":2},"end":{"line":47,"column":69}},{"start":{},"end":{}}],"line":47},"3":{"loc":{"start":{"line":48,"column":2},"end":{"line":48,"column":28}},"type":"if","locations":[{"start":{"line":48,"column":2},"end":{"line":48,"column":28}},{"start":{},"end":{}}],"line":48},"4":{"loc":{"start":{"line":51,"column":15},"end":{"line":51,"column":57}},"type":"binary-expr","locations":[{"start":{"line":51,"column":15},"end":{"line":51,"column":51}},{"start":{"line":51,"column":55},"end":{"line":51,"column":57}}],"line":51},"5":{"loc":{"start":{"line":62,"column":9},"end":{"line":101,"column":9}},"type":"cond-expr","locations":[{"start":{"line":63,"column":10},"end":{"line":98,"column":12}},{"start":{"line":100,"column":10},"end":{"line":100,"column":80}}],"line":62},"6":{"loc":{"start":{"line":77,"column":19},"end":{"line":81,"column":19}},"type":"cond-expr","locations":[{"start":{"line":78,"column":20},"end":{"line":78,"column":65}},{"start":{"line":80,"column":20},"end":{"line":80,"column":24}}],"line":77},"7":{"loc":{"start":{"line":87,"column":17},"end":{"line":95,"column":17}},"type":"binary-expr","locations":[{"start":{"line":87,"column":17},"end":{"line":87,"column":40}},{"start":{"line":87,"column":44},"end":{"line":87,"column":78}},{"start":{"line":88,"column":18},"end":{"line":94,"column":24}}],"line":87}},"s":{"0":1,"1":31,"2":23,"3":23,"4":23,"5":23,"6":12,"7":12,"8":12,"9":12,"10":12,"11":9,"12":9,"13":2,"14":2,"15":11,"16":23,"17":12,"18":11,"19":2,"20":9,"21":2,"22":7,"23":7,"24":7,"25":11,"26":1},"f":{"0":31,"1":23,"2":12,"3":9,"4":2,"5":11,"6":11},"b":{"0":[23],"1":[12,11],"2":[2,9],"3":[2,7],"4":[7,0],"5":[6,1],"6":[5,6],"7":[11,10,10]},"_coverageSchema":"1a1c01bbd47fc00a2c39e90264f33305004495a9","hash":"faf46b47cf0e346a852182072bf55e1f2ecfde29"}
,"/Users/edsaga/stylesnprofiles/client/src/components/apps/ResourceNavigatorApp.js": {"path":"/Users/edsaga/stylesnprofiles/client/src/components/apps/ResourceNavigatorApp.js","statementMap":{"0":{"start":{"line":13,"column":28},"end":{"line":13,"column":40}},"1":{"start":{"line":14,"column":32},"end":{"line":14,"column":46}},"2":{"start":{"line":15,"column":28},"end":{"line":15,"column":42}},"3":{"start":{"line":16,"column":30},"end":{"line":16,"column":42}},"4":{"start":{"line":18,"column":21},"end":{"line":32,"column":3}},"5":{"start":{"line":19,"column":4},"end":{"line":19,"column":21}},"6":{"start":{"line":20,"column":4},"end":{"line":31,"column":9}},"7":{"start":{"line":22,"column":8},"end":{"line":22,"column":27}},"8":{"start":{"line":23,"column":8},"end":{"line":23,"column":23}},"9":{"start":{"line":26,"column":8},"end":{"line":26,"column":59}},"10":{"start":{"line":27,"column":8},"end":{"line":27,"column":30}},"11":{"start":{"line":30,"column":8},"end":{"line":30,"column":26}},"12":{"start":{"line":34,"column":2},"end":{"line":36,"column":9}},"13":{"start":{"line":35,"column":4},"end":{"line":35,"column":17}},"14":{"start":{"line":38,"column":23},"end":{"line":49,"column":3}},"15":{"start":{"line":39,"column":4},"end":{"line":39,"column":23}},"16":{"start":{"line":40,"column":4},"end":{"line":48,"column":5}},"17":{"start":{"line":42,"column":6},"end":{"line":42,"column":84}},"18":{"start":{"line":42,"column":38},"end":{"line":42,"column":82}},"19":{"start":{"line":47,"column":6},"end":{"line":47,"column":76}},"20":{"start":{"line":51,"column":2},"end":{"line":51,"column":85}},"21":{"start":{"line":51,"column":15},"end":{"line":51,"column":85}},"22":{"start":{"line":52,"column":2},"end":{"line":52,"column":69}},"23":{"start":{"line":52,"column":13},"end":{"line":52,"column":69}},"24":{"start":{"line":54,"column":2},"end":{"line":127,"column":4}},"25":{"start":{"line":68,"column":27},"end":{"line":68,"column":52}},"26":{"start":{"line":74,"column":63},"end":{"line":74,"column":76}},"27":{"start":{"line":96,"column":12},"end":{"line":116,"column":18}},"28":{"start":{"line":130,"column":0},"end":{"line":132,"column":2}},"29":{"start":{"line":134,"column":0},"end":{"line":136,"column":2}}},"fnMap":{"0":{"name":"ResourceNavigatorApp","decl":{"start":{"line":12,"column":24},"end":{"line":12,"column":44}},"loc":{"start":{"line":12,"column":70},"end":{"line":128,"column":1}},"line":12},"1":{"name":"(anonymous_1)","decl":{"start":{"line":18,"column":21},"end":{"line":18,"column":22}},"loc":{"start":{"line":18,"column":27},"end":{"line":32,"column":3}},"line":18},"2":{"name":"(anonymous_2)","decl":{"start":{"line":21,"column":12},"end":{"line":21,"column":13}},"loc":{"start":{"line":21,"column":19},"end":{"line":24,"column":7}},"line":21},"3":{"name":"(anonymous_3)","decl":{"start":{"line":25,"column":13},"end":{"line":25,"column":14}},"loc":{"start":{"line":25,"column":20},"end":{"line":28,"column":7}},"line":25},"4":{"name":"(anonymous_4)","decl":{"start":{"line":29,"column":15},"end":{"line":29,"column":16}},"loc":{"start":{"line":29,"column":21},"end":{"line":31,"column":7}},"line":29},"5":{"name":"(anonymous_5)","decl":{"start":{"line":34,"column":12},"end":{"line":34,"column":13}},"loc":{"start":{"line":34,"column":18},"end":{"line":36,"column":3}},"line":34},"6":{"name":"(anonymous_6)","decl":{"start":{"line":38,"column":23},"end":{"line":38,"column":24}},"loc":{"start":{"line":38,"column":28},"end":{"line":49,"column":3}},"line":38},"7":{"name":"(anonymous_7)","decl":{"start":{"line":42,"column":31},"end":{"line":42,"column":32}},"loc":{"start":{"line":42,"column":38},"end":{"line":42,"column":82}},"line":42},"8":{"name":"(anonymous_8)","decl":{"start":{"line":68,"column":22},"end":{"line":68,"column":23}},"loc":{"start":{"line":68,"column":27},"end":{"line":68,"column":52}},"line":68},"9":{"name":"(anonymous_9)","decl":{"start":{"line":74,"column":57},"end":{"line":74,"column":58}},"loc":{"start":{"line":74,"column":63},"end":{"line":74,"column":76}},"line":74},"10":{"name":"(anonymous_10)","decl":{"start":{"line":95,"column":20},"end":{"line":95,"column":21}},"loc":{"start":{"line":96,"column":12},"end":{"line":116,"column":18}},"line":96}},"branchMap":{"0":{"loc":{"start":{"line":40,"column":4},"end":{"line":48,"column":5}},"type":"if","locations":[{"start":{"line":40,"column":4},"end":{"line":48,"column":5}},{"start":{},"end":{}}],"line":40},"1":{"loc":{"start":{"line":51,"column":2},"end":{"line":51,"column":85}},"type":"if","locations":[{"start":{"line":51,"column":2},"end":{"line":51,"column":85}},{"start":{},"end":{}}],"line":51},"2":{"loc":{"start":{"line":52,"column":2},"end":{"line":52,"column":69}},"type":"if","locations":[{"start":{"line":52,"column":2},"end":{"line":52,"column":69}},{"start":{},"end":{}}],"line":52},"3":{"loc":{"start":{"line":94,"column":9},"end":{"line":124,"column":9}},"type":"cond-expr","locations":[{"start":{"line":95,"column":10},"end":{"line":117,"column":12}},{"start":{"line":119,"column":10},"end":{"line":123,"column":16}}],"line":94},"4":{"loc":{"start":{"line":109,"column":24},"end":{"line":109,"column":60}},"type":"binary-expr","locations":[{"start":{"line":109,"column":24},"end":{"line":109,"column":40}},{"start":{"line":109,"column":44},"end":{"line":109,"column":60}}],"line":109}},"s":{"0":0,"1":0,"2":0,"3":0,"4":0,"5":0,"6":0,"7":0,"8":0,"9":0,"10":0,"11":0,"12":0,"13":0,"14":0,"15":0,"16":0,"17":0,"18":0,"19":0,"20":0,"21":0,"22":0,"23":0,"24":0,"25":0,"26":0,"27":0,"28":0,"29":0},"f":{"0":0,"1":0,"2":0,"3":0,"4":0,"5":0,"6":0,"7":0,"8":0,"9":0,"10":0},"b":{"0":[0,0],"1":[0,0],"2":[0,0],"3":[0,0],"4":[0,0]}}
,"/Users/edsaga/stylesnprofiles/client/src/components/system6/Desktop.js": {"path":"/Users/edsaga/stylesnprofiles/client/src/components/system6/Desktop.js","statementMap":{"0":{"start":{"line":12,"column":31},"end":{"line":12,"column":40}},"1":{"start":{"line":13,"column":19},"end":{"line":13,"column":31}},"2":{"start":{"line":15,"column":2},"end":{"line":53,"column":4}},"3":{"start":{"line":22,"column":31},"end":{"line":22,"column":46}},"4":{"start":{"line":27,"column":31},"end":{"line":27,"column":45}},"5":{"start":{"line":32,"column":31},"end":{"line":32,"column":51}},"6":{"start":{"line":38,"column":8},"end":{"line":50,"column":17}}},"fnMap":{"0":{"name":"Desktop","decl":{"start":{"line":11,"column":24},"end":{"line":11,"column":31}},"loc":{"start":{"line":11,"column":34},"end":{"line":54,"column":1}},"line":11},"1":{"name":"(anonymous_1)","decl":{"start":{"line":22,"column":25},"end":{"line":22,"column":26}},"loc":{"start":{"line":22,"column":31},"end":{"line":22,"column":46}},"line":22},"2":{"name":"(anonymous_2)","decl":{"start":{"line":27,"column":25},"end":{"line":27,"column":26}},"loc":{"start":{"line":27,"column":31},"end":{"line":27,"column":45}},"line":27},"3":{"name":"(anonymous_3)","decl":{"start":{"line":32,"column":25},"end":{"line":32,"column":26}},"loc":{"start":{"line":32,"column":31},"end":{"line":32,"column":51}},"line":32},"4":{"name":"(anonymous_4)","decl":{"start":{"line":37,"column":19},"end":{"line":37,"column":20}},"loc":{"start":{"line":38,"column":8},"end":{"line":50,"column":17}},"line":38}},"branchMap":{},"s":{"0":11,"1":11,"2":11,"3":4,"4":1,"5":1,"6":3},"f":{"0":11,"1":4,"2":1,"3":1,"4":3},"b":{},"_coverageSchema":"1a1c01bbd47fc00a2c39e90264f33305004495a9","hash":"5f711e0126383f8c1a95c47472a0cf504e1f725d"}
,"/Users/edsaga/stylesnprofiles/client/src/components/system6/DesktopIcon.js": {"path":"/Users/edsaga/stylesnprofiles/client/src/components/system6/DesktopIcon.js","statementMap":{"0":{"start":{"line":14,"column":2},"end":{"line":19,"column":4}},"1":{"start":{"line":22,"column":0},"end":{"line":26,"column":2}}},"fnMap":{"0":{"name":"DesktopIcon","decl":{"start":{"line":13,"column":24},"end":{"line":13,"column":35}},"loc":{"start":{"line":13,"column":68},"end":{"line":20,"column":1}},"line":13}},"branchMap":{},"s":{"0":24,"1":1},"f":{"0":24},"b":{},"_coverageSchema":"1a1c01bbd47fc00a2c39e90264f33305004495a9","hash":"b5ba91517c890cfeccff98e1de525bb612f2b7b4"}
,"/Users/edsaga/stylesnprofiles/client/src/components/system6/MenuBar.js": {"path":"/Users/edsaga/stylesnprofiles/client/src/components/system6/MenuBar.js","statementMap":{"0":{"start":{"line":9,"column":26},"end":{"line":9,"column":46}},"1":{"start":{"line":11,"column":2},"end":{"line":14,"column":9}},"2":{"start":{"line":12,"column":18},"end":{"line":12,"column":67}},"3":{"start":{"line":12,"column":36},"end":{"line":12,"column":55}},"4":{"start":{"line":13,"column":4},"end":{"line":13,"column":38}},"5":{"start":{"line":13,"column":17},"end":{"line":13,"column":37}},"6":{"start":{"line":21,"column":21},"end":{"line":31,"column":3}},"7":{"start":{"line":23,"column":4},"end":{"line":25,"column":5}},"8":{"start":{"line":24,"column":6},"end":{"line":24,"column":24}},"9":{"start":{"line":26,"column":4},"end":{"line":30,"column":7}},"10":{"start":{"line":33,"column":2},"end":{"line":46,"column":4}}},"fnMap":{"0":{"name":"MenuBar","decl":{"start":{"line":8,"column":24},"end":{"line":8,"column":31}},"loc":{"start":{"line":8,"column":34},"end":{"line":47,"column":1}},"line":8},"1":{"name":"(anonymous_1)","decl":{"start":{"line":11,"column":18},"end":{"line":11,"column":19}},"loc":{"start":{"line":11,"column":24},"end":{"line":14,"column":3}},"line":11},"2":{"name":"(anonymous_2)","decl":{"start":{"line":12,"column":30},"end":{"line":12,"column":31}},"loc":{"start":{"line":12,"column":36},"end":{"line":12,"column":55}},"line":12},"3":{"name":"(anonymous_3)","decl":{"start":{"line":13,"column":11},"end":{"line":13,"column":12}},"loc":{"start":{"line":13,"column":17},"end":{"line":13,"column":37}},"line":13},"4":{"name":"(anonymous_4)","decl":{"start":{"line":21,"column":21},"end":{"line":21,"column":22}},"loc":{"start":{"line":21,"column":29},"end":{"line":31,"column":3}},"line":21}},"branchMap":{"0":{"loc":{"start":{"line":23,"column":4},"end":{"line":25,"column":5}},"type":"if","locations":[{"start":{"line":23,"column":4},"end":{"line":25,"column":5}},{"start":{},"end":{}}],"line":23},"1":{"loc":{"start":{"line":23,"column":8},"end":{"line":23,"column":62}},"type":"binary-expr","locations":[{"start":{"line":23,"column":8},"end":{"line":23,"column":13}},{"start":{"line":23,"column":17},"end":{"line":23,"column":62}}],"line":23}},"s":{"0":8,"1":8,"2":8,"3":0,"4":8,"5":8,"6":8,"7":8,"8":0,"9":8,"10":8},"f":{"0":8,"1":8,"2":0,"3":8,"4":8},"b":{"0":[0,8],"1":[8,8]},"_coverageSchema":"1a1c01bbd47fc00a2c39e90264f33305004495a9","hash":"585052b865c168438ba7b4094634edbfc7fd7494"}
,"/Users/edsaga/stylesnprofiles/client/src/components/system6/Window.js": {"path":"/Users/edsaga/stylesnprofiles/client/src/components/system6/Window.js","statementMap":{"0":{"start":{"line":30,"column":47},"end":{"line":30,"column":56}},"1":{"start":{"line":31,"column":34},"end":{"line":31,"column":52}},"2":{"start":{"line":32,"column":38},"end":{"line":32,"column":53}},"3":{"start":{"line":33,"column":23},"end":{"line":33,"column":45}},"4":{"start":{"line":34,"column":25},"end":{"line":34,"column":47}},"5":{"start":{"line":35,"column":20},"end":{"line":35,"column":32}},"6":{"start":{"line":37,"column":19},"end":{"line":37,"column":44}},"7":{"start":{"line":40,"column":2},"end":{"line":44,"column":17}},"8":{"start":{"line":41,"column":4},"end":{"line":43,"column":5}},"9":{"start":{"line":42,"column":6},"end":{"line":42,"column":32}},"10":{"start":{"line":46,"column":26},"end":{"line":59,"column":3}},"11":{"start":{"line":47,"column":4},"end":{"line":47,"column":23}},"12":{"start":{"line":50,"column":4},"end":{"line":58,"column":5}},"13":{"start":{"line":51,"column":6},"end":{"line":51,"column":26}},"14":{"start":{"line":52,"column":6},"end":{"line":52,"column":60}},"15":{"start":{"line":53,"column":6},"end":{"line":53,"column":47}},"16":{"start":{"line":56,"column":6},"end":{"line":56,"column":25}},"17":{"start":{"line":57,"column":6},"end":{"line":57,"column":46}},"18":{"start":{"line":61,"column":26},"end":{"line":74,"column":3}},"19":{"start":{"line":63,"column":6},"end":{"line":63,"column":30}},"20":{"start":{"line":63,"column":23},"end":{"line":63,"column":30}},"21":{"start":{"line":65,"column":21},"end":{"line":65,"column":55}},"22":{"start":{"line":66,"column":21},"end":{"line":66,"column":55}},"23":{"start":{"line":68,"column":19},"end":{"line":68,"column":65}},"24":{"start":{"line":69,"column":19},"end":{"line":69,"column":65}},"25":{"start":{"line":71,"column":6},"end":{"line":71,"column":40}},"26":{"start":{"line":76,"column":24},"end":{"line":81,"column":18}},"27":{"start":{"line":77,"column":4},"end":{"line":80,"column":5}},"28":{"start":{"line":78,"column":6},"end":{"line":78,"column":27}},"29":{"start":{"line":79,"column":6},"end":{"line":79,"column":42}},"30":{"start":{"line":84,"column":2},"end":{"line":94,"column":51}},"31":{"start":{"line":85,"column":4},"end":{"line":93,"column":5}},"32":{"start":{"line":86,"column":6},"end":{"line":86,"column":62}},"33":{"start":{"line":87,"column":6},"end":{"line":87,"column":58}},"34":{"start":{"line":89,"column":6},"end":{"line":92,"column":8}},"35":{"start":{"line":90,"column":8},"end":{"line":90,"column":67}},"36":{"start":{"line":91,"column":8},"end":{"line":91,"column":63}},"37":{"start":{"line":96,"column":2},"end":{"line":132,"column":4}},"38":{"start":{"line":120,"column":12},"end":{"line":120,"column":32}},"39":{"start":{"line":121,"column":12},"end":{"line":121,"column":31}},"40":{"start":{"line":135,"column":0},"end":{"line":144,"column":2}}},"fnMap":{"0":{"name":"Window","decl":{"start":{"line":20,"column":24},"end":{"line":20,"column":30}},"loc":{"start":{"line":29,"column":3},"end":{"line":133,"column":1}},"line":29},"1":{"name":"(anonymous_1)","decl":{"start":{"line":40,"column":12},"end":{"line":40,"column":13}},"loc":{"start":{"line":40,"column":18},"end":{"line":44,"column":3}},"line":40},"2":{"name":"(anonymous_2)","decl":{"start":{"line":46,"column":26},"end":{"line":46,"column":27}},"loc":{"start":{"line":46,"column":31},"end":{"line":59,"column":3}},"line":46},"3":{"name":"(anonymous_3)","decl":{"start":{"line":62,"column":4},"end":{"line":62,"column":5}},"loc":{"start":{"line":62,"column":9},"end":{"line":72,"column":5}},"line":62},"4":{"name":"(anonymous_4)","decl":{"start":{"line":76,"column":36},"end":{"line":76,"column":37}},"loc":{"start":{"line":76,"column":42},"end":{"line":81,"column":3}},"line":76},"5":{"name":"(anonymous_5)","decl":{"start":{"line":84,"column":12},"end":{"line":84,"column":13}},"loc":{"start":{"line":84,"column":18},"end":{"line":94,"column":3}},"line":84},"6":{"name":"(anonymous_6)","decl":{"start":{"line":89,"column":13},"end":{"line":89,"column":14}},"loc":{"start":{"line":89,"column":19},"end":{"line":92,"column":7}},"line":89},"7":{"name":"(anonymous_7)","decl":{"start":{"line":119,"column":19},"end":{"line":119,"column":20}},"loc":{"start":{"line":119,"column":24},"end":{"line":122,"column":11}},"line":119}},"branchMap":{"0":{"loc":{"start":{"line":25,"column":2},"end":{"line":25,"column":9}},"type":"default-arg","locations":[{"start":{"line":25,"column":6},"end":{"line":25,"column":9}}],"line":25},"1":{"loc":{"start":{"line":26,"column":2},"end":{"line":26,"column":9}},"type":"default-arg","locations":[{"start":{"line":26,"column":6},"end":{"line":26,"column":9}}],"line":26},"2":{"loc":{"start":{"line":27,"column":2},"end":{"line":27,"column":13}},"type":"default-arg","locations":[{"start":{"line":27,"column":10},"end":{"line":27,"column":13}}],"line":27},"3":{"loc":{"start":{"line":28,"column":2},"end":{"line":28,"column":14}},"type":"default-arg","locations":[{"start":{"line":28,"column":11},"end":{"line":28,"column":14}}],"line":28},"4":{"loc":{"start":{"line":41,"column":4},"end":{"line":43,"column":5}},"type":"if","locations":[{"start":{"line":41,"column":4},"end":{"line":43,"column":5}},{"start":{},"end":{}}],"line":41},"5":{"loc":{"start":{"line":41,"column":8},"end":{"line":41,"column":37}},"type":"binary-expr","locations":[{"start":{"line":41,"column":8},"end":{"line":41,"column":16}},{"start":{"line":41,"column":20},"end":{"line":41,"column":37}}],"line":41},"6":{"loc":{"start":{"line":50,"column":4},"end":{"line":58,"column":5}},"type":"if","locations":[{"start":{"line":50,"column":4},"end":{"line":58,"column":5}},{"start":{},"end":{}}],"line":50},"7":{"loc":{"start":{"line":63,"column":6},"end":{"line":63,"column":30}},"type":"if","locations":[{"start":{"line":63,"column":6},"end":{"line":63,"column":30}},{"start":{},"end":{}}],"line":63},"8":{"loc":{"start":{"line":77,"column":4},"end":{"line":80,"column":5}},"type":"if","locations":[{"start":{"line":77,"column":4},"end":{"line":80,"column":5}},{"start":{},"end":{}}],"line":77},"9":{"loc":{"start":{"line":85,"column":4},"end":{"line":93,"column":5}},"type":"if","locations":[{"start":{"line":85,"column":4},"end":{"line":93,"column":5}},{"start":{},"end":{}}],"line":85},"10":{"loc":{"start":{"line":106,"column":16},"end":{"line":106,"column":47}},"type":"cond-expr","locations":[{"start":{"line":106,"column":29},"end":{"line":106,"column":35}},{"start":{"line":106,"column":38},"end":{"line":106,"column":47}}],"line":106}},"s":{"0":14,"1":14,"2":14,"3":14,"4":14,"5":14,"6":14,"7":14,"8":14,"9":0,"10":14,"11":1,"12":1,"13":0,"14":0,"15":0,"16":0,"17":0,"18":14,"19":0,"20":0,"21":0,"22":0,"23":0,"24":0,"25":0,"26":14,"27":0,"28":0,"29":0,"30":14,"31":14,"32":0,"33":0,"34":0,"35":0,"36":0,"37":14,"38":2,"39":2,"40":1},"f":{"0":14,"1":14,"2":1,"3":0,"4":0,"5":14,"6":0,"7":2},"b":{"0":[13],"1":[13],"2":[13],"3":[13],"4":[0,14],"5":[14,0],"6":[0,1],"7":[0,0],"8":[0,0],"9":[0,14],"10":[0,14]},"_coverageSchema":"1a1c01bbd47fc00a2c39e90264f33305004495a9","hash":"12b7bfbba9ce8607cac7e623df2afc6bb165d0de"}
,"/Users/edsaga/stylesnprofiles/client/src/contexts/AppContext.js": {"path":"/Users/edsaga/stylesnprofiles/client/src/contexts/AppContext.js","statementMap":{"0":{"start":{"line":7,"column":19},"end":{"line":7,"column":34}},"1":{"start":{"line":10,"column":13},"end":{"line":35,"column":1}},"2":{"start":{"line":15,"column":24},"end":{"line":15,"column":46}},"3":{"start":{"line":23,"column":24},"end":{"line":23,"column":47}},"4":{"start":{"line":31,"column":24},"end":{"line":31,"column":59}},"5":{"start":{"line":37,"column":27},"end":{"line":98,"column":1}},"6":{"start":{"line":38,"column":32},"end":{"line":38,"column":44}},"7":{"start":{"line":39,"column":38},"end":{"line":39,"column":50}},"8":{"start":{"line":40,"column":42},"end":{"line":40,"column":56}},"9":{"start":{"line":42,"column":18},"end":{"line":63,"column":3}},"10":{"start":{"line":44,"column":18},"end":{"line":44,"column":29}},"11":{"start":{"line":45,"column":6},"end":{"line":45,"column":23}},"12":{"start":{"line":45,"column":16},"end":{"line":45,"column":23}},"13":{"start":{"line":47,"column":26},"end":{"line":47,"column":50}},"14":{"start":{"line":48,"column":24},"end":{"line":48,"column":38}},"15":{"start":{"line":50,"column":24},"end":{"line":56,"column":7}},"16":{"start":{"line":58,"column":6},"end":{"line":58,"column":47}},"17":{"start":{"line":58,"column":25},"end":{"line":58,"column":45}},"18":{"start":{"line":59,"column":6},"end":{"line":59,"column":31}},"19":{"start":{"line":60,"column":6},"end":{"line":60,"column":35}},"20":{"start":{"line":65,"column":19},"end":{"line":73,"column":3}},"21":{"start":{"line":67,"column":6},"end":{"line":67,"column":68}},"22":{"start":{"line":67,"column":25},"end":{"line":67,"column":66}},"23":{"start":{"line":67,"column":42},"end":{"line":67,"column":65}},"24":{"start":{"line":68,"column":6},"end":{"line":70,"column":7}},"25":{"start":{"line":69,"column":8},"end":{"line":69,"column":30}},"26":{"start":{"line":75,"column":19},"end":{"line":87,"column":3}},"27":{"start":{"line":77,"column":6},"end":{"line":77,"column":44}},"28":{"start":{"line":77,"column":37},"end":{"line":77,"column":44}},"29":{"start":{"line":79,"column":24},"end":{"line":79,"column":38}},"30":{"start":{"line":80,"column":6},"end":{"line":80,"column":31}},"31":{"start":{"line":81,"column":6},"end":{"line":83,"column":8}},"32":{"start":{"line":82,"column":8},"end":{"line":82,"column":82}},"33":{"start":{"line":82,"column":23},"end":{"line":82,"column":80}},"34":{"start":{"line":84,"column":6},"end":{"line":84,"column":32}},"35":{"start":{"line":89,"column":16},"end":{"line":95,"column":3}},"36":{"start":{"line":97,"column":2},"end":{"line":97,"column":77}},"37":{"start":{"line":100,"column":0},"end":{"line":102,"column":2}},"38":{"start":{"line":104,"column":23},"end":{"line":106,"column":1}},"39":{"start":{"line":105,"column":2},"end":{"line":105,"column":32}},"40":{"start":{"line":108,"column":26},"end":{"line":110,"column":1}},"41":{"start":{"line":109,"column":2},"end":{"line":109,"column":18}}},"fnMap":{"0":{"name":"(anonymous_0)","decl":{"start":{"line":15,"column":15},"end":{"line":15,"column":16}},"loc":{"start":{"line":15,"column":24},"end":{"line":15,"column":46}},"line":15},"1":{"name":"(anonymous_1)","decl":{"start":{"line":23,"column":15},"end":{"line":23,"column":16}},"loc":{"start":{"line":23,"column":24},"end":{"line":23,"column":47}},"line":23},"2":{"name":"(anonymous_2)","decl":{"start":{"line":31,"column":15},"end":{"line":31,"column":16}},"loc":{"start":{"line":31,"column":24},"end":{"line":31,"column":59}},"line":31},"3":{"name":"(anonymous_3)","decl":{"start":{"line":37,"column":27},"end":{"line":37,"column":28}},"loc":{"start":{"line":37,"column":45},"end":{"line":98,"column":1}},"line":37},"4":{"name":"(anonymous_4)","decl":{"start":{"line":43,"column":4},"end":{"line":43,"column":5}},"loc":{"start":{"line":43,"column":13},"end":{"line":61,"column":5}},"line":43},"5":{"name":"(anonymous_5)","decl":{"start":{"line":58,"column":17},"end":{"line":58,"column":18}},"loc":{"start":{"line":58,"column":25},"end":{"line":58,"column":45}},"line":58},"6":{"name":"(anonymous_6)","decl":{"start":{"line":66,"column":4},"end":{"line":66,"column":5}},"loc":{"start":{"line":66,"column":16},"end":{"line":71,"column":5}},"line":66},"7":{"name":"(anonymous_7)","decl":{"start":{"line":67,"column":17},"end":{"line":67,"column":18}},"loc":{"start":{"line":67,"column":25},"end":{"line":67,"column":66}},"line":67},"8":{"name":"(anonymous_8)","decl":{"start":{"line":67,"column":37},"end":{"line":67,"column":38}},"loc":{"start":{"line":67,"column":42},"end":{"line":67,"column":65}},"line":67},"9":{"name":"(anonymous_9)","decl":{"start":{"line":76,"column":4},"end":{"line":76,"column":5}},"loc":{"start":{"line":76,"column":16},"end":{"line":85,"column":5}},"line":76},"10":{"name":"(anonymous_10)","decl":{"start":{"line":81,"column":17},"end":{"line":81,"column":18}},"loc":{"start":{"line":82,"column":8},"end":{"line":82,"column":82}},"line":82},"11":{"name":"(anonymous_11)","decl":{"start":{"line":82,"column":17},"end":{"line":82,"column":18}},"loc":{"start":{"line":82,"column":23},"end":{"line":82,"column":80}},"line":82},"12":{"name":"(anonymous_12)","decl":{"start":{"line":104,"column":23},"end":{"line":104,"column":24}},"loc":{"start":{"line":104,"column":29},"end":{"line":106,"column":1}},"line":104},"13":{"name":"(anonymous_13)","decl":{"start":{"line":108,"column":26},"end":{"line":108,"column":27}},"loc":{"start":{"line":108,"column":32},"end":{"line":110,"column":1}},"line":108}},"branchMap":{"0":{"loc":{"start":{"line":45,"column":6},"end":{"line":45,"column":23}},"type":"if","locations":[{"start":{"line":45,"column":6},"end":{"line":45,"column":23}},{"start":{},"end":{}}],"line":45},"1":{"loc":{"start":{"line":68,"column":6},"end":{"line":70,"column":7}},"type":"if","locations":[{"start":{"line":68,"column":6},"end":{"line":70,"column":7}},{"start":{},"end":{}}],"line":68},"2":{"loc":{"start":{"line":77,"column":6},"end":{"line":77,"column":44}},"type":"if","locations":[{"start":{"line":77,"column":6},"end":{"line":77,"column":44}},{"start":{},"end":{}}],"line":77},"3":{"loc":{"start":{"line":82,"column":23},"end":{"line":82,"column":80}},"type":"cond-expr","locations":[{"start":{"line":82,"column":49},"end":{"line":82,"column":76}},{"start":{"line":82,"column":79},"end":{"line":82,"column":80}}],"line":82}},"s":{"0":0,"1":0,"2":0,"3":0,"4":0,"5":0,"6":0,"7":0,"8":0,"9":0,"10":0,"11":0,"12":0,"13":0,"14":0,"15":0,"16":0,"17":0,"18":0,"19":0,"20":0,"21":0,"22":0,"23":0,"24":0,"25":0,"26":0,"27":0,"28":0,"29":0,"30":0,"31":0,"32":0,"33":0,"34":0,"35":0,"36":0,"37":0,"38":0,"39":0,"40":0,"41":0},"f":{"0":0,"1":0,"2":0,"3":0,"4":0,"5":0,"6":0,"7":0,"8":0,"9":0,"10":0,"11":0,"12":0,"13":0},"b":{"0":[0,0],"1":[0,0],"2":[0,0],"3":[0,0]}}
,"/Users/edsaga/stylesnprofiles/client/src/services/nasaApi.js": {"path":"/Users/edsaga/stylesnprofiles/client/src/services/nasaApi.js","statementMap":{"0":{"start":{"line":15,"column":17},"end":{"line":17,"column":2}},"1":{"start":{"line":38,"column":23},"end":{"line":40,"column":1}},"2":{"start":{"line":39,"column":2},"end":{"line":39,"column":58}},"3":{"start":{"line":57,"column":26},"end":{"line":61,"column":1}},"4":{"start":{"line":58,"column":2},"end":{"line":60,"column":5}},"5":{"start":{"line":86,"column":29},"end":{"line":88,"column":1}},"6":{"start":{"line":87,"column":2},"end":{"line":87,"column":42}},"7":{"start":{"line":113,"column":24},"end":{"line":115,"column":1}},"8":{"start":{"line":114,"column":2},"end":{"line":114,"column":53}},"9":{"start":{"line":134,"column":26},"end":{"line":136,"column":1}},"10":{"start":{"line":135,"column":2},"end":{"line":135,"column":62}}},"fnMap":{"0":{"name":"(anonymous_0)","decl":{"start":{"line":38,"column":23},"end":{"line":38,"column":24}},"loc":{"start":{"line":38,"column":40},"end":{"line":40,"column":1}},"line":38},"1":{"name":"(anonymous_1)","decl":{"start":{"line":57,"column":26},"end":{"line":57,"column":27}},"loc":{"start":{"line":57,"column":50},"end":{"line":61,"column":1}},"line":57},"2":{"name":"(anonymous_2)","decl":{"start":{"line":86,"column":29},"end":{"line":86,"column":30}},"loc":{"start":{"line":86,"column":35},"end":{"line":88,"column":1}},"line":86},"3":{"name":"(anonymous_3)","decl":{"start":{"line":113,"column":24},"end":{"line":113,"column":25}},"loc":{"start":{"line":113,"column":36},"end":{"line":115,"column":1}},"line":113},"4":{"name":"(anonymous_4)","decl":{"start":{"line":134,"column":26},"end":{"line":134,"column":27}},"loc":{"start":{"line":134,"column":42},"end":{"line":136,"column":1}},"line":134}},"branchMap":{"0":{"loc":{"start":{"line":38,"column":24},"end":{"line":38,"column":35}},"type":"default-arg","locations":[{"start":{"line":38,"column":33},"end":{"line":38,"column":35}}],"line":38}},"s":{"0":2,"1":2,"2":0,"3":2,"4":0,"5":2,"6":0,"7":2,"8":0,"9":2,"10":0},"f":{"0":0,"1":0,"2":0,"3":0,"4":0},"b":{"0":[0]},"_coverageSchema":"1a1c01bbd47fc00a2c39e90264f33305004495a9","hash":"e707afd2344db55c036d63e9661cf4e60371f777"}
}
