TN:
SF:src/services/collectionsService.js
FN:12,(anonymous_0)
FN:32,(anonymous_1)
FN:54,(anonymous_2)
FN:73,(anonymous_3)
FN:91,(anonymous_4)
FN:108,(anonymous_5)
FN:127,(anonymous_6)
FN:148,(anonymous_7)
FNF:8
FNH:8
FNDA:6,(anonymous_0)
FNDA:10,(anonymous_1)
FNDA:5,(anonymous_2)
FNDA:5,(anonymous_3)
FNDA:5,(anonymous_4)
FNDA:4,(anonymous_5)
FNDA:6,(anonymous_6)
FNDA:5,(anonymous_7)
DA:6,1
DA:12,1
DA:13,6
DA:14,6
DA:15,2
DA:17,4
DA:19,4
DA:20,4
DA:21,4
DA:32,1
DA:33,10
DA:34,10
DA:39,6
DA:41,4
DA:43,4
DA:44,4
DA:45,4
DA:54,1
DA:55,5
DA:56,5
DA:57,1
DA:59,4
DA:61,4
DA:62,4
DA:63,4
DA:73,1
DA:74,5
DA:75,5
DA:76,2
DA:78,3
DA:80,3
DA:81,3
DA:82,3
DA:91,1
DA:92,5
DA:93,5
DA:95,4
DA:97,4
DA:98,4
DA:99,4
DA:108,1
DA:109,4
DA:110,4
DA:111,2
DA:113,2
DA:115,2
DA:116,2
DA:117,2
DA:127,1
DA:128,6
DA:129,6
DA:132,1
DA:134,5
DA:136,5
DA:137,5
DA:138,5
DA:148,1
DA:149,5
DA:150,5
DA:152,4
DA:154,4
DA:155,4
DA:156,4
DA:160,1
LF:64
LH:64
BRDA:19,0,0,4
BRDA:19,0,1,3
BRDA:32,1,0,6
BRDA:32,2,0,7
BRDA:43,3,0,4
BRDA:43,3,1,2
BRDA:61,4,0,4
BRDA:61,4,1,1
BRDA:80,5,0,3
BRDA:80,5,1,1
BRDA:97,6,0,4
BRDA:97,6,1,2
BRDA:115,7,0,2
BRDA:115,7,1,1
BRDA:136,8,0,5
BRDA:136,8,1,1
BRDA:154,9,0,4
BRDA:154,9,1,1
BRF:18
BRH:18
end_of_record
TN:
SF:src/services/favoritesService.js
FN:11,getFavorites
FN:28,addFavorite
FN:41,removeFavorite
FN:53,getFavoriteById
FN:69,isFavorited
FNF:5
FNH:5
FNDA:9,getFavorites
FNDA:7,addFavorite
FNDA:5,removeFavorite
FNDA:8,getFavoriteById
FNDA:5,isFavorited
DA:6,1
DA:12,9
DA:13,9
DA:14,9
DA:15,9
DA:17,9
DA:18,6
DA:20,3
DA:21,3
DA:29,7
DA:30,7
DA:31,3
DA:33,4
DA:34,4
DA:42,5
DA:43,5
DA:45,4
DA:46,4
DA:54,8
DA:55,8
DA:56,2
DA:58,6
DA:60,6
DA:61,6
DA:62,6
DA:70,5
DA:71,5
DA:72,1
DA:75,4
DA:76,3
DA:80,1
LF:31
LH:31
BRDA:11,0,0,4
BRDA:11,1,0,5
BRDA:11,2,0,4
BRDA:11,3,0,9
BRDA:14,4,0,4
BRDA:14,4,1,5
BRDA:15,5,0,0
BRDA:15,5,1,9
BRDA:21,6,0,3
BRDA:21,6,1,2
BRDA:34,7,0,4
BRDA:34,7,1,2
BRDA:46,8,0,4
BRDA:46,8,1,2
BRDA:60,9,0,6
BRDA:60,9,1,2
BRDA:75,10,0,1
BRDA:75,10,1,3
BRF:18
BRH:17
end_of_record
